<?xml version="1.0" encoding="UTF-8"?>
<robot generator="Robot 3.1.2 (Python 3.7.6 on win32)" generated="20200129 10:32:57.161" rpa="false">
<suite id="s1" name="Suites">
<suite id="s1-s1" name="Test Copy 3" source="C:\Test_detram\TEST\test copy 3.robot">
<test id="s1-s1-t1" name="CC001 TRAMITES-0T4 (TRAMITES 018 A)(CHROME)">
<kw name="Aleatorio claverfc">
<assign>
<var>${claverfc}</var>
</assign>
<kw name="Get Current Date" library="DateTime">
<doc>Returns current local or UTC time with an optional increment.</doc>
<arguments>
<arg>result_format=%Y-%m-%d %H:%M:%S.%f</arg>
</arguments>
<assign>
<var>${CurrentDate}</var>
</assign>
<msg timestamp="20200129 10:32:57.986" level="INFO">${CurrentDate} = 2020-01-29 10:32:57.985701</msg>
<status status="PASS" starttime="20200129 10:32:57.986" endtime="20200129 10:32:57.986"></status>
</kw>
<kw name="Convert Date" library="DateTime">
<doc>Converts between supported `date formats`.</doc>
<arguments>
<arg>${CurrentDate}</arg>
<arg>datetime</arg>
</arguments>
<assign>
<var>${datetime}</var>
</assign>
<msg timestamp="20200129 10:32:57.986" level="INFO">${datetime} = 2020-01-29 10:32:57.985701</msg>
<status status="PASS" starttime="20200129 10:32:57.986" endtime="20200129 10:32:57.986"></status>
</kw>
<kw name="Generate Random String" library="String">
<doc>Generates a string with a desired ``length`` from the given ``chars``.</doc>
<arguments>
<arg>2</arg>
<arg>[UPPER]</arg>
</arguments>
<assign>
<var>${text}</var>
</assign>
<msg timestamp="20200129 10:32:57.986" level="INFO">${text} = RA</msg>
<status status="PASS" starttime="20200129 10:32:57.986" endtime="20200129 10:32:57.986"></status>
</kw>
<kw name="Generate Random String" library="String">
<doc>Generates a string with a desired ``length`` from the given ``chars``.</doc>
<arguments>
<arg>3</arg>
<arg>[UPPER]</arg>
</arguments>
<assign>
<var>${inc}</var>
</assign>
<msg timestamp="20200129 10:32:57.986" level="INFO">${inc} = QEI</msg>
<status status="PASS" starttime="20200129 10:32:57.986" endtime="20200129 10:32:57.986"></status>
</kw>
<kw name="Generate Random String" library="String">
<doc>Generates a string with a desired ``length`` from the given ``chars``.</doc>
<arguments>
<arg>1</arg>
<arg>[NUMBERS]</arg>
</arguments>
<assign>
<var>${num}</var>
</assign>
<msg timestamp="20200129 10:32:57.986" level="INFO">${num} = 4</msg>
<status status="PASS" starttime="20200129 10:32:57.986" endtime="20200129 10:32:57.986"></status>
</kw>
<msg timestamp="20200129 10:32:57.986" level="INFO">${claverfc} = QEIB740918RA4</msg>
<status status="PASS" starttime="20200129 10:32:57.986" endtime="20200129 10:32:57.986"></status>
</kw>
<kw name="Log" library="BuiltIn">
<doc>Logs the given message with the given level.</doc>
<arguments>
<arg>${claverfc}</arg>
</arguments>
<msg timestamp="20200129 10:32:57.986" level="INFO">QEIB740918RA4</msg>
<status status="PASS" starttime="20200129 10:32:57.986" endtime="20200129 10:32:57.986"></status>
</kw>
<kw name="Login" library="casos">
<arguments>
<arg>${url}</arg>
<arg>chrome</arg>
</arguments>
<kw name="Esperar Iniciar ok" library="recursos">
<arguments>
<arg>5</arg>
</arguments>
<kw name="Set Selenium Timeout" library="SeleniumLibrary">
<doc>Sets the timeout that is used by various keywords.</doc>
<arguments>
<arg>${arg1} seconds</arg>
</arguments>
<status status="PASS" starttime="20200129 10:32:57.986" endtime="20200129 10:32:58.001"></status>
</kw>
<status status="PASS" starttime="20200129 10:32:57.986" endtime="20200129 10:32:58.001"></status>
</kw>
<kw name="Dormir Todos" library="recursos">
<arguments>
<arg>${tiempo}</arg>
</arguments>
<kw name="Set Selenium Speed" library="SeleniumLibrary">
<doc>Sets the delay that is waited after each Selenium command.</doc>
<arguments>
<arg>${arg1} seconds</arg>
</arguments>
<status status="PASS" starttime="20200129 10:32:58.001" endtime="20200129 10:32:58.001"></status>
</kw>
<status status="PASS" starttime="20200129 10:32:58.001" endtime="20200129 10:32:58.001"></status>
</kw>
<kw name="Abrir navegador" library="recursos">
<arguments>
<arg>${arg1}</arg>
<arg>${arg2}</arg>
</arguments>
<kw name="Open Browser" library="SeleniumLibrary">
<doc>Opens a new browser instance to the optional ``url``.</doc>
<arguments>
<arg>${arg1}</arg>
<arg>${arg2}</arg>
</arguments>
<msg timestamp="20200129 10:32:58.001" level="INFO">Opening browser 'chrome' to base url 'http://10.16.3.29/login/init'.</msg>
<status status="PASS" starttime="20200129 10:32:58.001" endtime="20200129 10:33:03.279"></status>
</kw>
<status status="PASS" starttime="20200129 10:32:58.001" endtime="20200129 10:33:03.279"></status>
</kw>
<kw name="Maximizar" library="recursos">
<kw name="Maximize Browser Window" library="SeleniumLibrary">
<doc>Maximizes current browser window.</doc>
<status status="PASS" starttime="20200129 10:33:03.280" endtime="20200129 10:33:04.505"></status>
</kw>
<status status="PASS" starttime="20200129 10:33:03.279" endtime="20200129 10:33:04.506"></status>
</kw>
<kw name="Scroll" library="recursos">
<arguments>
<arg>0</arg>
<arg>200</arg>
</arguments>
<kw name="Execute Javascript" library="SeleniumLibrary">
<doc>Executes the given JavaScript code with possible arguments.</doc>
<arguments>
<arg>window.scrollTo(${arg1},${arg2})</arg>
</arguments>
<msg timestamp="20200129 10:33:04.507" level="INFO">Executing JavaScript:
window.scrollTo(0,200)
Without any arguments.</msg>
<status status="PASS" starttime="20200129 10:33:04.506" endtime="20200129 10:33:04.612"></status>
</kw>
<status status="PASS" starttime="20200129 10:33:04.506" endtime="20200129 10:33:04.612"></status>
</kw>
<kw name="Resultado" library="recursos">
<arguments>
<arg>.5</arg>
<arg>${dir}/Login.png</arg>
<arg>Pantalla Login Ok</arg>
</arguments>
<kw name="Sleep" library="BuiltIn">
<doc>Pauses the test executed for the given time.</doc>
<arguments>
<arg>${tiempo}</arg>
</arguments>
<msg timestamp="20200129 10:33:05.114" level="INFO">Slept 500 milliseconds</msg>
<status status="PASS" starttime="20200129 10:33:04.612" endtime="20200129 10:33:05.114"></status>
</kw>
<kw name="Capture Page Screenshot" library="SeleniumLibrary">
<doc>Takes a screenshot of the current page and embeds it into a log file.</doc>
<arguments>
<arg>${dir}</arg>
</arguments>
<msg timestamp="20200129 10:33:05.545" level="INFO" html="yes">&lt;/td&gt;&lt;/tr&gt;&lt;tr&gt;&lt;td colspan="3"&gt;&lt;a href="Tramites/Login.png"&gt;&lt;img src="Tramites/Login.png" width="800px"&gt;&lt;/a&gt;</msg>
<status status="PASS" starttime="20200129 10:33:05.114" endtime="20200129 10:33:05.545"></status>
</kw>
<kw name="Log To Console" library="BuiltIn">
<doc>Logs the given message to the console.</doc>
<arguments>
<arg>${print}</arg>
</arguments>
<status status="PASS" starttime="20200129 10:33:05.545" endtime="20200129 10:33:05.545"></status>
</kw>
<status status="PASS" starttime="20200129 10:33:04.612" endtime="20200129 10:33:05.545"></status>
</kw>
<kw name="Texto" library="recursos">
<arguments>
<arg>//input[contains(@id,'username')]</arg>
<arg>daniel.badillo</arg>
</arguments>
<kw name="Input Text" library="SeleniumLibrary">
<doc>Types the given ``text`` into the text field identified by ``locator``.</doc>
<arguments>
<arg>xpath=${arg1}</arg>
<arg>${arg2}</arg>
</arguments>
<msg timestamp="20200129 10:33:05.546" level="INFO">Typing text 'daniel.badillo' into text field 'xpath=//input[contains(@id,'username')]'.</msg>
<status status="PASS" starttime="20200129 10:33:05.546" endtime="20200129 10:33:05.965"></status>
</kw>
<status status="PASS" starttime="20200129 10:33:05.546" endtime="20200129 10:33:05.965"></status>
</kw>
<kw name="Texto" library="recursos">
<arguments>
<arg>//input[contains(@id,'password')]</arg>
<arg>test123$</arg>
</arguments>
<kw name="Input Text" library="SeleniumLibrary">
<doc>Types the given ``text`` into the text field identified by ``locator``.</doc>
<arguments>
<arg>xpath=${arg1}</arg>
<arg>${arg2}</arg>
</arguments>
<msg timestamp="20200129 10:33:05.966" level="INFO">Typing text 'test123$' into text field 'xpath=//input[contains(@id,'password')]'.</msg>
<status status="PASS" starttime="20200129 10:33:05.966" endtime="20200129 10:33:06.370"></status>
</kw>
<status status="PASS" starttime="20200129 10:33:05.965" endtime="20200129 10:33:06.370"></status>
</kw>
<kw name="Resultado" library="recursos">
<arguments>
<arg>.5</arg>
<arg>${dir}/Login_password.png</arg>
<arg>Se introducen los datos para el Login</arg>
</arguments>
<kw name="Sleep" library="BuiltIn">
<doc>Pauses the test executed for the given time.</doc>
<arguments>
<arg>${tiempo}</arg>
</arguments>
<msg timestamp="20200129 10:33:06.873" level="INFO">Slept 500 milliseconds</msg>
<status status="PASS" starttime="20200129 10:33:06.372" endtime="20200129 10:33:06.873"></status>
</kw>
<kw name="Capture Page Screenshot" library="SeleniumLibrary">
<doc>Takes a screenshot of the current page and embeds it into a log file.</doc>
<arguments>
<arg>${dir}</arg>
</arguments>
<msg timestamp="20200129 10:33:07.309" level="INFO" html="yes">&lt;/td&gt;&lt;/tr&gt;&lt;tr&gt;&lt;td colspan="3"&gt;&lt;a href="Tramites/Login_password.png"&gt;&lt;img src="Tramites/Login_password.png" width="800px"&gt;&lt;/a&gt;</msg>
<status status="PASS" starttime="20200129 10:33:06.873" endtime="20200129 10:33:07.309"></status>
</kw>
<kw name="Log To Console" library="BuiltIn">
<doc>Logs the given message to the console.</doc>
<arguments>
<arg>${print}</arg>
</arguments>
<status status="PASS" starttime="20200129 10:33:07.309" endtime="20200129 10:33:07.309"></status>
</kw>
<status status="PASS" starttime="20200129 10:33:06.370" endtime="20200129 10:33:07.309"></status>
</kw>
<kw name="Click" library="recursos">
<arguments>
<arg>(//button[@type='button'])[3]</arg>
</arguments>
<kw name="Click Element" library="SeleniumLibrary">
<doc>Click the element identified by ``locator``.</doc>
<arguments>
<arg>xpath=${arg1}</arg>
</arguments>
<msg timestamp="20200129 10:33:07.310" level="INFO">Clicking element 'xpath=(//button[@type='button'])[3]'.</msg>
<status status="PASS" starttime="20200129 10:33:07.310" endtime="20200129 10:33:07.568"></status>
</kw>
<status status="PASS" starttime="20200129 10:33:07.309" endtime="20200129 10:33:07.568"></status>
</kw>
<kw name="Dormir" library="recursos">
<arguments>
<arg>1</arg>
</arguments>
<kw name="Sleep" library="BuiltIn">
<doc>Pauses the test executed for the given time.</doc>
<arguments>
<arg>${arg1}</arg>
</arguments>
<msg timestamp="20200129 10:33:08.570" level="INFO">Slept 1 second</msg>
<status status="PASS" starttime="20200129 10:33:07.569" endtime="20200129 10:33:08.570"></status>
</kw>
<status status="PASS" starttime="20200129 10:33:07.569" endtime="20200129 10:33:08.570"></status>
</kw>
<kw name="Scroll" library="recursos">
<arguments>
<arg>0</arg>
<arg>500</arg>
</arguments>
<kw name="Execute Javascript" library="SeleniumLibrary">
<doc>Executes the given JavaScript code with possible arguments.</doc>
<arguments>
<arg>window.scrollTo(${arg1},${arg2})</arg>
</arguments>
<msg timestamp="20200129 10:33:08.572" level="INFO">Executing JavaScript:
window.scrollTo(0,500)
Without any arguments.</msg>
<status status="PASS" starttime="20200129 10:33:08.571" endtime="20200129 10:33:08.678"></status>
</kw>
<status status="PASS" starttime="20200129 10:33:08.570" endtime="20200129 10:33:08.678"></status>
</kw>
<status status="PASS" starttime="20200129 10:32:57.986" endtime="20200129 10:33:08.678"></status>
</kw>
<kw name="Tramite" library="casos">
<kw name="Resultado" library="recursos">
<arguments>
<arg>.3</arg>
<arg>${dir}/Carga_resultados.png</arg>
<arg>Carga los resultados</arg>
</arguments>
<kw name="Sleep" library="BuiltIn">
<doc>Pauses the test executed for the given time.</doc>
<arguments>
<arg>${tiempo}</arg>
</arguments>
<msg timestamp="20200129 10:33:08.980" level="INFO">Slept 300 milliseconds</msg>
<status status="PASS" starttime="20200129 10:33:08.679" endtime="20200129 10:33:08.980"></status>
</kw>
<kw name="Capture Page Screenshot" library="SeleniumLibrary">
<doc>Takes a screenshot of the current page and embeds it into a log file.</doc>
<arguments>
<arg>${dir}</arg>
</arguments>
<msg timestamp="20200129 10:33:09.488" level="INFO" html="yes">&lt;/td&gt;&lt;/tr&gt;&lt;tr&gt;&lt;td colspan="3"&gt;&lt;a href="Tramites/Carga_resultados.png"&gt;&lt;img src="Tramites/Carga_resultados.png" width="800px"&gt;&lt;/a&gt;</msg>
<status status="PASS" starttime="20200129 10:33:08.980" endtime="20200129 10:33:09.488"></status>
</kw>
<kw name="Log To Console" library="BuiltIn">
<doc>Logs the given message to the console.</doc>
<arguments>
<arg>${print}</arg>
</arguments>
<status status="PASS" starttime="20200129 10:33:09.488" endtime="20200129 10:33:09.489"></status>
</kw>
<status status="PASS" starttime="20200129 10:33:08.678" endtime="20200129 10:33:09.489"></status>
</kw>
<kw name="Click" library="recursos">
<arguments>
<arg>(//a[@href='#'])[1]</arg>
</arguments>
<kw name="Click Element" library="SeleniumLibrary">
<doc>Click the element identified by ``locator``.</doc>
<arguments>
<arg>xpath=${arg1}</arg>
</arguments>
<msg timestamp="20200129 10:33:09.489" level="INFO">Clicking element 'xpath=(//a[@href='#'])[1]'.</msg>
<kw name="Capture Page Screenshot" library="SeleniumLibrary">
<doc>Takes a screenshot of the current page and embeds it into a log file.</doc>
<msg timestamp="20200129 10:33:10.133" level="INFO" html="yes">&lt;/td&gt;&lt;/tr&gt;&lt;tr&gt;&lt;td colspan="3"&gt;&lt;a href="selenium-screenshot-1.png"&gt;&lt;img src="selenium-screenshot-1.png" width="800px"&gt;&lt;/a&gt;</msg>
<status status="PASS" starttime="20200129 10:33:09.641" endtime="20200129 10:33:10.133"></status>
</kw>
<msg timestamp="20200129 10:33:10.138" level="FAIL">ElementClickInterceptedException: Message: element click intercepted: Element &lt;a _ngcontent-tte-c0="" aria-expanded="false" aria-haspopup="true" class="dropdown-toggle" data-toggle="dropdown" href="#" role="button"&gt;...&lt;/a&gt; is not clickable at point (1264, 87). Other element would receive the click: &lt;div _ngcontent-tte-c3="" class="overlay" ng-reflect-ng-style="[object Object]" style="background-color: rgba(51, 51, 51, 0.8); position: fixed;"&gt;...&lt;/div&gt;
  (Session info: chrome=79.0.3945.130)
</msg>
<status status="FAIL" starttime="20200129 10:33:09.489" endtime="20200129 10:33:10.138"></status>
</kw>
<status status="FAIL" starttime="20200129 10:33:09.489" endtime="20200129 10:33:10.138"></status>
</kw>
<status status="FAIL" starttime="20200129 10:33:08.678" endtime="20200129 10:33:10.139"></status>
</kw>
<doc>PRUEBA TRAMITE 018 A</doc>
<tags>
<tag>tg01</tag>
</tags>
<status status="FAIL" starttime="20200129 10:32:57.986" endtime="20200129 10:33:10.139" critical="yes">ElementClickInterceptedException: Message: element click intercepted: Element &lt;a _ngcontent-tte-c0="" aria-expanded="false" aria-haspopup="true" class="dropdown-toggle" data-toggle="dropdown" href="#" role="button"&gt;...&lt;/a&gt; is not clickable at point (1264, 87). Other element would receive the click: &lt;div _ngcontent-tte-c3="" class="overlay" ng-reflect-ng-style="[object Object]" style="background-color: rgba(51, 51, 51, 0.8); position: fixed;"&gt;...&lt;/div&gt;
  (Session info: chrome=79.0.3945.130)
</status>
</test>
<doc>Casos de Prueba CC-04-2019-AMTIF-OT04</doc>
<status status="FAIL" starttime="20200129 10:32:57.176" endtime="20200129 10:33:10.140"></status>
</suite>
<status status="FAIL" starttime="20200129 10:32:57.161" endtime="20200129 10:33:10.142"></status>
</suite>
<statistics>
<total>
<stat pass="0" fail="1">Critical Tests</stat>
<stat pass="0" fail="1">All Tests</stat>
</total>
<tag>
<stat pass="0" fail="1">tg01</stat>
</tag>
<suite>
<stat pass="0" fail="1" id="s1" name="Suites">Suites</stat>
<stat pass="0" fail="1" id="s1-s1" name="Test Copy 3">Suites.Test Copy 3</stat>
</suite>
</statistics>
<errors>
</errors>
</robot>
