<?xml version="1.0" encoding="UTF-8"?>
<robot generator="Robot 3.1.2 (Python 3.7.6 on win32)" generated="20200312 12:23:00.999" rpa="false">
<suite id="s1" name="Suites">
<suite id="s1-s1" name="Test If Copy" source="C:\Test_detram\test\test_if copy.robot">
<test id="s1-s1-t1" name="CC010 TRAMITES-0T4 (TRAMITES 018 A)(CHROME DATOS FIRMA ELECTRONICA)">
<kw name="Esperar Iniciar ok" library="recursos">
<arguments>
<arg>30</arg>
</arguments>
<kw name="Set Selenium Timeout" library="SeleniumLibrary">
<doc>Sets the timeout that is used by various keywords.</doc>
<arguments>
<arg>${arg1} seconds</arg>
</arguments>
<status status="PASS" starttime="20200312 12:23:03.114" endtime="20200312 12:23:03.114"></status>
</kw>
<status status="PASS" starttime="20200312 12:23:03.114" endtime="20200312 12:23:03.114"></status>
</kw>
<kw name="Video Iniciar" library="recursos">
<kw name="Start Video Recording" library="ScreenCapLibrary">
<doc>Starts the recording of a video in the background with the specified ``name``.
The recording can be stopped by calling the `Stop Video Recording` keyword.</doc>
<status status="PASS" starttime="20200312 12:23:03.114" endtime="20200312 12:23:03.114"></status>
</kw>
<status status="PASS" starttime="20200312 12:23:03.114" endtime="20200312 12:23:03.114"></status>
</kw>
<kw name="Aleatorio claverfc">
<assign>
<var>${claverfc}</var>
</assign>
<kw name="Get Current Date" library="DateTime">
<doc>Returns current local or UTC time with an optional increment.</doc>
<arguments>
<arg>result_format=%Y-%m-%d %H:%M:%S.%f</arg>
</arguments>
<assign>
<var>${CurrentDate}</var>
</assign>
<msg timestamp="20200312 12:23:03.114" level="INFO">${CurrentDate} = 2020-03-12 12:23:03.113572</msg>
<status status="PASS" starttime="20200312 12:23:03.114" endtime="20200312 12:23:03.114"></status>
</kw>
<kw name="Convert Date" library="DateTime">
<doc>Converts between supported `date formats`.</doc>
<arguments>
<arg>${CurrentDate}</arg>
<arg>datetime</arg>
</arguments>
<assign>
<var>${datetime}</var>
</assign>
<msg timestamp="20200312 12:23:03.114" level="INFO">${datetime} = 2020-03-12 12:23:03.113572</msg>
<status status="PASS" starttime="20200312 12:23:03.114" endtime="20200312 12:23:03.114"></status>
</kw>
<kw name="Generate Random String" library="String">
<doc>Generates a string with a desired ``length`` from the given ``chars``.</doc>
<arguments>
<arg>2</arg>
<arg>[UPPER]</arg>
</arguments>
<assign>
<var>${text}</var>
</assign>
<msg timestamp="20200312 12:23:03.114" level="INFO">${text} = NA</msg>
<status status="PASS" starttime="20200312 12:23:03.114" endtime="20200312 12:23:03.114"></status>
</kw>
<kw name="Generate Random String" library="String">
<doc>Generates a string with a desired ``length`` from the given ``chars``.</doc>
<arguments>
<arg>3</arg>
<arg>[UPPER]</arg>
</arguments>
<assign>
<var>${inc}</var>
</assign>
<msg timestamp="20200312 12:23:03.114" level="INFO">${inc} = WCZ</msg>
<status status="PASS" starttime="20200312 12:23:03.114" endtime="20200312 12:23:03.114"></status>
</kw>
<kw name="Generate Random String" library="String">
<doc>Generates a string with a desired ``length`` from the given ``chars``.</doc>
<arguments>
<arg>1</arg>
<arg>[NUMBERS]</arg>
</arguments>
<assign>
<var>${num}</var>
</assign>
<msg timestamp="20200312 12:23:03.114" level="INFO">${num} = 2</msg>
<status status="PASS" starttime="20200312 12:23:03.114" endtime="20200312 12:23:03.114"></status>
</kw>
<msg timestamp="20200312 12:23:03.129" level="INFO">${claverfc} = WCZC840918NA2</msg>
<status status="PASS" starttime="20200312 12:23:03.114" endtime="20200312 12:23:03.129"></status>
</kw>
<kw name="Log" library="BuiltIn">
<doc>Logs the given message with the given level.</doc>
<arguments>
<arg>${claverfc}</arg>
</arguments>
<msg timestamp="20200312 12:23:03.129" level="INFO">WCZC840918NA2</msg>
<status status="PASS" starttime="20200312 12:23:03.129" endtime="20200312 12:23:03.129"></status>
</kw>
<kw name="Login" library="casos">
<arguments>
<arg>${url}</arg>
<arg>${navegador}</arg>
</arguments>
<kw name="Esperar Iniciar Forzar" library="recursos">
<arguments>
<arg>10</arg>
</arguments>
<kw name="Set Selenium Implicit Wait" library="SeleniumLibrary">
<doc>Sets the implicit wait value used by Selenium.</doc>
<arguments>
<arg>${arg1} seconds</arg>
</arguments>
<status status="PASS" starttime="20200312 12:23:03.129" endtime="20200312 12:23:03.129"></status>
</kw>
<status status="PASS" starttime="20200312 12:23:03.129" endtime="20200312 12:23:03.129"></status>
</kw>
<kw name="Esperar Iniciar ok" library="recursos">
<arguments>
<arg>5</arg>
</arguments>
<kw name="Set Selenium Timeout" library="SeleniumLibrary">
<doc>Sets the timeout that is used by various keywords.</doc>
<arguments>
<arg>${arg1} seconds</arg>
</arguments>
<status status="PASS" starttime="20200312 12:23:03.129" endtime="20200312 12:23:03.129"></status>
</kw>
<status status="PASS" starttime="20200312 12:23:03.129" endtime="20200312 12:23:03.129"></status>
</kw>
<kw name="Dormir Todos" library="recursos">
<arguments>
<arg>${tiempo}</arg>
</arguments>
<kw name="Set Selenium Speed" library="SeleniumLibrary">
<doc>Sets the delay that is waited after each Selenium command.</doc>
<arguments>
<arg>${arg1} seconds</arg>
</arguments>
<status status="PASS" starttime="20200312 12:23:03.129" endtime="20200312 12:23:03.129"></status>
</kw>
<status status="PASS" starttime="20200312 12:23:03.129" endtime="20200312 12:23:03.129"></status>
</kw>
<kw name="Abrir navegador" library="recursos">
<arguments>
<arg>${arg1}</arg>
<arg>${arg2}</arg>
</arguments>
<kw name="Open Browser" library="SeleniumLibrary">
<doc>Opens a new browser instance to the optional ``url``.</doc>
<arguments>
<arg>${arg1}</arg>
<arg>${arg2}</arg>
</arguments>
<msg timestamp="20200312 12:23:03.145" level="INFO">Opening browser 'chrome' to base url 'http://10.16.3.29/login/init'.</msg>
<status status="PASS" starttime="20200312 12:23:03.129" endtime="20200312 12:23:13.149"></status>
</kw>
<status status="PASS" starttime="20200312 12:23:03.129" endtime="20200312 12:23:13.149"></status>
</kw>
<kw name="Maximizar" library="recursos">
<kw name="Maximize Browser Window" library="SeleniumLibrary">
<doc>Maximizes current browser window.</doc>
<status status="PASS" starttime="20200312 12:23:13.150" endtime="20200312 12:23:14.595"></status>
</kw>
<status status="PASS" starttime="20200312 12:23:13.149" endtime="20200312 12:23:14.595"></status>
</kw>
<kw name="Scroll" library="recursos">
<arguments>
<arg>0</arg>
<arg>200</arg>
</arguments>
<kw name="Execute Javascript" library="SeleniumLibrary">
<doc>Executes the given JavaScript code with possible arguments.</doc>
<arguments>
<arg>window.scrollTo(${arg1},${arg2})</arg>
</arguments>
<msg timestamp="20200312 12:23:14.597" level="INFO">Executing JavaScript:
window.scrollTo(0,200)
Without any arguments.</msg>
<status status="PASS" starttime="20200312 12:23:14.596" endtime="20200312 12:23:14.947"></status>
</kw>
<status status="PASS" starttime="20200312 12:23:14.596" endtime="20200312 12:23:14.948"></status>
</kw>
<kw name="Resultado" library="recursos">
<arguments>
<arg>.5</arg>
<arg>${dir}/Login.png</arg>
<arg>Pantalla Login Ok</arg>
</arguments>
<kw name="Sleep" library="BuiltIn">
<doc>Pauses the test executed for the given time.</doc>
<arguments>
<arg>${tiempo}</arg>
</arguments>
<msg timestamp="20200312 12:23:15.453" level="INFO">Slept 500 milliseconds</msg>
<status status="PASS" starttime="20200312 12:23:14.949" endtime="20200312 12:23:15.454"></status>
</kw>
<kw name="Capture Page Screenshot" library="SeleniumLibrary">
<doc>Takes a screenshot of the current page and embeds it into a log file.</doc>
<arguments>
<arg>${dir}</arg>
</arguments>
<msg timestamp="20200312 12:23:16.102" level="INFO" html="yes">&lt;/td&gt;&lt;/tr&gt;&lt;tr&gt;&lt;td colspan="3"&gt;&lt;a href="Tramites/Login.png"&gt;&lt;img src="Tramites/Login.png" width="800px"&gt;&lt;/a&gt;</msg>
<status status="PASS" starttime="20200312 12:23:15.454" endtime="20200312 12:23:16.102"></status>
</kw>
<kw name="Log" library="BuiltIn">
<doc>Logs the given message with the given level.</doc>
<arguments>
<arg>${print}</arg>
</arguments>
<msg timestamp="20200312 12:23:16.103" level="INFO">Pantalla Login Ok</msg>
<status status="PASS" starttime="20200312 12:23:16.103" endtime="20200312 12:23:16.103"></status>
</kw>
<status status="PASS" starttime="20200312 12:23:14.948" endtime="20200312 12:23:16.103"></status>
</kw>
<kw name="Texto" library="recursos">
<arguments>
<arg>//input[contains(@id,'username')]</arg>
<arg>hacarrillo</arg>
</arguments>
<kw name="Input Text" library="SeleniumLibrary">
<doc>Types the given ``text`` into the text field identified by ``locator``.</doc>
<arguments>
<arg>xpath=${arg1}</arg>
<arg>${arg2}</arg>
</arguments>
<msg timestamp="20200312 12:23:16.104" level="INFO">Typing text 'hacarrillo' into text field 'xpath=//input[contains(@id,'username')]'.</msg>
<status status="PASS" starttime="20200312 12:23:16.104" endtime="20200312 12:23:19.128"></status>
</kw>
<status status="PASS" starttime="20200312 12:23:16.103" endtime="20200312 12:23:19.128"></status>
</kw>
<kw name="Texto" library="recursos">
<arguments>
<arg>//input[contains(@id,'password')]</arg>
<arg>test</arg>
</arguments>
<kw name="Input Text" library="SeleniumLibrary">
<doc>Types the given ``text`` into the text field identified by ``locator``.</doc>
<arguments>
<arg>xpath=${arg1}</arg>
<arg>${arg2}</arg>
</arguments>
<msg timestamp="20200312 12:23:19.130" level="INFO">Typing text 'test' into text field 'xpath=//input[contains(@id,'password')]'.</msg>
<status status="PASS" starttime="20200312 12:23:19.129" endtime="20200312 12:23:22.269"></status>
</kw>
<status status="PASS" starttime="20200312 12:23:19.129" endtime="20200312 12:23:22.269"></status>
</kw>
<kw name="Resultado" library="recursos">
<arguments>
<arg>.5</arg>
<arg>${dir}/Login_password.png</arg>
<arg>Se introducen los datos para el Login</arg>
</arguments>
<kw name="Sleep" library="BuiltIn">
<doc>Pauses the test executed for the given time.</doc>
<arguments>
<arg>${tiempo}</arg>
</arguments>
<msg timestamp="20200312 12:23:22.771" level="INFO">Slept 500 milliseconds</msg>
<status status="PASS" starttime="20200312 12:23:22.270" endtime="20200312 12:23:22.771"></status>
</kw>
<kw name="Capture Page Screenshot" library="SeleniumLibrary">
<doc>Takes a screenshot of the current page and embeds it into a log file.</doc>
<arguments>
<arg>${dir}</arg>
</arguments>
<msg timestamp="20200312 12:23:23.798" level="INFO" html="yes">&lt;/td&gt;&lt;/tr&gt;&lt;tr&gt;&lt;td colspan="3"&gt;&lt;a href="Tramites/Login_password.png"&gt;&lt;img src="Tramites/Login_password.png" width="800px"&gt;&lt;/a&gt;</msg>
<status status="PASS" starttime="20200312 12:23:22.772" endtime="20200312 12:23:23.798"></status>
</kw>
<kw name="Log" library="BuiltIn">
<doc>Logs the given message with the given level.</doc>
<arguments>
<arg>${print}</arg>
</arguments>
<msg timestamp="20200312 12:23:23.798" level="INFO">Se introducen los datos para el Login</msg>
<status status="PASS" starttime="20200312 12:23:23.798" endtime="20200312 12:23:23.799"></status>
</kw>
<status status="PASS" starttime="20200312 12:23:22.269" endtime="20200312 12:23:23.799"></status>
</kw>
<kw name="Click" library="recursos">
<arguments>
<arg>(//button[@type='button'])[3]</arg>
</arguments>
<kw name="Click Element" library="SeleniumLibrary">
<doc>Click the element identified by ``locator``.</doc>
<arguments>
<arg>xpath=${arg1}</arg>
</arguments>
<msg timestamp="20200312 12:23:23.800" level="INFO">Clicking element 'xpath=(//button[@type='button'])[3]'.</msg>
<status status="PASS" starttime="20200312 12:23:23.799" endtime="20200312 12:23:24.737"></status>
</kw>
<status status="PASS" starttime="20200312 12:23:23.799" endtime="20200312 12:23:24.737"></status>
</kw>
<kw name="Dormir" library="recursos">
<arguments>
<arg>1</arg>
</arguments>
<kw name="Sleep" library="BuiltIn">
<doc>Pauses the test executed for the given time.</doc>
<arguments>
<arg>${arg1}</arg>
</arguments>
<msg timestamp="20200312 12:23:25.739" level="INFO">Slept 1 second</msg>
<status status="PASS" starttime="20200312 12:23:24.738" endtime="20200312 12:23:25.739"></status>
</kw>
<status status="PASS" starttime="20200312 12:23:24.738" endtime="20200312 12:23:25.739"></status>
</kw>
<kw name="Scroll" library="recursos">
<arguments>
<arg>0</arg>
<arg>500</arg>
</arguments>
<kw name="Execute Javascript" library="SeleniumLibrary">
<doc>Executes the given JavaScript code with possible arguments.</doc>
<arguments>
<arg>window.scrollTo(${arg1},${arg2})</arg>
</arguments>
<msg timestamp="20200312 12:23:25.741" level="INFO">Executing JavaScript:
window.scrollTo(0,500)
Without any arguments.</msg>
<status status="PASS" starttime="20200312 12:23:25.741" endtime="20200312 12:23:26.522"></status>
</kw>
<status status="PASS" starttime="20200312 12:23:25.740" endtime="20200312 12:23:26.522"></status>
</kw>
<status status="PASS" starttime="20200312 12:23:03.129" endtime="20200312 12:23:26.523"></status>
</kw>
<kw name="Tramite" library="casos">
<kw name="Esperar Iniciar Forzar" library="recursos">
<arguments>
<arg>10</arg>
</arguments>
<kw name="Set Selenium Implicit Wait" library="SeleniumLibrary">
<doc>Sets the implicit wait value used by Selenium.</doc>
<arguments>
<arg>${arg1} seconds</arg>
</arguments>
<status status="PASS" starttime="20200312 12:23:26.524" endtime="20200312 12:23:26.733"></status>
</kw>
<status status="PASS" starttime="20200312 12:23:26.523" endtime="20200312 12:23:26.733"></status>
</kw>
<kw name="Resultado" library="recursos">
<arguments>
<arg>.3</arg>
<arg>${dir}/Carga_resultados.png</arg>
<arg>Carga los resultados</arg>
</arguments>
<kw name="Sleep" library="BuiltIn">
<doc>Pauses the test executed for the given time.</doc>
<arguments>
<arg>${tiempo}</arg>
</arguments>
<msg timestamp="20200312 12:23:27.035" level="INFO">Slept 300 milliseconds</msg>
<status status="PASS" starttime="20200312 12:23:26.734" endtime="20200312 12:23:27.035"></status>
</kw>
<kw name="Capture Page Screenshot" library="SeleniumLibrary">
<doc>Takes a screenshot of the current page and embeds it into a log file.</doc>
<arguments>
<arg>${dir}</arg>
</arguments>
<msg timestamp="20200312 12:23:27.894" level="INFO" html="yes">&lt;/td&gt;&lt;/tr&gt;&lt;tr&gt;&lt;td colspan="3"&gt;&lt;a href="Tramites/Carga_resultados.png"&gt;&lt;img src="Tramites/Carga_resultados.png" width="800px"&gt;&lt;/a&gt;</msg>
<status status="PASS" starttime="20200312 12:23:27.035" endtime="20200312 12:23:27.895"></status>
</kw>
<kw name="Log" library="BuiltIn">
<doc>Logs the given message with the given level.</doc>
<arguments>
<arg>${print}</arg>
</arguments>
<msg timestamp="20200312 12:23:27.895" level="INFO">Carga los resultados</msg>
<status status="PASS" starttime="20200312 12:23:27.895" endtime="20200312 12:23:27.895"></status>
</kw>
<status status="PASS" starttime="20200312 12:23:26.733" endtime="20200312 12:23:27.895"></status>
</kw>
<kw name="Click" library="recursos">
<arguments>
<arg>(//a[@href='#'])[1]</arg>
</arguments>
<kw name="Click Element" library="SeleniumLibrary">
<doc>Click the element identified by ``locator``.</doc>
<arguments>
<arg>xpath=${arg1}</arg>
</arguments>
<msg timestamp="20200312 12:23:27.896" level="INFO">Clicking element 'xpath=(//a[@href='#'])[1]'.</msg>
<status status="PASS" starttime="20200312 12:23:27.896" endtime="20200312 12:23:28.619"></status>
</kw>
<status status="PASS" starttime="20200312 12:23:27.896" endtime="20200312 12:23:28.619"></status>
</kw>
<kw name="Click" library="recursos">
<arguments>
<arg>//a[@routerlink='/registraSolicitudTramite/18A/1/init'][contains(.,'Trámite 18A')]</arg>
</arguments>
<kw name="Click Element" library="SeleniumLibrary">
<doc>Click the element identified by ``locator``.</doc>
<arguments>
<arg>xpath=${arg1}</arg>
</arguments>
<msg timestamp="20200312 12:23:28.621" level="INFO">Clicking element 'xpath=//a[@routerlink='/registraSolicitudTramite/18A/1/init'][contains(.,'Trámite 18A')]'.</msg>
<status status="PASS" starttime="20200312 12:23:28.620" endtime="20200312 12:23:29.501"></status>
</kw>
<status status="PASS" starttime="20200312 12:23:28.620" endtime="20200312 12:23:29.501"></status>
</kw>
<kw name="Scroll" library="recursos">
<arguments>
<arg>0</arg>
<arg>500</arg>
</arguments>
<kw name="Execute Javascript" library="SeleniumLibrary">
<doc>Executes the given JavaScript code with possible arguments.</doc>
<arguments>
<arg>window.scrollTo(${arg1},${arg2})</arg>
</arguments>
<msg timestamp="20200312 12:23:29.503" level="INFO">Executing JavaScript:
window.scrollTo(0,500)
Without any arguments.</msg>
<status status="PASS" starttime="20200312 12:23:29.502" endtime="20200312 12:23:29.867"></status>
</kw>
<status status="PASS" starttime="20200312 12:23:29.501" endtime="20200312 12:23:29.867"></status>
</kw>
<kw name="Resultado" library="recursos">
<arguments>
<arg>.2</arg>
<arg>${dir}/Datos_personales.png</arg>
<arg>Datos Personales Ok</arg>
</arguments>
<kw name="Sleep" library="BuiltIn">
<doc>Pauses the test executed for the given time.</doc>
<arguments>
<arg>${tiempo}</arg>
</arguments>
<msg timestamp="20200312 12:23:30.071" level="INFO">Slept 200 milliseconds</msg>
<status status="PASS" starttime="20200312 12:23:29.869" endtime="20200312 12:23:30.071"></status>
</kw>
<kw name="Capture Page Screenshot" library="SeleniumLibrary">
<doc>Takes a screenshot of the current page and embeds it into a log file.</doc>
<arguments>
<arg>${dir}</arg>
</arguments>
<msg timestamp="20200312 12:23:30.924" level="INFO" html="yes">&lt;/td&gt;&lt;/tr&gt;&lt;tr&gt;&lt;td colspan="3"&gt;&lt;a href="Tramites/Datos_personales.png"&gt;&lt;img src="Tramites/Datos_personales.png" width="800px"&gt;&lt;/a&gt;</msg>
<status status="PASS" starttime="20200312 12:23:30.072" endtime="20200312 12:23:30.925"></status>
</kw>
<kw name="Log" library="BuiltIn">
<doc>Logs the given message with the given level.</doc>
<arguments>
<arg>${print}</arg>
</arguments>
<msg timestamp="20200312 12:23:30.925" level="INFO">Datos Personales Ok</msg>
<status status="PASS" starttime="20200312 12:23:30.925" endtime="20200312 12:23:30.925"></status>
</kw>
<status status="PASS" starttime="20200312 12:23:29.868" endtime="20200312 12:23:30.925"></status>
</kw>
<kw name="Click" library="recursos">
<arguments>
<arg>//select[@formcontrolname='tipoPersona']</arg>
</arguments>
<kw name="Click Element" library="SeleniumLibrary">
<doc>Click the element identified by ``locator``.</doc>
<arguments>
<arg>xpath=${arg1}</arg>
</arguments>
<msg timestamp="20200312 12:23:30.926" level="INFO">Clicking element 'xpath=//select[@formcontrolname='tipoPersona']'.</msg>
<status status="PASS" starttime="20200312 12:23:30.926" endtime="20200312 12:23:31.738"></status>
</kw>
<status status="PASS" starttime="20200312 12:23:30.926" endtime="20200312 12:23:31.738"></status>
</kw>
<status status="PASS" starttime="20200312 12:23:26.523" endtime="20200312 12:23:31.738"></status>
</kw>
<kw name="${INDEX} IN RANGE [ 1 | 1000 ]" type="for">
<kw name="${INDEX} = 1" type="foritem">
<kw name="Run Keyword And Return Status" library="BuiltIn">
<doc>Runs the given keyword with given arguments and returns the status as a Boolean value.</doc>
<arguments>
<arg>Datos Personales</arg>
<arg>${claverfc}</arg>
</arguments>
<assign>
<var>${val}</var>
</assign>
<kw name="Datos Personales" library="casos">
<arguments>
<arg>${claverfc}</arg>
</arguments>
<kw name="Esperar Iniciar Forzar" library="recursos">
<arguments>
<arg>10</arg>
</arguments>
<kw name="Set Selenium Implicit Wait" library="SeleniumLibrary">
<doc>Sets the implicit wait value used by Selenium.</doc>
<arguments>
<arg>${arg1} seconds</arg>
</arguments>
<status status="PASS" starttime="20200312 12:23:31.740" endtime="20200312 12:23:31.855"></status>
</kw>
<status status="PASS" starttime="20200312 12:23:31.740" endtime="20200312 12:23:31.855"></status>
</kw>
<kw name="Aleatorio Curp">
<assign>
<var>${curp}</var>
</assign>
<kw name="Get Current Date" library="DateTime">
<doc>Returns current local or UTC time with an optional increment.</doc>
<arguments>
<arg>result_format=%Y-%m-%d %H:%M:%S.%f</arg>
</arguments>
<assign>
<var>${CurrentDate}</var>
</assign>
<msg timestamp="20200312 12:23:31.856" level="INFO">${CurrentDate} = 2020-03-12 12:23:31.855558</msg>
<status status="PASS" starttime="20200312 12:23:31.856" endtime="20200312 12:23:31.856"></status>
</kw>
<kw name="Convert Date" library="DateTime">
<doc>Converts between supported `date formats`.</doc>
<arguments>
<arg>${CurrentDate}</arg>
<arg>datetime</arg>
</arguments>
<assign>
<var>${datetime}</var>
</assign>
<msg timestamp="20200312 12:23:31.857" level="INFO">${datetime} = 2020-03-12 12:23:31.855558</msg>
<status status="PASS" starttime="20200312 12:23:31.856" endtime="20200312 12:23:31.857"></status>
</kw>
<kw name="Generate Random String" library="String">
<doc>Generates a string with a desired ``length`` from the given ``chars``.</doc>
<arguments>
<arg>2</arg>
<arg>[UPPER]</arg>
</arguments>
<assign>
<var>${tex}</var>
</assign>
<msg timestamp="20200312 12:23:31.857" level="INFO">${tex} = OL</msg>
<status status="PASS" starttime="20200312 12:23:31.857" endtime="20200312 12:23:31.857"></status>
</kw>
<kw name="Generate Random String" library="String">
<doc>Generates a string with a desired ``length`` from the given ``chars``.</doc>
<arguments>
<arg>2</arg>
<arg>[NUMBERS]</arg>
</arguments>
<assign>
<var>${num}</var>
</assign>
<msg timestamp="20200312 12:23:31.858" level="INFO">${num} = 65</msg>
<status status="PASS" starttime="20200312 12:23:31.857" endtime="20200312 12:23:31.858"></status>
</kw>
<msg timestamp="20200312 12:23:31.858" level="INFO">${curp} = GOHJ810919HDflTD65</msg>
<status status="PASS" starttime="20200312 12:23:31.855" endtime="20200312 12:23:31.858"></status>
</kw>
<kw name="Click" library="recursos">
<arguments>
<arg>//*[@id="Formulario"]/form/div[3]/div[1]/select/option[2]</arg>
</arguments>
<kw name="Click Element" library="SeleniumLibrary">
<doc>Click the element identified by ``locator``.</doc>
<arguments>
<arg>xpath=${arg1}</arg>
</arguments>
<msg timestamp="20200312 12:23:31.859" level="INFO">Clicking element 'xpath=//*[@id="Formulario"]/form/div[3]/div[1]/select/option[2]'.</msg>
<status status="PASS" starttime="20200312 12:23:31.859" endtime="20200312 12:23:32.592"></status>
</kw>
<status status="PASS" starttime="20200312 12:23:31.858" endtime="20200312 12:23:32.592"></status>
</kw>
<kw name="Texto" library="recursos">
<arguments>
<arg>(//input[contains(@formcontrolname,'curp')])[1]</arg>
<arg>${curp}</arg>
</arguments>
<kw name="Input Text" library="SeleniumLibrary">
<doc>Types the given ``text`` into the text field identified by ``locator``.</doc>
<arguments>
<arg>xpath=${arg1}</arg>
<arg>${arg2}</arg>
</arguments>
<msg timestamp="20200312 12:23:32.594" level="INFO">Typing text 'GOHJ810919HDflTD65' into text field 'xpath=(//input[contains(@formcontrolname,'curp')])[1]'.</msg>
<status status="PASS" starttime="20200312 12:23:32.593" endtime="20200312 12:23:34.811"></status>
</kw>
<status status="PASS" starttime="20200312 12:23:32.593" endtime="20200312 12:23:34.811"></status>
</kw>
<kw name="Scroll" library="recursos">
<arguments>
<arg>0</arg>
<arg>400</arg>
</arguments>
<kw name="Execute Javascript" library="SeleniumLibrary">
<doc>Executes the given JavaScript code with possible arguments.</doc>
<arguments>
<arg>window.scrollTo(${arg1},${arg2})</arg>
</arguments>
<msg timestamp="20200312 12:23:34.813" level="INFO">Executing JavaScript:
window.scrollTo(0,400)
Without any arguments.</msg>
<status status="PASS" starttime="20200312 12:23:34.812" endtime="20200312 12:23:35.256"></status>
</kw>
<status status="PASS" starttime="20200312 12:23:34.811" endtime="20200312 12:23:35.256"></status>
</kw>
<kw name="Dormir" library="recursos">
<arguments>
<arg>.2</arg>
</arguments>
<kw name="Sleep" library="BuiltIn">
<doc>Pauses the test executed for the given time.</doc>
<arguments>
<arg>${arg1}</arg>
</arguments>
<msg timestamp="20200312 12:23:35.457" level="INFO">Slept 200 milliseconds</msg>
<status status="PASS" starttime="20200312 12:23:35.257" endtime="20200312 12:23:35.457"></status>
</kw>
<status status="PASS" starttime="20200312 12:23:35.256" endtime="20200312 12:23:35.458"></status>
</kw>
<kw name="Texto" library="recursos">
<arguments>
<arg>//input[@formcontrolname='rfc']</arg>
<arg>${claverfc}</arg>
</arguments>
<kw name="Input Text" library="SeleniumLibrary">
<doc>Types the given ``text`` into the text field identified by ``locator``.</doc>
<arguments>
<arg>xpath=${arg1}</arg>
<arg>${arg2}</arg>
</arguments>
<msg timestamp="20200312 12:23:35.459" level="INFO">Typing text 'WCZC840918NA2' into text field 'xpath=//input[@formcontrolname='rfc']'.</msg>
<status status="PASS" starttime="20200312 12:23:35.458" endtime="20200312 12:23:36.728"></status>
</kw>
<status status="PASS" starttime="20200312 12:23:35.458" endtime="20200312 12:23:36.729"></status>
</kw>
<kw name="Dormir" library="recursos">
<arguments>
<arg>2</arg>
</arguments>
<kw name="Sleep" library="BuiltIn">
<doc>Pauses the test executed for the given time.</doc>
<arguments>
<arg>${arg1}</arg>
</arguments>
<msg timestamp="20200312 12:23:38.730" level="INFO">Slept 2 seconds</msg>
<status status="PASS" starttime="20200312 12:23:36.729" endtime="20200312 12:23:38.730"></status>
</kw>
<status status="PASS" starttime="20200312 12:23:36.729" endtime="20200312 12:23:38.731"></status>
</kw>
<kw name="Texto" library="recursos">
<arguments>
<arg>//input[@formcontrolname='rfc']</arg>
<arg>${claverfc}</arg>
</arguments>
<kw name="Input Text" library="SeleniumLibrary">
<doc>Types the given ``text`` into the text field identified by ``locator``.</doc>
<arguments>
<arg>xpath=${arg1}</arg>
<arg>${arg2}</arg>
</arguments>
<msg timestamp="20200312 12:23:38.732" level="INFO">Typing text 'WCZC840918NA2' into text field 'xpath=//input[@formcontrolname='rfc']'.</msg>
<kw name="Capture Page Screenshot" library="SeleniumLibrary">
<doc>Takes a screenshot of the current page and embeds it into a log file.</doc>
<msg timestamp="20200312 12:23:40.890" level="INFO" html="yes">&lt;/td&gt;&lt;/tr&gt;&lt;tr&gt;&lt;td colspan="3"&gt;&lt;a href="selenium-screenshot-1.png"&gt;&lt;img src="selenium-screenshot-1.png" width="800px"&gt;&lt;/a&gt;</msg>
<status status="PASS" starttime="20200312 12:23:39.021" endtime="20200312 12:23:40.890"></status>
</kw>
<msg timestamp="20200312 12:23:40.893" level="FAIL">InvalidElementStateException: Message: invalid element state: Element is not currently interactable and may not be manipulated
  (Session info: chrome=80.0.3987.132)
</msg>
<status status="FAIL" starttime="20200312 12:23:38.732" endtime="20200312 12:23:40.893"></status>
</kw>
<status status="FAIL" starttime="20200312 12:23:38.731" endtime="20200312 12:23:40.893"></status>
</kw>
<status status="FAIL" starttime="20200312 12:23:31.739" endtime="20200312 12:23:40.894"></status>
</kw>
<msg timestamp="20200312 12:23:40.894" level="INFO">${val} = False</msg>
<status status="PASS" starttime="20200312 12:23:31.739" endtime="20200312 12:23:40.894"></status>
</kw>
<kw name="Log" library="BuiltIn">
<doc>Logs the given message with the given level.</doc>
<arguments>
<arg>${val}</arg>
</arguments>
<msg timestamp="20200312 12:23:40.894" level="INFO">False</msg>
<status status="PASS" starttime="20200312 12:23:40.894" endtime="20200312 12:23:40.894"></status>
</kw>
<kw name="Dormir" library="recursos">
<arguments>
<arg>1</arg>
</arguments>
<kw name="Sleep" library="BuiltIn">
<doc>Pauses the test executed for the given time.</doc>
<arguments>
<arg>${arg1}</arg>
</arguments>
<msg timestamp="20200312 12:23:41.895" level="INFO">Slept 1 second</msg>
<status status="PASS" starttime="20200312 12:23:40.895" endtime="20200312 12:23:41.895"></status>
</kw>
<status status="PASS" starttime="20200312 12:23:40.895" endtime="20200312 12:23:41.895"></status>
</kw>
<kw name="Run Keyword If" library="BuiltIn">
<doc>Runs the given keyword with the given arguments, if ``condition`` is true.</doc>
<arguments>
<arg>'${val}'=='True'</arg>
<arg>Exit For Loop</arg>
</arguments>
<status status="PASS" starttime="20200312 12:23:41.896" endtime="20200312 12:23:41.896"></status>
</kw>
<status status="PASS" starttime="20200312 12:23:31.739" endtime="20200312 12:23:41.896"></status>
</kw>
<kw name="${INDEX} = 2" type="foritem">
<kw name="Run Keyword And Return Status" library="BuiltIn">
<doc>Runs the given keyword with given arguments and returns the status as a Boolean value.</doc>
<arguments>
<arg>Datos Personales</arg>
<arg>${claverfc}</arg>
</arguments>
<assign>
<var>${val}</var>
</assign>
<kw name="Datos Personales" library="casos">
<arguments>
<arg>${claverfc}</arg>
</arguments>
<kw name="Esperar Iniciar Forzar" library="recursos">
<arguments>
<arg>10</arg>
</arguments>
<kw name="Set Selenium Implicit Wait" library="SeleniumLibrary">
<doc>Sets the implicit wait value used by Selenium.</doc>
<arguments>
<arg>${arg1} seconds</arg>
</arguments>
<status status="PASS" starttime="20200312 12:23:41.898" endtime="20200312 12:23:42.046"></status>
</kw>
<status status="PASS" starttime="20200312 12:23:41.897" endtime="20200312 12:23:42.046"></status>
</kw>
<kw name="Aleatorio Curp">
<assign>
<var>${curp}</var>
</assign>
<kw name="Get Current Date" library="DateTime">
<doc>Returns current local or UTC time with an optional increment.</doc>
<arguments>
<arg>result_format=%Y-%m-%d %H:%M:%S.%f</arg>
</arguments>
<assign>
<var>${CurrentDate}</var>
</assign>
<msg timestamp="20200312 12:23:42.047" level="INFO">${CurrentDate} = 2020-03-12 12:23:42.046664</msg>
<status status="PASS" starttime="20200312 12:23:42.046" endtime="20200312 12:23:42.047"></status>
</kw>
<kw name="Convert Date" library="DateTime">
<doc>Converts between supported `date formats`.</doc>
<arguments>
<arg>${CurrentDate}</arg>
<arg>datetime</arg>
</arguments>
<assign>
<var>${datetime}</var>
</assign>
<msg timestamp="20200312 12:23:42.048" level="INFO">${datetime} = 2020-03-12 12:23:42.046664</msg>
<status status="PASS" starttime="20200312 12:23:42.047" endtime="20200312 12:23:42.048"></status>
</kw>
<kw name="Generate Random String" library="String">
<doc>Generates a string with a desired ``length`` from the given ``chars``.</doc>
<arguments>
<arg>2</arg>
<arg>[UPPER]</arg>
</arguments>
<assign>
<var>${tex}</var>
</assign>
<msg timestamp="20200312 12:23:42.048" level="INFO">${tex} = BQ</msg>
<status status="PASS" starttime="20200312 12:23:42.048" endtime="20200312 12:23:42.048"></status>
</kw>
<kw name="Generate Random String" library="String">
<doc>Generates a string with a desired ``length`` from the given ``chars``.</doc>
<arguments>
<arg>2</arg>
<arg>[NUMBERS]</arg>
</arguments>
<assign>
<var>${num}</var>
</assign>
<msg timestamp="20200312 12:23:42.049" level="INFO">${num} = 56</msg>
<status status="PASS" starttime="20200312 12:23:42.048" endtime="20200312 12:23:42.049"></status>
</kw>
<msg timestamp="20200312 12:23:42.049" level="INFO">${curp} = GOHJ810919HDflTD56</msg>
<status status="PASS" starttime="20200312 12:23:42.046" endtime="20200312 12:23:42.049"></status>
</kw>
<kw name="Click" library="recursos">
<arguments>
<arg>//*[@id="Formulario"]/form/div[3]/div[1]/select/option[2]</arg>
</arguments>
<kw name="Click Element" library="SeleniumLibrary">
<doc>Click the element identified by ``locator``.</doc>
<arguments>
<arg>xpath=${arg1}</arg>
</arguments>
<msg timestamp="20200312 12:23:42.050" level="INFO">Clicking element 'xpath=//*[@id="Formulario"]/form/div[3]/div[1]/select/option[2]'.</msg>
<status status="PASS" starttime="20200312 12:23:42.049" endtime="20200312 12:23:42.409"></status>
</kw>
<status status="PASS" starttime="20200312 12:23:42.049" endtime="20200312 12:23:42.409"></status>
</kw>
<kw name="Texto" library="recursos">
<arguments>
<arg>(//input[contains(@formcontrolname,'curp')])[1]</arg>
<arg>${curp}</arg>
</arguments>
<kw name="Input Text" library="SeleniumLibrary">
<doc>Types the given ``text`` into the text field identified by ``locator``.</doc>
<arguments>
<arg>xpath=${arg1}</arg>
<arg>${arg2}</arg>
</arguments>
<msg timestamp="20200312 12:23:42.410" level="INFO">Typing text 'GOHJ810919HDflTD56' into text field 'xpath=(//input[contains(@formcontrolname,'curp')])[1]'.</msg>
<status status="PASS" starttime="20200312 12:23:42.410" endtime="20200312 12:23:44.460"></status>
</kw>
<status status="PASS" starttime="20200312 12:23:42.409" endtime="20200312 12:23:44.460"></status>
</kw>
<kw name="Scroll" library="recursos">
<arguments>
<arg>0</arg>
<arg>400</arg>
</arguments>
<kw name="Execute Javascript" library="SeleniumLibrary">
<doc>Executes the given JavaScript code with possible arguments.</doc>
<arguments>
<arg>window.scrollTo(${arg1},${arg2})</arg>
</arguments>
<msg timestamp="20200312 12:23:44.462" level="INFO">Executing JavaScript:
window.scrollTo(0,400)
Without any arguments.</msg>
<status status="PASS" starttime="20200312 12:23:44.461" endtime="20200312 12:23:44.654"></status>
</kw>
<status status="PASS" starttime="20200312 12:23:44.460" endtime="20200312 12:23:44.655"></status>
</kw>
<kw name="Dormir" library="recursos">
<arguments>
<arg>.2</arg>
</arguments>
<kw name="Sleep" library="BuiltIn">
<doc>Pauses the test executed for the given time.</doc>
<arguments>
<arg>${arg1}</arg>
</arguments>
<msg timestamp="20200312 12:23:44.856" level="INFO">Slept 200 milliseconds</msg>
<status status="PASS" starttime="20200312 12:23:44.655" endtime="20200312 12:23:44.856"></status>
</kw>
<status status="PASS" starttime="20200312 12:23:44.655" endtime="20200312 12:23:44.857"></status>
</kw>
<kw name="Texto" library="recursos">
<arguments>
<arg>//input[@formcontrolname='rfc']</arg>
<arg>${claverfc}</arg>
</arguments>
<kw name="Input Text" library="SeleniumLibrary">
<doc>Types the given ``text`` into the text field identified by ``locator``.</doc>
<arguments>
<arg>xpath=${arg1}</arg>
<arg>${arg2}</arg>
</arguments>
<msg timestamp="20200312 12:23:44.858" level="INFO">Typing text 'WCZC840918NA2' into text field 'xpath=//input[@formcontrolname='rfc']'.</msg>
<kw name="Capture Page Screenshot" library="SeleniumLibrary">
<doc>Takes a screenshot of the current page and embeds it into a log file.</doc>
<msg timestamp="20200312 12:23:46.008" level="INFO" html="yes">&lt;/td&gt;&lt;/tr&gt;&lt;tr&gt;&lt;td colspan="3"&gt;&lt;a href="selenium-screenshot-2.png"&gt;&lt;img src="selenium-screenshot-2.png" width="800px"&gt;&lt;/a&gt;</msg>
<status status="PASS" starttime="20200312 12:23:45.143" endtime="20200312 12:23:46.008"></status>
</kw>
<msg timestamp="20200312 12:23:46.009" level="FAIL">InvalidElementStateException: Message: invalid element state: Element is not currently interactable and may not be manipulated
  (Session info: chrome=80.0.3987.132)
</msg>
<status status="FAIL" starttime="20200312 12:23:44.857" endtime="20200312 12:23:46.009"></status>
</kw>
<status status="FAIL" starttime="20200312 12:23:44.857" endtime="20200312 12:23:46.010"></status>
</kw>
<status status="FAIL" starttime="20200312 12:23:41.897" endtime="20200312 12:23:46.010"></status>
</kw>
<msg timestamp="20200312 12:23:46.010" level="INFO">${val} = False</msg>
<status status="PASS" starttime="20200312 12:23:41.897" endtime="20200312 12:23:46.010"></status>
</kw>
<kw name="Log" library="BuiltIn">
<doc>Logs the given message with the given level.</doc>
<arguments>
<arg>${val}</arg>
</arguments>
<msg timestamp="20200312 12:23:46.011" level="INFO">False</msg>
<status status="PASS" starttime="20200312 12:23:46.010" endtime="20200312 12:23:46.011"></status>
</kw>
<kw name="Dormir" library="recursos">
<arguments>
<arg>1</arg>
</arguments>
<kw name="Sleep" library="BuiltIn">
<doc>Pauses the test executed for the given time.</doc>
<arguments>
<arg>${arg1}</arg>
</arguments>
<msg timestamp="20200312 12:23:47.012" level="INFO">Slept 1 second</msg>
<status status="PASS" starttime="20200312 12:23:46.011" endtime="20200312 12:23:47.012"></status>
</kw>
<status status="PASS" starttime="20200312 12:23:46.011" endtime="20200312 12:23:47.013"></status>
</kw>
<kw name="Run Keyword If" library="BuiltIn">
<doc>Runs the given keyword with the given arguments, if ``condition`` is true.</doc>
<arguments>
<arg>'${val}'=='True'</arg>
<arg>Exit For Loop</arg>
</arguments>
<status status="PASS" starttime="20200312 12:23:47.013" endtime="20200312 12:23:47.013"></status>
</kw>
<status status="PASS" starttime="20200312 12:23:41.896" endtime="20200312 12:23:47.013"></status>
</kw>
<kw name="${INDEX} = 3" type="foritem">
<kw name="Run Keyword And Return Status" library="BuiltIn">
<doc>Runs the given keyword with given arguments and returns the status as a Boolean value.</doc>
<arguments>
<arg>Datos Personales</arg>
<arg>${claverfc}</arg>
</arguments>
<assign>
<var>${val}</var>
</assign>
<kw name="Datos Personales" library="casos">
<arguments>
<arg>${claverfc}</arg>
</arguments>
<kw name="Esperar Iniciar Forzar" library="recursos">
<arguments>
<arg>10</arg>
</arguments>
<kw name="Set Selenium Implicit Wait" library="SeleniumLibrary">
<doc>Sets the implicit wait value used by Selenium.</doc>
<arguments>
<arg>${arg1} seconds</arg>
</arguments>
<status status="PASS" starttime="20200312 12:23:47.015" endtime="20200312 12:23:47.119"></status>
</kw>
<status status="PASS" starttime="20200312 12:23:47.015" endtime="20200312 12:23:47.120"></status>
</kw>
<kw name="Aleatorio Curp">
<assign>
<var>${curp}</var>
</assign>
<kw name="Get Current Date" library="DateTime">
<doc>Returns current local or UTC time with an optional increment.</doc>
<arguments>
<arg>result_format=%Y-%m-%d %H:%M:%S.%f</arg>
</arguments>
<assign>
<var>${CurrentDate}</var>
</assign>
<msg timestamp="20200312 12:23:47.121" level="INFO">${CurrentDate} = 2020-03-12 12:23:47.120158</msg>
<status status="PASS" starttime="20200312 12:23:47.120" endtime="20200312 12:23:47.121"></status>
</kw>
<kw name="Convert Date" library="DateTime">
<doc>Converts between supported `date formats`.</doc>
<arguments>
<arg>${CurrentDate}</arg>
<arg>datetime</arg>
</arguments>
<assign>
<var>${datetime}</var>
</assign>
<msg timestamp="20200312 12:23:47.121" level="INFO">${datetime} = 2020-03-12 12:23:47.120158</msg>
<status status="PASS" starttime="20200312 12:23:47.121" endtime="20200312 12:23:47.121"></status>
</kw>
<kw name="Generate Random String" library="String">
<doc>Generates a string with a desired ``length`` from the given ``chars``.</doc>
<arguments>
<arg>2</arg>
<arg>[UPPER]</arg>
</arguments>
<assign>
<var>${tex}</var>
</assign>
<msg timestamp="20200312 12:23:47.122" level="INFO">${tex} = RO</msg>
<status status="PASS" starttime="20200312 12:23:47.122" endtime="20200312 12:23:47.122"></status>
</kw>
<kw name="Generate Random String" library="String">
<doc>Generates a string with a desired ``length`` from the given ``chars``.</doc>
<arguments>
<arg>2</arg>
<arg>[NUMBERS]</arg>
</arguments>
<assign>
<var>${num}</var>
</assign>
<msg timestamp="20200312 12:23:47.123" level="INFO">${num} = 54</msg>
<status status="PASS" starttime="20200312 12:23:47.122" endtime="20200312 12:23:47.123"></status>
</kw>
<msg timestamp="20200312 12:23:47.123" level="INFO">${curp} = GOHJ810919HDflTD54</msg>
<status status="PASS" starttime="20200312 12:23:47.120" endtime="20200312 12:23:47.123"></status>
</kw>
<kw name="Click" library="recursos">
<arguments>
<arg>//*[@id="Formulario"]/form/div[3]/div[1]/select/option[2]</arg>
</arguments>
<kw name="Click Element" library="SeleniumLibrary">
<doc>Click the element identified by ``locator``.</doc>
<arguments>
<arg>xpath=${arg1}</arg>
</arguments>
<msg timestamp="20200312 12:23:47.124" level="INFO">Clicking element 'xpath=//*[@id="Formulario"]/form/div[3]/div[1]/select/option[2]'.</msg>
<status status="PASS" starttime="20200312 12:23:47.124" endtime="20200312 12:23:47.557"></status>
</kw>
<status status="PASS" starttime="20200312 12:23:47.123" endtime="20200312 12:23:47.557"></status>
</kw>
<kw name="Texto" library="recursos">
<arguments>
<arg>(//input[contains(@formcontrolname,'curp')])[1]</arg>
<arg>${curp}</arg>
</arguments>
<kw name="Input Text" library="SeleniumLibrary">
<doc>Types the given ``text`` into the text field identified by ``locator``.</doc>
<arguments>
<arg>xpath=${arg1}</arg>
<arg>${arg2}</arg>
</arguments>
<msg timestamp="20200312 12:23:47.559" level="INFO">Typing text 'GOHJ810919HDflTD54' into text field 'xpath=(//input[contains(@formcontrolname,'curp')])[1]'.</msg>
<status status="PASS" starttime="20200312 12:23:47.558" endtime="20200312 12:23:50.058"></status>
</kw>
<status status="PASS" starttime="20200312 12:23:47.558" endtime="20200312 12:23:50.058"></status>
</kw>
<kw name="Scroll" library="recursos">
<arguments>
<arg>0</arg>
<arg>400</arg>
</arguments>
<kw name="Execute Javascript" library="SeleniumLibrary">
<doc>Executes the given JavaScript code with possible arguments.</doc>
<arguments>
<arg>window.scrollTo(${arg1},${arg2})</arg>
</arguments>
<msg timestamp="20200312 12:23:50.060" level="INFO">Executing JavaScript:
window.scrollTo(0,400)
Without any arguments.</msg>
<status status="PASS" starttime="20200312 12:23:50.059" endtime="20200312 12:23:50.388"></status>
</kw>
<status status="PASS" starttime="20200312 12:23:50.059" endtime="20200312 12:23:50.388"></status>
</kw>
<kw name="Dormir" library="recursos">
<arguments>
<arg>.2</arg>
</arguments>
<kw name="Sleep" library="BuiltIn">
<doc>Pauses the test executed for the given time.</doc>
<arguments>
<arg>${arg1}</arg>
</arguments>
<msg timestamp="20200312 12:23:50.590" level="INFO">Slept 200 milliseconds</msg>
<status status="PASS" starttime="20200312 12:23:50.389" endtime="20200312 12:23:50.590"></status>
</kw>
<status status="PASS" starttime="20200312 12:23:50.388" endtime="20200312 12:23:50.590"></status>
</kw>
<kw name="Texto" library="recursos">
<arguments>
<arg>//input[@formcontrolname='rfc']</arg>
<arg>${claverfc}</arg>
</arguments>
<kw name="Input Text" library="SeleniumLibrary">
<doc>Types the given ``text`` into the text field identified by ``locator``.</doc>
<arguments>
<arg>xpath=${arg1}</arg>
<arg>${arg2}</arg>
</arguments>
<msg timestamp="20200312 12:23:50.591" level="INFO">Typing text 'WCZC840918NA2' into text field 'xpath=//input[@formcontrolname='rfc']'.</msg>
<kw name="Capture Page Screenshot" library="SeleniumLibrary">
<doc>Takes a screenshot of the current page and embeds it into a log file.</doc>
<msg timestamp="20200312 12:23:51.904" level="INFO" html="yes">&lt;/td&gt;&lt;/tr&gt;&lt;tr&gt;&lt;td colspan="3"&gt;&lt;a href="selenium-screenshot-3.png"&gt;&lt;img src="selenium-screenshot-3.png" width="800px"&gt;&lt;/a&gt;</msg>
<status status="PASS" starttime="20200312 12:23:51.041" endtime="20200312 12:23:51.904"></status>
</kw>
<msg timestamp="20200312 12:23:51.906" level="FAIL">InvalidElementStateException: Message: invalid element state: Element is not currently interactable and may not be manipulated
  (Session info: chrome=80.0.3987.132)
</msg>
<status status="FAIL" starttime="20200312 12:23:50.591" endtime="20200312 12:23:51.906"></status>
</kw>
<status status="FAIL" starttime="20200312 12:23:50.590" endtime="20200312 12:23:51.906"></status>
</kw>
<status status="FAIL" starttime="20200312 12:23:47.014" endtime="20200312 12:23:51.906"></status>
</kw>
<msg timestamp="20200312 12:23:51.907" level="INFO">${val} = False</msg>
<status status="PASS" starttime="20200312 12:23:47.014" endtime="20200312 12:23:51.907"></status>
</kw>
<kw name="Log" library="BuiltIn">
<doc>Logs the given message with the given level.</doc>
<arguments>
<arg>${val}</arg>
</arguments>
<msg timestamp="20200312 12:23:51.908" level="INFO">False</msg>
<status status="PASS" starttime="20200312 12:23:51.907" endtime="20200312 12:23:51.908"></status>
</kw>
<kw name="Dormir" library="recursos">
<arguments>
<arg>1</arg>
</arguments>
<kw name="Sleep" library="BuiltIn">
<doc>Pauses the test executed for the given time.</doc>
<arguments>
<arg>${arg1}</arg>
</arguments>
<msg timestamp="20200312 12:23:52.910" level="INFO">Slept 1 second</msg>
<status status="PASS" starttime="20200312 12:23:51.909" endtime="20200312 12:23:52.910"></status>
</kw>
<status status="PASS" starttime="20200312 12:23:51.909" endtime="20200312 12:23:52.911"></status>
</kw>
<kw name="Run Keyword If" library="BuiltIn">
<doc>Runs the given keyword with the given arguments, if ``condition`` is true.</doc>
<arguments>
<arg>'${val}'=='True'</arg>
<arg>Exit For Loop</arg>
</arguments>
<status status="PASS" starttime="20200312 12:23:52.911" endtime="20200312 12:23:52.911"></status>
</kw>
<status status="PASS" starttime="20200312 12:23:47.013" endtime="20200312 12:23:52.911"></status>
</kw>
<kw name="${INDEX} = 4" type="foritem">
<kw name="Run Keyword And Return Status" library="BuiltIn">
<doc>Runs the given keyword with given arguments and returns the status as a Boolean value.</doc>
<arguments>
<arg>Datos Personales</arg>
<arg>${claverfc}</arg>
</arguments>
<assign>
<var>${val}</var>
</assign>
<kw name="Datos Personales" library="casos">
<arguments>
<arg>${claverfc}</arg>
</arguments>
<kw name="Esperar Iniciar Forzar" library="recursos">
<arguments>
<arg>10</arg>
</arguments>
<kw name="Set Selenium Implicit Wait" library="SeleniumLibrary">
<doc>Sets the implicit wait value used by Selenium.</doc>
<arguments>
<arg>${arg1} seconds</arg>
</arguments>
<status status="PASS" starttime="20200312 12:23:52.913" endtime="20200312 12:23:53.030"></status>
</kw>
<status status="PASS" starttime="20200312 12:23:52.913" endtime="20200312 12:23:53.030"></status>
</kw>
<kw name="Aleatorio Curp">
<assign>
<var>${curp}</var>
</assign>
<kw name="Get Current Date" library="DateTime">
<doc>Returns current local or UTC time with an optional increment.</doc>
<arguments>
<arg>result_format=%Y-%m-%d %H:%M:%S.%f</arg>
</arguments>
<assign>
<var>${CurrentDate}</var>
</assign>
<msg timestamp="20200312 12:23:53.031" level="INFO">${CurrentDate} = 2020-03-12 12:23:53.031381</msg>
<status status="PASS" starttime="20200312 12:23:53.031" endtime="20200312 12:23:53.031"></status>
</kw>
<kw name="Convert Date" library="DateTime">
<doc>Converts between supported `date formats`.</doc>
<arguments>
<arg>${CurrentDate}</arg>
<arg>datetime</arg>
</arguments>
<assign>
<var>${datetime}</var>
</assign>
<msg timestamp="20200312 12:23:53.032" level="INFO">${datetime} = 2020-03-12 12:23:53.031381</msg>
<status status="PASS" starttime="20200312 12:23:53.032" endtime="20200312 12:23:53.032"></status>
</kw>
<kw name="Generate Random String" library="String">
<doc>Generates a string with a desired ``length`` from the given ``chars``.</doc>
<arguments>
<arg>2</arg>
<arg>[UPPER]</arg>
</arguments>
<assign>
<var>${tex}</var>
</assign>
<msg timestamp="20200312 12:23:53.033" level="INFO">${tex} = DW</msg>
<status status="PASS" starttime="20200312 12:23:53.033" endtime="20200312 12:23:53.033"></status>
</kw>
<kw name="Generate Random String" library="String">
<doc>Generates a string with a desired ``length`` from the given ``chars``.</doc>
<arguments>
<arg>2</arg>
<arg>[NUMBERS]</arg>
</arguments>
<assign>
<var>${num}</var>
</assign>
<msg timestamp="20200312 12:23:53.034" level="INFO">${num} = 58</msg>
<status status="PASS" starttime="20200312 12:23:53.034" endtime="20200312 12:23:53.034"></status>
</kw>
<msg timestamp="20200312 12:23:53.035" level="INFO">${curp} = GOHJ810919HDflTD58</msg>
<status status="PASS" starttime="20200312 12:23:53.030" endtime="20200312 12:23:53.035"></status>
</kw>
<kw name="Click" library="recursos">
<arguments>
<arg>//*[@id="Formulario"]/form/div[3]/div[1]/select/option[2]</arg>
</arguments>
<kw name="Click Element" library="SeleniumLibrary">
<doc>Click the element identified by ``locator``.</doc>
<arguments>
<arg>xpath=${arg1}</arg>
</arguments>
<msg timestamp="20200312 12:23:53.037" level="INFO">Clicking element 'xpath=//*[@id="Formulario"]/form/div[3]/div[1]/select/option[2]'.</msg>
<status status="PASS" starttime="20200312 12:23:53.036" endtime="20200312 12:23:53.426"></status>
</kw>
<status status="PASS" starttime="20200312 12:23:53.035" endtime="20200312 12:23:53.427"></status>
</kw>
<kw name="Texto" library="recursos">
<arguments>
<arg>(//input[contains(@formcontrolname,'curp')])[1]</arg>
<arg>${curp}</arg>
</arguments>
<kw name="Input Text" library="SeleniumLibrary">
<doc>Types the given ``text`` into the text field identified by ``locator``.</doc>
<arguments>
<arg>xpath=${arg1}</arg>
<arg>${arg2}</arg>
</arguments>
<msg timestamp="20200312 12:23:53.428" level="INFO">Typing text 'GOHJ810919HDflTD58' into text field 'xpath=(//input[contains(@formcontrolname,'curp')])[1]'.</msg>
<status status="PASS" starttime="20200312 12:23:53.428" endtime="20200312 12:23:55.541"></status>
</kw>
<status status="PASS" starttime="20200312 12:23:53.427" endtime="20200312 12:23:55.542"></status>
</kw>
<kw name="Scroll" library="recursos">
<arguments>
<arg>0</arg>
<arg>400</arg>
</arguments>
<kw name="Execute Javascript" library="SeleniumLibrary">
<doc>Executes the given JavaScript code with possible arguments.</doc>
<arguments>
<arg>window.scrollTo(${arg1},${arg2})</arg>
</arguments>
<msg timestamp="20200312 12:23:55.543" level="INFO">Executing JavaScript:
window.scrollTo(0,400)
Without any arguments.</msg>
<status status="PASS" starttime="20200312 12:23:55.542" endtime="20200312 12:23:55.667"></status>
</kw>
<status status="PASS" starttime="20200312 12:23:55.542" endtime="20200312 12:23:55.668"></status>
</kw>
<kw name="Dormir" library="recursos">
<arguments>
<arg>.2</arg>
</arguments>
<kw name="Sleep" library="BuiltIn">
<doc>Pauses the test executed for the given time.</doc>
<arguments>
<arg>${arg1}</arg>
</arguments>
<msg timestamp="20200312 12:23:55.869" level="INFO">Slept 200 milliseconds</msg>
<status status="PASS" starttime="20200312 12:23:55.668" endtime="20200312 12:23:55.869"></status>
</kw>
<status status="PASS" starttime="20200312 12:23:55.668" endtime="20200312 12:23:55.870"></status>
</kw>
<kw name="Texto" library="recursos">
<arguments>
<arg>//input[@formcontrolname='rfc']</arg>
<arg>${claverfc}</arg>
</arguments>
<kw name="Input Text" library="SeleniumLibrary">
<doc>Types the given ``text`` into the text field identified by ``locator``.</doc>
<arguments>
<arg>xpath=${arg1}</arg>
<arg>${arg2}</arg>
</arguments>
<msg timestamp="20200312 12:23:55.871" level="INFO">Typing text 'WCZC840918NA2' into text field 'xpath=//input[@formcontrolname='rfc']'.</msg>
<kw name="Capture Page Screenshot" library="SeleniumLibrary">
<doc>Takes a screenshot of the current page and embeds it into a log file.</doc>
<msg timestamp="20200312 12:23:56.829" level="INFO" html="yes">&lt;/td&gt;&lt;/tr&gt;&lt;tr&gt;&lt;td colspan="3"&gt;&lt;a href="selenium-screenshot-4.png"&gt;&lt;img src="selenium-screenshot-4.png" width="800px"&gt;&lt;/a&gt;</msg>
<status status="PASS" starttime="20200312 12:23:56.125" endtime="20200312 12:23:56.830"></status>
</kw>
<msg timestamp="20200312 12:23:56.831" level="FAIL">InvalidElementStateException: Message: invalid element state: Element is not currently interactable and may not be manipulated
  (Session info: chrome=80.0.3987.132)
</msg>
<status status="FAIL" starttime="20200312 12:23:55.870" endtime="20200312 12:23:56.831"></status>
</kw>
<status status="FAIL" starttime="20200312 12:23:55.870" endtime="20200312 12:23:56.831"></status>
</kw>
<status status="FAIL" starttime="20200312 12:23:52.912" endtime="20200312 12:23:56.831"></status>
</kw>
<msg timestamp="20200312 12:23:56.831" level="INFO">${val} = False</msg>
<status status="PASS" starttime="20200312 12:23:52.912" endtime="20200312 12:23:56.831"></status>
</kw>
<kw name="Log" library="BuiltIn">
<doc>Logs the given message with the given level.</doc>
<arguments>
<arg>${val}</arg>
</arguments>
<msg timestamp="20200312 12:23:56.832" level="INFO">False</msg>
<status status="PASS" starttime="20200312 12:23:56.832" endtime="20200312 12:23:56.832"></status>
</kw>
<kw name="Dormir" library="recursos">
<arguments>
<arg>1</arg>
</arguments>
<kw name="Sleep" library="BuiltIn">
<doc>Pauses the test executed for the given time.</doc>
<arguments>
<arg>${arg1}</arg>
</arguments>
<msg timestamp="20200312 12:23:57.833" level="INFO">Slept 1 second</msg>
<status status="PASS" starttime="20200312 12:23:56.833" endtime="20200312 12:23:57.833"></status>
</kw>
<status status="PASS" starttime="20200312 12:23:56.832" endtime="20200312 12:23:57.833"></status>
</kw>
<kw name="Run Keyword If" library="BuiltIn">
<doc>Runs the given keyword with the given arguments, if ``condition`` is true.</doc>
<arguments>
<arg>'${val}'=='True'</arg>
<arg>Exit For Loop</arg>
</arguments>
<status status="PASS" starttime="20200312 12:23:57.833" endtime="20200312 12:23:57.834"></status>
</kw>
<status status="PASS" starttime="20200312 12:23:52.912" endtime="20200312 12:23:57.834"></status>
</kw>
<kw name="${INDEX} = 5" type="foritem">
<kw name="Run Keyword And Return Status" library="BuiltIn">
<doc>Runs the given keyword with given arguments and returns the status as a Boolean value.</doc>
<arguments>
<arg>Datos Personales</arg>
<arg>${claverfc}</arg>
</arguments>
<assign>
<var>${val}</var>
</assign>
<kw name="Datos Personales" library="casos">
<arguments>
<arg>${claverfc}</arg>
</arguments>
<kw name="Esperar Iniciar Forzar" library="recursos">
<arguments>
<arg>10</arg>
</arguments>
<kw name="Set Selenium Implicit Wait" library="SeleniumLibrary">
<doc>Sets the implicit wait value used by Selenium.</doc>
<arguments>
<arg>${arg1} seconds</arg>
</arguments>
<status status="PASS" starttime="20200312 12:23:57.835" endtime="20200312 12:23:57.938"></status>
</kw>
<status status="PASS" starttime="20200312 12:23:57.835" endtime="20200312 12:23:57.938"></status>
</kw>
<kw name="Aleatorio Curp">
<assign>
<var>${curp}</var>
</assign>
<kw name="Get Current Date" library="DateTime">
<doc>Returns current local or UTC time with an optional increment.</doc>
<arguments>
<arg>result_format=%Y-%m-%d %H:%M:%S.%f</arg>
</arguments>
<assign>
<var>${CurrentDate}</var>
</assign>
<msg timestamp="20200312 12:23:57.939" level="INFO">${CurrentDate} = 2020-03-12 12:23:57.938578</msg>
<status status="PASS" starttime="20200312 12:23:57.939" endtime="20200312 12:23:57.939"></status>
</kw>
<kw name="Convert Date" library="DateTime">
<doc>Converts between supported `date formats`.</doc>
<arguments>
<arg>${CurrentDate}</arg>
<arg>datetime</arg>
</arguments>
<assign>
<var>${datetime}</var>
</assign>
<msg timestamp="20200312 12:23:57.940" level="INFO">${datetime} = 2020-03-12 12:23:57.938578</msg>
<status status="PASS" starttime="20200312 12:23:57.939" endtime="20200312 12:23:57.940"></status>
</kw>
<kw name="Generate Random String" library="String">
<doc>Generates a string with a desired ``length`` from the given ``chars``.</doc>
<arguments>
<arg>2</arg>
<arg>[UPPER]</arg>
</arguments>
<assign>
<var>${tex}</var>
</assign>
<msg timestamp="20200312 12:23:57.940" level="INFO">${tex} = VL</msg>
<status status="PASS" starttime="20200312 12:23:57.940" endtime="20200312 12:23:57.940"></status>
</kw>
<kw name="Generate Random String" library="String">
<doc>Generates a string with a desired ``length`` from the given ``chars``.</doc>
<arguments>
<arg>2</arg>
<arg>[NUMBERS]</arg>
</arguments>
<assign>
<var>${num}</var>
</assign>
<msg timestamp="20200312 12:23:57.941" level="INFO">${num} = 54</msg>
<status status="PASS" starttime="20200312 12:23:57.941" endtime="20200312 12:23:57.941"></status>
</kw>
<msg timestamp="20200312 12:23:57.941" level="INFO">${curp} = GOHJ810919HDflTD54</msg>
<status status="PASS" starttime="20200312 12:23:57.938" endtime="20200312 12:23:57.941"></status>
</kw>
<kw name="Click" library="recursos">
<arguments>
<arg>//*[@id="Formulario"]/form/div[3]/div[1]/select/option[2]</arg>
</arguments>
<kw name="Click Element" library="SeleniumLibrary">
<doc>Click the element identified by ``locator``.</doc>
<arguments>
<arg>xpath=${arg1}</arg>
</arguments>
<msg timestamp="20200312 12:23:57.942" level="INFO">Clicking element 'xpath=//*[@id="Formulario"]/form/div[3]/div[1]/select/option[2]'.</msg>
<status status="PASS" starttime="20200312 12:23:57.942" endtime="20200312 12:23:58.279"></status>
</kw>
<status status="PASS" starttime="20200312 12:23:57.941" endtime="20200312 12:23:58.279"></status>
</kw>
<kw name="Texto" library="recursos">
<arguments>
<arg>(//input[contains(@formcontrolname,'curp')])[1]</arg>
<arg>${curp}</arg>
</arguments>
<kw name="Input Text" library="SeleniumLibrary">
<doc>Types the given ``text`` into the text field identified by ``locator``.</doc>
<arguments>
<arg>xpath=${arg1}</arg>
<arg>${arg2}</arg>
</arguments>
<msg timestamp="20200312 12:23:58.280" level="INFO">Typing text 'GOHJ810919HDflTD54' into text field 'xpath=(//input[contains(@formcontrolname,'curp')])[1]'.</msg>
<status status="PASS" starttime="20200312 12:23:58.280" endtime="20200312 12:23:59.922"></status>
</kw>
<status status="PASS" starttime="20200312 12:23:58.279" endtime="20200312 12:23:59.922"></status>
</kw>
<kw name="Scroll" library="recursos">
<arguments>
<arg>0</arg>
<arg>400</arg>
</arguments>
<kw name="Execute Javascript" library="SeleniumLibrary">
<doc>Executes the given JavaScript code with possible arguments.</doc>
<arguments>
<arg>window.scrollTo(${arg1},${arg2})</arg>
</arguments>
<msg timestamp="20200312 12:23:59.925" level="INFO">Executing JavaScript:
window.scrollTo(0,400)
Without any arguments.</msg>
<status status="PASS" starttime="20200312 12:23:59.923" endtime="20200312 12:24:00.087"></status>
</kw>
<status status="PASS" starttime="20200312 12:23:59.923" endtime="20200312 12:24:00.087"></status>
</kw>
<kw name="Dormir" library="recursos">
<arguments>
<arg>.2</arg>
</arguments>
<kw name="Sleep" library="BuiltIn">
<doc>Pauses the test executed for the given time.</doc>
<arguments>
<arg>${arg1}</arg>
</arguments>
<msg timestamp="20200312 12:24:00.289" level="INFO">Slept 200 milliseconds</msg>
<status status="PASS" starttime="20200312 12:24:00.088" endtime="20200312 12:24:00.289"></status>
</kw>
<status status="PASS" starttime="20200312 12:24:00.087" endtime="20200312 12:24:00.289"></status>
</kw>
<kw name="Texto" library="recursos">
<arguments>
<arg>//input[@formcontrolname='rfc']</arg>
<arg>${claverfc}</arg>
</arguments>
<kw name="Input Text" library="SeleniumLibrary">
<doc>Types the given ``text`` into the text field identified by ``locator``.</doc>
<arguments>
<arg>xpath=${arg1}</arg>
<arg>${arg2}</arg>
</arguments>
<msg timestamp="20200312 12:24:00.290" level="INFO">Typing text 'WCZC840918NA2' into text field 'xpath=//input[@formcontrolname='rfc']'.</msg>
<kw name="Capture Page Screenshot" library="SeleniumLibrary">
<doc>Takes a screenshot of the current page and embeds it into a log file.</doc>
<msg timestamp="20200312 12:24:01.174" level="INFO" html="yes">&lt;/td&gt;&lt;/tr&gt;&lt;tr&gt;&lt;td colspan="3"&gt;&lt;a href="selenium-screenshot-5.png"&gt;&lt;img src="selenium-screenshot-5.png" width="800px"&gt;&lt;/a&gt;</msg>
<status status="PASS" starttime="20200312 12:24:00.553" endtime="20200312 12:24:01.174"></status>
</kw>
<msg timestamp="20200312 12:24:01.175" level="FAIL">InvalidElementStateException: Message: invalid element state: Element is not currently interactable and may not be manipulated
  (Session info: chrome=80.0.3987.132)
</msg>
<status status="FAIL" starttime="20200312 12:24:00.290" endtime="20200312 12:24:01.176"></status>
</kw>
<status status="FAIL" starttime="20200312 12:24:00.289" endtime="20200312 12:24:01.176"></status>
</kw>
<status status="FAIL" starttime="20200312 12:23:57.835" endtime="20200312 12:24:01.176"></status>
</kw>
<msg timestamp="20200312 12:24:01.176" level="INFO">${val} = False</msg>
<status status="PASS" starttime="20200312 12:23:57.834" endtime="20200312 12:24:01.176"></status>
</kw>
<kw name="Log" library="BuiltIn">
<doc>Logs the given message with the given level.</doc>
<arguments>
<arg>${val}</arg>
</arguments>
<msg timestamp="20200312 12:24:01.177" level="INFO">False</msg>
<status status="PASS" starttime="20200312 12:24:01.177" endtime="20200312 12:24:01.177"></status>
</kw>
<kw name="Dormir" library="recursos">
<arguments>
<arg>1</arg>
</arguments>
<kw name="Sleep" library="BuiltIn">
<doc>Pauses the test executed for the given time.</doc>
<arguments>
<arg>${arg1}</arg>
</arguments>
<msg timestamp="20200312 12:24:02.178" level="INFO">Slept 1 second</msg>
<status status="PASS" starttime="20200312 12:24:01.178" endtime="20200312 12:24:02.178"></status>
</kw>
<status status="PASS" starttime="20200312 12:24:01.177" endtime="20200312 12:24:02.179"></status>
</kw>
<kw name="Run Keyword If" library="BuiltIn">
<doc>Runs the given keyword with the given arguments, if ``condition`` is true.</doc>
<arguments>
<arg>'${val}'=='True'</arg>
<arg>Exit For Loop</arg>
</arguments>
<status status="PASS" starttime="20200312 12:24:02.179" endtime="20200312 12:24:02.179"></status>
</kw>
<status status="PASS" starttime="20200312 12:23:57.834" endtime="20200312 12:24:02.179"></status>
</kw>
<kw name="${INDEX} = 6" type="foritem">
<kw name="Run Keyword And Return Status" library="BuiltIn">
<doc>Runs the given keyword with given arguments and returns the status as a Boolean value.</doc>
<arguments>
<arg>Datos Personales</arg>
<arg>${claverfc}</arg>
</arguments>
<assign>
<var>${val}</var>
</assign>
<kw name="Datos Personales" library="casos">
<arguments>
<arg>${claverfc}</arg>
</arguments>
<kw name="Esperar Iniciar Forzar" library="recursos">
<arguments>
<arg>10</arg>
</arguments>
<kw name="Set Selenium Implicit Wait" library="SeleniumLibrary">
<doc>Sets the implicit wait value used by Selenium.</doc>
<arguments>
<arg>${arg1} seconds</arg>
</arguments>
<status status="PASS" starttime="20200312 12:24:02.181" endtime="20200312 12:24:02.348"></status>
</kw>
<status status="PASS" starttime="20200312 12:24:02.181" endtime="20200312 12:24:02.348"></status>
</kw>
<kw name="Aleatorio Curp">
<assign>
<var>${curp}</var>
</assign>
<kw name="Get Current Date" library="DateTime">
<doc>Returns current local or UTC time with an optional increment.</doc>
<arguments>
<arg>result_format=%Y-%m-%d %H:%M:%S.%f</arg>
</arguments>
<assign>
<var>${CurrentDate}</var>
</assign>
<msg timestamp="20200312 12:24:02.350" level="INFO">${CurrentDate} = 2020-03-12 12:24:02.349812</msg>
<status status="PASS" starttime="20200312 12:24:02.349" endtime="20200312 12:24:02.350"></status>
</kw>
<kw name="Convert Date" library="DateTime">
<doc>Converts between supported `date formats`.</doc>
<arguments>
<arg>${CurrentDate}</arg>
<arg>datetime</arg>
</arguments>
<assign>
<var>${datetime}</var>
</assign>
<msg timestamp="20200312 12:24:02.351" level="INFO">${datetime} = 2020-03-12 12:24:02.349812</msg>
<status status="PASS" starttime="20200312 12:24:02.350" endtime="20200312 12:24:02.351"></status>
</kw>
<kw name="Generate Random String" library="String">
<doc>Generates a string with a desired ``length`` from the given ``chars``.</doc>
<arguments>
<arg>2</arg>
<arg>[UPPER]</arg>
</arguments>
<assign>
<var>${tex}</var>
</assign>
<msg timestamp="20200312 12:24:02.352" level="INFO">${tex} = MJ</msg>
<status status="PASS" starttime="20200312 12:24:02.352" endtime="20200312 12:24:02.352"></status>
</kw>
<kw name="Generate Random String" library="String">
<doc>Generates a string with a desired ``length`` from the given ``chars``.</doc>
<arguments>
<arg>2</arg>
<arg>[NUMBERS]</arg>
</arguments>
<assign>
<var>${num}</var>
</assign>
<msg timestamp="20200312 12:24:02.353" level="INFO">${num} = 75</msg>
<status status="PASS" starttime="20200312 12:24:02.352" endtime="20200312 12:24:02.353"></status>
</kw>
<msg timestamp="20200312 12:24:02.353" level="INFO">${curp} = GOHJ810919HDflTD75</msg>
<status status="PASS" starttime="20200312 12:24:02.349" endtime="20200312 12:24:02.353"></status>
</kw>
<kw name="Click" library="recursos">
<arguments>
<arg>//*[@id="Formulario"]/form/div[3]/div[1]/select/option[2]</arg>
</arguments>
<kw name="Click Element" library="SeleniumLibrary">
<doc>Click the element identified by ``locator``.</doc>
<arguments>
<arg>xpath=${arg1}</arg>
</arguments>
<msg timestamp="20200312 12:24:02.354" level="INFO">Clicking element 'xpath=//*[@id="Formulario"]/form/div[3]/div[1]/select/option[2]'.</msg>
<status status="PASS" starttime="20200312 12:24:02.354" endtime="20200312 12:24:02.656"></status>
</kw>
<status status="PASS" starttime="20200312 12:24:02.353" endtime="20200312 12:24:02.656"></status>
</kw>
<kw name="Texto" library="recursos">
<arguments>
<arg>(//input[contains(@formcontrolname,'curp')])[1]</arg>
<arg>${curp}</arg>
</arguments>
<kw name="Input Text" library="SeleniumLibrary">
<doc>Types the given ``text`` into the text field identified by ``locator``.</doc>
<arguments>
<arg>xpath=${arg1}</arg>
<arg>${arg2}</arg>
</arguments>
<msg timestamp="20200312 12:24:02.658" level="INFO">Typing text 'GOHJ810919HDflTD75' into text field 'xpath=(//input[contains(@formcontrolname,'curp')])[1]'.</msg>
<status status="PASS" starttime="20200312 12:24:02.658" endtime="20200312 12:24:04.080"></status>
</kw>
<status status="PASS" starttime="20200312 12:24:02.657" endtime="20200312 12:24:04.080"></status>
</kw>
<kw name="Scroll" library="recursos">
<arguments>
<arg>0</arg>
<arg>400</arg>
</arguments>
<kw name="Execute Javascript" library="SeleniumLibrary">
<doc>Executes the given JavaScript code with possible arguments.</doc>
<arguments>
<arg>window.scrollTo(${arg1},${arg2})</arg>
</arguments>
<msg timestamp="20200312 12:24:04.082" level="INFO">Executing JavaScript:
window.scrollTo(0,400)
Without any arguments.</msg>
<status status="PASS" starttime="20200312 12:24:04.081" endtime="20200312 12:24:04.267"></status>
</kw>
<status status="PASS" starttime="20200312 12:24:04.080" endtime="20200312 12:24:04.267"></status>
</kw>
<kw name="Dormir" library="recursos">
<arguments>
<arg>.2</arg>
</arguments>
<kw name="Sleep" library="BuiltIn">
<doc>Pauses the test executed for the given time.</doc>
<arguments>
<arg>${arg1}</arg>
</arguments>
<msg timestamp="20200312 12:24:04.469" level="INFO">Slept 200 milliseconds</msg>
<status status="PASS" starttime="20200312 12:24:04.268" endtime="20200312 12:24:04.469"></status>
</kw>
<status status="PASS" starttime="20200312 12:24:04.267" endtime="20200312 12:24:04.469"></status>
</kw>
<kw name="Texto" library="recursos">
<arguments>
<arg>//input[@formcontrolname='rfc']</arg>
<arg>${claverfc}</arg>
</arguments>
<kw name="Input Text" library="SeleniumLibrary">
<doc>Types the given ``text`` into the text field identified by ``locator``.</doc>
<arguments>
<arg>xpath=${arg1}</arg>
<arg>${arg2}</arg>
</arguments>
<msg timestamp="20200312 12:24:04.470" level="INFO">Typing text 'WCZC840918NA2' into text field 'xpath=//input[@formcontrolname='rfc']'.</msg>
<kw name="Capture Page Screenshot" library="SeleniumLibrary">
<doc>Takes a screenshot of the current page and embeds it into a log file.</doc>
<msg timestamp="20200312 12:24:05.366" level="INFO" html="yes">&lt;/td&gt;&lt;/tr&gt;&lt;tr&gt;&lt;td colspan="3"&gt;&lt;a href="selenium-screenshot-6.png"&gt;&lt;img src="selenium-screenshot-6.png" width="800px"&gt;&lt;/a&gt;</msg>
<status status="PASS" starttime="20200312 12:24:04.758" endtime="20200312 12:24:05.366"></status>
</kw>
<msg timestamp="20200312 12:24:05.367" level="FAIL">InvalidElementStateException: Message: invalid element state: Element is not currently interactable and may not be manipulated
  (Session info: chrome=80.0.3987.132)
</msg>
<status status="FAIL" starttime="20200312 12:24:04.470" endtime="20200312 12:24:05.367"></status>
</kw>
<status status="FAIL" starttime="20200312 12:24:04.469" endtime="20200312 12:24:05.367"></status>
</kw>
<status status="FAIL" starttime="20200312 12:24:02.180" endtime="20200312 12:24:05.368"></status>
</kw>
<msg timestamp="20200312 12:24:05.368" level="INFO">${val} = False</msg>
<status status="PASS" starttime="20200312 12:24:02.180" endtime="20200312 12:24:05.368"></status>
</kw>
<kw name="Log" library="BuiltIn">
<doc>Logs the given message with the given level.</doc>
<arguments>
<arg>${val}</arg>
</arguments>
<msg timestamp="20200312 12:24:05.368" level="INFO">False</msg>
<status status="PASS" starttime="20200312 12:24:05.368" endtime="20200312 12:24:05.369"></status>
</kw>
<kw name="Dormir" library="recursos">
<arguments>
<arg>1</arg>
</arguments>
<kw name="Sleep" library="BuiltIn">
<doc>Pauses the test executed for the given time.</doc>
<arguments>
<arg>${arg1}</arg>
</arguments>
<msg timestamp="20200312 12:24:06.370" level="INFO">Slept 1 second</msg>
<status status="PASS" starttime="20200312 12:24:05.369" endtime="20200312 12:24:06.370"></status>
</kw>
<status status="PASS" starttime="20200312 12:24:05.369" endtime="20200312 12:24:06.371"></status>
</kw>
<kw name="Run Keyword If" library="BuiltIn">
<doc>Runs the given keyword with the given arguments, if ``condition`` is true.</doc>
<arguments>
<arg>'${val}'=='True'</arg>
<arg>Exit For Loop</arg>
</arguments>
<status status="PASS" starttime="20200312 12:24:06.371" endtime="20200312 12:24:06.371"></status>
</kw>
<status status="PASS" starttime="20200312 12:24:02.179" endtime="20200312 12:24:06.371"></status>
</kw>
<kw name="${INDEX} = 7" type="foritem">
<kw name="Run Keyword And Return Status" library="BuiltIn">
<doc>Runs the given keyword with given arguments and returns the status as a Boolean value.</doc>
<arguments>
<arg>Datos Personales</arg>
<arg>${claverfc}</arg>
</arguments>
<assign>
<var>${val}</var>
</assign>
<kw name="Datos Personales" library="casos">
<arguments>
<arg>${claverfc}</arg>
</arguments>
<kw name="Esperar Iniciar Forzar" library="recursos">
<arguments>
<arg>10</arg>
</arguments>
<kw name="Set Selenium Implicit Wait" library="SeleniumLibrary">
<doc>Sets the implicit wait value used by Selenium.</doc>
<arguments>
<arg>${arg1} seconds</arg>
</arguments>
<status status="PASS" starttime="20200312 12:24:06.373" endtime="20200312 12:24:06.479"></status>
</kw>
<status status="PASS" starttime="20200312 12:24:06.373" endtime="20200312 12:24:06.479"></status>
</kw>
<kw name="Aleatorio Curp">
<assign>
<var>${curp}</var>
</assign>
<kw name="Get Current Date" library="DateTime">
<doc>Returns current local or UTC time with an optional increment.</doc>
<arguments>
<arg>result_format=%Y-%m-%d %H:%M:%S.%f</arg>
</arguments>
<assign>
<var>${CurrentDate}</var>
</assign>
<msg timestamp="20200312 12:24:06.481" level="INFO">${CurrentDate} = 2020-03-12 12:24:06.480798</msg>
<status status="PASS" starttime="20200312 12:24:06.480" endtime="20200312 12:24:06.481"></status>
</kw>
<kw name="Convert Date" library="DateTime">
<doc>Converts between supported `date formats`.</doc>
<arguments>
<arg>${CurrentDate}</arg>
<arg>datetime</arg>
</arguments>
<assign>
<var>${datetime}</var>
</assign>
<msg timestamp="20200312 12:24:06.482" level="INFO">${datetime} = 2020-03-12 12:24:06.480798</msg>
<status status="PASS" starttime="20200312 12:24:06.481" endtime="20200312 12:24:06.482"></status>
</kw>
<kw name="Generate Random String" library="String">
<doc>Generates a string with a desired ``length`` from the given ``chars``.</doc>
<arguments>
<arg>2</arg>
<arg>[UPPER]</arg>
</arguments>
<assign>
<var>${tex}</var>
</assign>
<msg timestamp="20200312 12:24:06.482" level="INFO">${tex} = CL</msg>
<status status="PASS" starttime="20200312 12:24:06.482" endtime="20200312 12:24:06.482"></status>
</kw>
<kw name="Generate Random String" library="String">
<doc>Generates a string with a desired ``length`` from the given ``chars``.</doc>
<arguments>
<arg>2</arg>
<arg>[NUMBERS]</arg>
</arguments>
<assign>
<var>${num}</var>
</assign>
<msg timestamp="20200312 12:24:06.483" level="INFO">${num} = 14</msg>
<status status="PASS" starttime="20200312 12:24:06.482" endtime="20200312 12:24:06.483"></status>
</kw>
<msg timestamp="20200312 12:24:06.483" level="INFO">${curp} = GOHJ810919HDflTD14</msg>
<status status="PASS" starttime="20200312 12:24:06.480" endtime="20200312 12:24:06.483"></status>
</kw>
<kw name="Click" library="recursos">
<arguments>
<arg>//*[@id="Formulario"]/form/div[3]/div[1]/select/option[2]</arg>
</arguments>
<kw name="Click Element" library="SeleniumLibrary">
<doc>Click the element identified by ``locator``.</doc>
<arguments>
<arg>xpath=${arg1}</arg>
</arguments>
<msg timestamp="20200312 12:24:06.484" level="INFO">Clicking element 'xpath=//*[@id="Formulario"]/form/div[3]/div[1]/select/option[2]'.</msg>
<status status="PASS" starttime="20200312 12:24:06.484" endtime="20200312 12:24:06.839"></status>
</kw>
<status status="PASS" starttime="20200312 12:24:06.483" endtime="20200312 12:24:06.839"></status>
</kw>
<kw name="Texto" library="recursos">
<arguments>
<arg>(//input[contains(@formcontrolname,'curp')])[1]</arg>
<arg>${curp}</arg>
</arguments>
<kw name="Input Text" library="SeleniumLibrary">
<doc>Types the given ``text`` into the text field identified by ``locator``.</doc>
<arguments>
<arg>xpath=${arg1}</arg>
<arg>${arg2}</arg>
</arguments>
<msg timestamp="20200312 12:24:06.841" level="INFO">Typing text 'GOHJ810919HDflTD14' into text field 'xpath=(//input[contains(@formcontrolname,'curp')])[1]'.</msg>
<status status="PASS" starttime="20200312 12:24:06.840" endtime="20200312 12:24:08.166"></status>
</kw>
<status status="PASS" starttime="20200312 12:24:06.840" endtime="20200312 12:24:08.166"></status>
</kw>
<kw name="Scroll" library="recursos">
<arguments>
<arg>0</arg>
<arg>400</arg>
</arguments>
<kw name="Execute Javascript" library="SeleniumLibrary">
<doc>Executes the given JavaScript code with possible arguments.</doc>
<arguments>
<arg>window.scrollTo(${arg1},${arg2})</arg>
</arguments>
<msg timestamp="20200312 12:24:08.168" level="INFO">Executing JavaScript:
window.scrollTo(0,400)
Without any arguments.</msg>
<status status="PASS" starttime="20200312 12:24:08.167" endtime="20200312 12:24:08.302"></status>
</kw>
<status status="PASS" starttime="20200312 12:24:08.166" endtime="20200312 12:24:08.302"></status>
</kw>
<kw name="Dormir" library="recursos">
<arguments>
<arg>.2</arg>
</arguments>
<kw name="Sleep" library="BuiltIn">
<doc>Pauses the test executed for the given time.</doc>
<arguments>
<arg>${arg1}</arg>
</arguments>
<msg timestamp="20200312 12:24:08.504" level="INFO">Slept 200 milliseconds</msg>
<status status="PASS" starttime="20200312 12:24:08.303" endtime="20200312 12:24:08.504"></status>
</kw>
<status status="PASS" starttime="20200312 12:24:08.302" endtime="20200312 12:24:08.504"></status>
</kw>
<kw name="Texto" library="recursos">
<arguments>
<arg>//input[@formcontrolname='rfc']</arg>
<arg>${claverfc}</arg>
</arguments>
<kw name="Input Text" library="SeleniumLibrary">
<doc>Types the given ``text`` into the text field identified by ``locator``.</doc>
<arguments>
<arg>xpath=${arg1}</arg>
<arg>${arg2}</arg>
</arguments>
<msg timestamp="20200312 12:24:08.506" level="INFO">Typing text 'WCZC840918NA2' into text field 'xpath=//input[@formcontrolname='rfc']'.</msg>
<kw name="Capture Page Screenshot" library="SeleniumLibrary">
<doc>Takes a screenshot of the current page and embeds it into a log file.</doc>
<msg timestamp="20200312 12:24:09.406" level="INFO" html="yes">&lt;/td&gt;&lt;/tr&gt;&lt;tr&gt;&lt;td colspan="3"&gt;&lt;a href="selenium-screenshot-7.png"&gt;&lt;img src="selenium-screenshot-7.png" width="800px"&gt;&lt;/a&gt;</msg>
<status status="PASS" starttime="20200312 12:24:08.781" endtime="20200312 12:24:09.406"></status>
</kw>
<msg timestamp="20200312 12:24:09.407" level="FAIL">InvalidElementStateException: Message: invalid element state: Element is not currently interactable and may not be manipulated
  (Session info: chrome=80.0.3987.132)
</msg>
<status status="FAIL" starttime="20200312 12:24:08.505" endtime="20200312 12:24:09.407"></status>
</kw>
<status status="FAIL" starttime="20200312 12:24:08.504" endtime="20200312 12:24:09.408"></status>
</kw>
<status status="FAIL" starttime="20200312 12:24:06.372" endtime="20200312 12:24:09.408"></status>
</kw>
<msg timestamp="20200312 12:24:09.408" level="INFO">${val} = False</msg>
<status status="PASS" starttime="20200312 12:24:06.372" endtime="20200312 12:24:09.408"></status>
</kw>
<kw name="Log" library="BuiltIn">
<doc>Logs the given message with the given level.</doc>
<arguments>
<arg>${val}</arg>
</arguments>
<msg timestamp="20200312 12:24:09.409" level="INFO">False</msg>
<status status="PASS" starttime="20200312 12:24:09.408" endtime="20200312 12:24:09.409"></status>
</kw>
<kw name="Dormir" library="recursos">
<arguments>
<arg>1</arg>
</arguments>
<kw name="Sleep" library="BuiltIn">
<doc>Pauses the test executed for the given time.</doc>
<arguments>
<arg>${arg1}</arg>
</arguments>
<msg timestamp="20200312 12:24:10.411" level="INFO">Slept 1 second</msg>
<status status="PASS" starttime="20200312 12:24:09.410" endtime="20200312 12:24:10.411"></status>
</kw>
<status status="PASS" starttime="20200312 12:24:09.409" endtime="20200312 12:24:10.412"></status>
</kw>
<kw name="Run Keyword If" library="BuiltIn">
<doc>Runs the given keyword with the given arguments, if ``condition`` is true.</doc>
<arguments>
<arg>'${val}'=='True'</arg>
<arg>Exit For Loop</arg>
</arguments>
<status status="PASS" starttime="20200312 12:24:10.412" endtime="20200312 12:24:10.412"></status>
</kw>
<status status="PASS" starttime="20200312 12:24:06.371" endtime="20200312 12:24:10.412"></status>
</kw>
<kw name="${INDEX} = 8" type="foritem">
<kw name="Run Keyword And Return Status" library="BuiltIn">
<doc>Runs the given keyword with given arguments and returns the status as a Boolean value.</doc>
<arguments>
<arg>Datos Personales</arg>
<arg>${claverfc}</arg>
</arguments>
<assign>
<var>${val}</var>
</assign>
<kw name="Datos Personales" library="casos">
<arguments>
<arg>${claverfc}</arg>
</arguments>
<kw name="Esperar Iniciar Forzar" library="recursos">
<arguments>
<arg>10</arg>
</arguments>
<kw name="Set Selenium Implicit Wait" library="SeleniumLibrary">
<doc>Sets the implicit wait value used by Selenium.</doc>
<arguments>
<arg>${arg1} seconds</arg>
</arguments>
<status status="PASS" starttime="20200312 12:24:10.414" endtime="20200312 12:24:10.517"></status>
</kw>
<status status="PASS" starttime="20200312 12:24:10.414" endtime="20200312 12:24:10.518"></status>
</kw>
<kw name="Aleatorio Curp">
<assign>
<var>${curp}</var>
</assign>
<kw name="Get Current Date" library="DateTime">
<doc>Returns current local or UTC time with an optional increment.</doc>
<arguments>
<arg>result_format=%Y-%m-%d %H:%M:%S.%f</arg>
</arguments>
<assign>
<var>${CurrentDate}</var>
</assign>
<msg timestamp="20200312 12:24:10.521" level="INFO">${CurrentDate} = 2020-03-12 12:24:10.520543</msg>
<status status="PASS" starttime="20200312 12:24:10.520" endtime="20200312 12:24:10.521"></status>
</kw>
<kw name="Convert Date" library="DateTime">
<doc>Converts between supported `date formats`.</doc>
<arguments>
<arg>${CurrentDate}</arg>
<arg>datetime</arg>
</arguments>
<assign>
<var>${datetime}</var>
</assign>
<msg timestamp="20200312 12:24:10.522" level="INFO">${datetime} = 2020-03-12 12:24:10.520543</msg>
<status status="PASS" starttime="20200312 12:24:10.522" endtime="20200312 12:24:10.522"></status>
</kw>
<kw name="Generate Random String" library="String">
<doc>Generates a string with a desired ``length`` from the given ``chars``.</doc>
<arguments>
<arg>2</arg>
<arg>[UPPER]</arg>
</arguments>
<assign>
<var>${tex}</var>
</assign>
<msg timestamp="20200312 12:24:10.523" level="INFO">${tex} = SK</msg>
<status status="PASS" starttime="20200312 12:24:10.523" endtime="20200312 12:24:10.523"></status>
</kw>
<kw name="Generate Random String" library="String">
<doc>Generates a string with a desired ``length`` from the given ``chars``.</doc>
<arguments>
<arg>2</arg>
<arg>[NUMBERS]</arg>
</arguments>
<assign>
<var>${num}</var>
</assign>
<msg timestamp="20200312 12:24:10.524" level="INFO">${num} = 42</msg>
<status status="PASS" starttime="20200312 12:24:10.523" endtime="20200312 12:24:10.524"></status>
</kw>
<msg timestamp="20200312 12:24:10.524" level="INFO">${curp} = GOHJ810919HDflTD42</msg>
[...]
</kw>
<status status="PASS" starttime="20200312 12:27:03.834" endtime="20200312 12:27:04.178"></status>
</kw>
<kw name="Dormir" library="recursos">
<arguments>
<arg>10</arg>
</arguments>
<kw name="Sleep" library="BuiltIn">
<doc>Pauses the test executed for the given time.</doc>
<arguments>
<arg>${arg1}</arg>
</arguments>
<msg timestamp="20200312 12:27:14.179" level="INFO">Slept 10 seconds</msg>
<status status="PASS" starttime="20200312 12:27:04.178" endtime="20200312 12:27:14.179"></status>
</kw>
<status status="PASS" starttime="20200312 12:27:04.178" endtime="20200312 12:27:14.179"></status>
</kw>
<kw name="Scroll" library="recursos">
<arguments>
<arg>0</arg>
<arg>2800</arg>
</arguments>
<kw name="Execute Javascript" library="SeleniumLibrary">
<doc>Executes the given JavaScript code with possible arguments.</doc>
<arguments>
<arg>window.scrollTo(${arg1},${arg2})</arg>
</arguments>
<msg timestamp="20200312 12:27:14.181" level="INFO">Executing JavaScript:
window.scrollTo(0,2800)
Without any arguments.</msg>
<status status="PASS" starttime="20200312 12:27:14.180" endtime="20200312 12:27:14.345"></status>
</kw>
<status status="PASS" starttime="20200312 12:27:14.179" endtime="20200312 12:27:14.345"></status>
</kw>
<kw name="Dormir" library="recursos">
<arguments>
<arg>2</arg>
</arguments>
<kw name="Sleep" library="BuiltIn">
<doc>Pauses the test executed for the given time.</doc>
<arguments>
<arg>${arg1}</arg>
</arguments>
<msg timestamp="20200312 12:27:16.347" level="INFO">Slept 2 seconds</msg>
<status status="PASS" starttime="20200312 12:27:14.346" endtime="20200312 12:27:16.347"></status>
</kw>
<status status="PASS" starttime="20200312 12:27:14.346" endtime="20200312 12:27:16.348"></status>
</kw>
<kw name="Resultado" library="recursos">
<arguments>
<arg>.4</arg>
<arg>${dir}/Archivos.png</arg>
<arg>Archivos pdf OK</arg>
</arguments>
<kw name="Sleep" library="BuiltIn">
<doc>Pauses the test executed for the given time.</doc>
<arguments>
<arg>${tiempo}</arg>
</arguments>
<msg timestamp="20200312 12:27:16.751" level="INFO">Slept 400 milliseconds</msg>
<status status="PASS" starttime="20200312 12:27:16.349" endtime="20200312 12:27:16.751"></status>
</kw>
<kw name="Capture Page Screenshot" library="SeleniumLibrary">
<doc>Takes a screenshot of the current page and embeds it into a log file.</doc>
<arguments>
<arg>${dir}</arg>
</arguments>
<msg timestamp="20200312 12:27:17.446" level="INFO" html="yes">&lt;/td&gt;&lt;/tr&gt;&lt;tr&gt;&lt;td colspan="3"&gt;&lt;a href="Tramites/Archivos.png"&gt;&lt;img src="Tramites/Archivos.png" width="800px"&gt;&lt;/a&gt;</msg>
<status status="PASS" starttime="20200312 12:27:16.751" endtime="20200312 12:27:17.446"></status>
</kw>
<kw name="Log" library="BuiltIn">
<doc>Logs the given message with the given level.</doc>
<arguments>
<arg>${print}</arg>
</arguments>
<msg timestamp="20200312 12:27:17.447" level="INFO">Archivos pdf OK</msg>
<status status="PASS" starttime="20200312 12:27:17.447" endtime="20200312 12:27:17.447"></status>
</kw>
<status status="PASS" starttime="20200312 12:27:16.348" endtime="20200312 12:27:17.447"></status>
</kw>
<kw name="Click" library="recursos">
<arguments>
<arg>/html/body/div[2]/div/div[3]/button[1]</arg>
</arguments>
<kw name="Click Element" library="SeleniumLibrary">
<doc>Click the element identified by ``locator``.</doc>
<arguments>
<arg>xpath=${arg1}</arg>
</arguments>
<msg timestamp="20200312 12:27:17.449" level="INFO">Clicking element 'xpath=/html/body/div[2]/div/div[3]/button[1]'.</msg>
<status status="PASS" starttime="20200312 12:27:17.448" endtime="20200312 12:27:18.047"></status>
</kw>
<status status="PASS" starttime="20200312 12:27:17.448" endtime="20200312 12:27:18.047"></status>
</kw>
<kw name="Dormir" library="recursos">
<arguments>
<arg>2</arg>
</arguments>
<kw name="Sleep" library="BuiltIn">
<doc>Pauses the test executed for the given time.</doc>
<arguments>
<arg>${arg1}</arg>
</arguments>
<msg timestamp="20200312 12:27:20.049" level="INFO">Slept 2 seconds</msg>
<status status="PASS" starttime="20200312 12:27:18.048" endtime="20200312 12:27:20.049"></status>
</kw>
<status status="PASS" starttime="20200312 12:27:18.048" endtime="20200312 12:27:20.050"></status>
</kw>
<kw name="Scroll" library="recursos">
<arguments>
<arg>0</arg>
<arg>300</arg>
</arguments>
<kw name="Execute Javascript" library="SeleniumLibrary">
<doc>Executes the given JavaScript code with possible arguments.</doc>
<arguments>
<arg>window.scrollTo(${arg1},${arg2})</arg>
</arguments>
<msg timestamp="20200312 12:27:20.051" level="INFO">Executing JavaScript:
window.scrollTo(0,300)
Without any arguments.</msg>
<status status="PASS" starttime="20200312 12:27:20.050" endtime="20200312 12:27:20.165"></status>
</kw>
<status status="PASS" starttime="20200312 12:27:20.050" endtime="20200312 12:27:20.165"></status>
</kw>
<kw name="Resultado" library="recursos">
<arguments>
<arg>1</arg>
<arg>${dir}/Firma_electronica.png</arg>
<arg>Firma Electronica OK</arg>
</arguments>
<kw name="Sleep" library="BuiltIn">
<doc>Pauses the test executed for the given time.</doc>
<arguments>
<arg>${tiempo}</arg>
</arguments>
<msg timestamp="20200312 12:27:21.167" level="INFO">Slept 1 second</msg>
<status status="PASS" starttime="20200312 12:27:20.166" endtime="20200312 12:27:21.167"></status>
</kw>
<kw name="Capture Page Screenshot" library="SeleniumLibrary">
<doc>Takes a screenshot of the current page and embeds it into a log file.</doc>
<arguments>
<arg>${dir}</arg>
</arguments>
<msg timestamp="20200312 12:27:21.717" level="INFO" html="yes">&lt;/td&gt;&lt;/tr&gt;&lt;tr&gt;&lt;td colspan="3"&gt;&lt;a href="Tramites/Firma_electronica.png"&gt;&lt;img src="Tramites/Firma_electronica.png" width="800px"&gt;&lt;/a&gt;</msg>
<status status="PASS" starttime="20200312 12:27:21.167" endtime="20200312 12:27:21.718"></status>
</kw>
<kw name="Log" library="BuiltIn">
<doc>Logs the given message with the given level.</doc>
<arguments>
<arg>${print}</arg>
</arguments>
<msg timestamp="20200312 12:27:21.718" level="INFO">Firma Electronica OK</msg>
<status status="PASS" starttime="20200312 12:27:21.718" endtime="20200312 12:27:21.718"></status>
</kw>
<status status="PASS" starttime="20200312 12:27:20.165" endtime="20200312 12:27:21.719"></status>
</kw>
<status status="PASS" starttime="20200312 12:27:02.519" endtime="20200312 12:27:21.719"></status>
</kw>
<kw name="Sin Firma" library="casos">
<kw name="Esperar Iniciar Forzar" library="recursos">
<arguments>
<arg>10</arg>
</arguments>
<kw name="Set Selenium Implicit Wait" library="SeleniumLibrary">
<doc>Sets the implicit wait value used by Selenium.</doc>
<arguments>
<arg>${arg1} seconds</arg>
</arguments>
<status status="PASS" starttime="20200312 12:27:21.720" endtime="20200312 12:27:21.822"></status>
</kw>
<status status="PASS" starttime="20200312 12:27:21.719" endtime="20200312 12:27:21.822"></status>
</kw>
<kw name="Click" library="recursos">
<arguments>
<arg>(//button[contains(@type,'button')])[3]</arg>
</arguments>
<kw name="Click Element" library="SeleniumLibrary">
<doc>Click the element identified by ``locator``.</doc>
<arguments>
<arg>xpath=${arg1}</arg>
</arguments>
<msg timestamp="20200312 12:27:21.823" level="INFO">Clicking element 'xpath=(//button[contains(@type,'button')])[3]'.</msg>
<status status="PASS" starttime="20200312 12:27:21.823" endtime="20200312 12:27:22.185"></status>
</kw>
<status status="PASS" starttime="20200312 12:27:21.823" endtime="20200312 12:27:22.186"></status>
</kw>
<kw name="Dormir" library="recursos">
<arguments>
<arg>8</arg>
</arguments>
<kw name="Sleep" library="BuiltIn">
<doc>Pauses the test executed for the given time.</doc>
<arguments>
<arg>${arg1}</arg>
</arguments>
<msg timestamp="20200312 12:27:30.187" level="INFO">Slept 8 seconds</msg>
<status status="PASS" starttime="20200312 12:27:22.187" endtime="20200312 12:27:30.187"></status>
</kw>
<status status="PASS" starttime="20200312 12:27:22.186" endtime="20200312 12:27:30.187"></status>
</kw>
<kw name="Resultado" library="recursos">
<arguments>
<arg>1</arg>
<arg>${dir}/Encuesta_satisfaccion.png</arg>
<arg>Encuesta de Satisfacción OK</arg>
</arguments>
<kw name="Sleep" library="BuiltIn">
<doc>Pauses the test executed for the given time.</doc>
<arguments>
<arg>${tiempo}</arg>
</arguments>
<msg timestamp="20200312 12:27:31.189" level="INFO">Slept 1 second</msg>
<status status="PASS" starttime="20200312 12:27:30.188" endtime="20200312 12:27:31.189"></status>
</kw>
<kw name="Capture Page Screenshot" library="SeleniumLibrary">
<doc>Takes a screenshot of the current page and embeds it into a log file.</doc>
<arguments>
<arg>${dir}</arg>
</arguments>
<msg timestamp="20200312 12:27:31.829" level="INFO" html="yes">&lt;/td&gt;&lt;/tr&gt;&lt;tr&gt;&lt;td colspan="3"&gt;&lt;a href="Tramites/Encuesta_satisfaccion.png"&gt;&lt;img src="Tramites/Encuesta_satisfaccion.png" width="800px"&gt;&lt;/a&gt;</msg>
<status status="PASS" starttime="20200312 12:27:31.189" endtime="20200312 12:27:31.830"></status>
</kw>
<kw name="Log" library="BuiltIn">
<doc>Logs the given message with the given level.</doc>
<arguments>
<arg>${print}</arg>
</arguments>
<msg timestamp="20200312 12:27:31.830" level="INFO">Encuesta de Satisfacción OK</msg>
<status status="PASS" starttime="20200312 12:27:31.830" endtime="20200312 12:27:31.830"></status>
</kw>
<status status="PASS" starttime="20200312 12:27:30.187" endtime="20200312 12:27:31.831"></status>
</kw>
<kw name="Click" library="recursos">
<arguments>
<arg>//*[@id="radEncGood"]</arg>
</arguments>
<kw name="Click Element" library="SeleniumLibrary">
<doc>Click the element identified by ``locator``.</doc>
<arguments>
<arg>xpath=${arg1}</arg>
</arguments>
<msg timestamp="20200312 12:27:31.832" level="INFO">Clicking element 'xpath=//*[@id="radEncGood"]'.</msg>
<status status="PASS" starttime="20200312 12:27:31.831" endtime="20200312 12:27:32.226"></status>
</kw>
<status status="PASS" starttime="20200312 12:27:31.831" endtime="20200312 12:27:32.226"></status>
</kw>
<kw name="Click" library="recursos">
<arguments>
<arg>(//input[@type='radio'])[2]</arg>
</arguments>
<kw name="Click Element" library="SeleniumLibrary">
<doc>Click the element identified by ``locator``.</doc>
<arguments>
<arg>xpath=${arg1}</arg>
</arguments>
<msg timestamp="20200312 12:27:32.227" level="INFO">Clicking element 'xpath=(//input[@type='radio'])[2]'.</msg>
<status status="PASS" starttime="20200312 12:27:32.227" endtime="20200312 12:27:32.535"></status>
</kw>
<status status="PASS" starttime="20200312 12:27:32.227" endtime="20200312 12:27:32.536"></status>
</kw>
<kw name="Texto" library="recursos">
<arguments>
<arg>//input[contains(@id,'email')]</arg>
<arg>rodrigodrupal1@gmail.com</arg>
</arguments>
<kw name="Input Text" library="SeleniumLibrary">
<doc>Types the given ``text`` into the text field identified by ``locator``.</doc>
<arguments>
<arg>xpath=${arg1}</arg>
<arg>${arg2}</arg>
</arguments>
<msg timestamp="20200312 12:27:32.537" level="INFO">Typing text 'rodrigodrupal1@gmail.com' into text field 'xpath=//input[contains(@id,'email')]'.</msg>
<status status="PASS" starttime="20200312 12:27:32.537" endtime="20200312 12:27:33.316"></status>
</kw>
<status status="PASS" starttime="20200312 12:27:32.536" endtime="20200312 12:27:33.316"></status>
</kw>
<kw name="Click" library="recursos">
<arguments>
<arg>(//button[contains(@type,'button')])[4]</arg>
</arguments>
<kw name="Click Element" library="SeleniumLibrary">
<doc>Click the element identified by ``locator``.</doc>
<arguments>
<arg>xpath=${arg1}</arg>
</arguments>
<msg timestamp="20200312 12:27:33.317" level="INFO">Clicking element 'xpath=(//button[contains(@type,'button')])[4]'.</msg>
<status status="PASS" starttime="20200312 12:27:33.317" endtime="20200312 12:27:33.916"></status>
</kw>
<status status="PASS" starttime="20200312 12:27:33.316" endtime="20200312 12:27:33.916"></status>
</kw>
<kw name="Resultado" library="recursos">
<arguments>
<arg>.5</arg>
<arg>${dir}/Encuesta_ok.png</arg>
<arg>Encuesta OK</arg>
</arguments>
<kw name="Sleep" library="BuiltIn">
<doc>Pauses the test executed for the given time.</doc>
<arguments>
<arg>${tiempo}</arg>
</arguments>
<msg timestamp="20200312 12:27:34.419" level="INFO">Slept 500 milliseconds</msg>
<status status="PASS" starttime="20200312 12:27:33.918" endtime="20200312 12:27:34.419"></status>
</kw>
<kw name="Capture Page Screenshot" library="SeleniumLibrary">
<doc>Takes a screenshot of the current page and embeds it into a log file.</doc>
<arguments>
<arg>${dir}</arg>
</arguments>
<msg timestamp="20200312 12:27:35.044" level="INFO" html="yes">&lt;/td&gt;&lt;/tr&gt;&lt;tr&gt;&lt;td colspan="3"&gt;&lt;a href="Tramites/Encuesta_ok.png"&gt;&lt;img src="Tramites/Encuesta_ok.png" width="800px"&gt;&lt;/a&gt;</msg>
<status status="PASS" starttime="20200312 12:27:34.420" endtime="20200312 12:27:35.044"></status>
</kw>
<kw name="Log" library="BuiltIn">
<doc>Logs the given message with the given level.</doc>
<arguments>
<arg>${print}</arg>
</arguments>
<msg timestamp="20200312 12:27:35.044" level="INFO">Encuesta OK</msg>
<status status="PASS" starttime="20200312 12:27:35.044" endtime="20200312 12:27:35.045"></status>
</kw>
<status status="PASS" starttime="20200312 12:27:33.917" endtime="20200312 12:27:35.045"></status>
</kw>
<kw name="Scroll" library="recursos">
<arguments>
<arg>0</arg>
<arg>350</arg>
</arguments>
<kw name="Execute Javascript" library="SeleniumLibrary">
<doc>Executes the given JavaScript code with possible arguments.</doc>
<arguments>
<arg>window.scrollTo(${arg1},${arg2})</arg>
</arguments>
<msg timestamp="20200312 12:27:35.046" level="INFO">Executing JavaScript:
window.scrollTo(0,350)
Without any arguments.</msg>
<status status="PASS" starttime="20200312 12:27:35.046" endtime="20200312 12:27:35.185"></status>
</kw>
<status status="PASS" starttime="20200312 12:27:35.045" endtime="20200312 12:27:35.185"></status>
</kw>
<kw name="Dormir" library="recursos">
<arguments>
<arg>2</arg>
</arguments>
<kw name="Sleep" library="BuiltIn">
<doc>Pauses the test executed for the given time.</doc>
<arguments>
<arg>${arg1}</arg>
</arguments>
<msg timestamp="20200312 12:27:37.186" level="INFO">Slept 2 seconds</msg>
<status status="PASS" starttime="20200312 12:27:35.186" endtime="20200312 12:27:37.186"></status>
</kw>
<status status="PASS" starttime="20200312 12:27:35.185" endtime="20200312 12:27:37.187"></status>
</kw>
<kw name="Resultado" library="recursos">
<arguments>
<arg>.4</arg>
<arg>${dir}/Mensaje_final.png</arg>
<arg>Mensaje final OK</arg>
</arguments>
<kw name="Sleep" library="BuiltIn">
<doc>Pauses the test executed for the given time.</doc>
<arguments>
<arg>${tiempo}</arg>
</arguments>
<msg timestamp="20200312 12:27:37.589" level="INFO">Slept 400 milliseconds</msg>
<status status="PASS" starttime="20200312 12:27:37.188" endtime="20200312 12:27:37.589"></status>
</kw>
<kw name="Capture Page Screenshot" library="SeleniumLibrary">
<doc>Takes a screenshot of the current page and embeds it into a log file.</doc>
<arguments>
<arg>${dir}</arg>
</arguments>
<msg timestamp="20200312 12:27:38.159" level="INFO" html="yes">&lt;/td&gt;&lt;/tr&gt;&lt;tr&gt;&lt;td colspan="3"&gt;&lt;a href="Tramites/Mensaje_final.png"&gt;&lt;img src="Tramites/Mensaje_final.png" width="800px"&gt;&lt;/a&gt;</msg>
<status status="PASS" starttime="20200312 12:27:37.589" endtime="20200312 12:27:38.159"></status>
</kw>
<kw name="Log" library="BuiltIn">
<doc>Logs the given message with the given level.</doc>
<arguments>
<arg>${print}</arg>
</arguments>
<msg timestamp="20200312 12:27:38.160" level="INFO">Mensaje final OK</msg>
<status status="PASS" starttime="20200312 12:27:38.159" endtime="20200312 12:27:38.160"></status>
</kw>
<status status="PASS" starttime="20200312 12:27:37.187" endtime="20200312 12:27:38.160"></status>
</kw>
<kw name="Click" library="recursos">
<arguments>
<arg>//a[@class='btn btn-default'][contains(.,'Descargar documento PDF')]</arg>
</arguments>
<kw name="Click Element" library="SeleniumLibrary">
<doc>Click the element identified by ``locator``.</doc>
<arguments>
<arg>xpath=${arg1}</arg>
</arguments>
<msg timestamp="20200312 12:27:38.162" level="INFO">Clicking element 'xpath=//a[@class='btn btn-default'][contains(.,'Descargar documento PDF')]'.</msg>
<status status="PASS" starttime="20200312 12:27:38.161" endtime="20200312 12:27:38.567"></status>
</kw>
<status status="PASS" starttime="20200312 12:27:38.161" endtime="20200312 12:27:38.567"></status>
</kw>
<kw name="Resultado" library="recursos">
<arguments>
<arg>.3</arg>
<arg>${dir}/Fin.png</arg>
<arg>Final sin firma OK</arg>
</arguments>
<kw name="Sleep" library="BuiltIn">
<doc>Pauses the test executed for the given time.</doc>
<arguments>
<arg>${tiempo}</arg>
</arguments>
<msg timestamp="20200312 12:27:38.870" level="INFO">Slept 300 milliseconds</msg>
<status status="PASS" starttime="20200312 12:27:38.569" endtime="20200312 12:27:38.870"></status>
</kw>
<kw name="Capture Page Screenshot" library="SeleniumLibrary">
<doc>Takes a screenshot of the current page and embeds it into a log file.</doc>
<arguments>
<arg>${dir}</arg>
</arguments>
<msg timestamp="20200312 12:27:39.513" level="INFO" html="yes">&lt;/td&gt;&lt;/tr&gt;&lt;tr&gt;&lt;td colspan="3"&gt;&lt;a href="Tramites/Fin.png"&gt;&lt;img src="Tramites/Fin.png" width="800px"&gt;&lt;/a&gt;</msg>
<status status="PASS" starttime="20200312 12:27:38.870" endtime="20200312 12:27:39.513"></status>
</kw>
<kw name="Log" library="BuiltIn">
<doc>Logs the given message with the given level.</doc>
<arguments>
<arg>${print}</arg>
</arguments>
<msg timestamp="20200312 12:27:39.514" level="INFO">Final sin firma OK</msg>
<status status="PASS" starttime="20200312 12:27:39.514" endtime="20200312 12:27:39.514"></status>
</kw>
<status status="PASS" starttime="20200312 12:27:38.567" endtime="20200312 12:27:39.514"></status>
</kw>
<status status="PASS" starttime="20200312 12:27:21.719" endtime="20200312 12:27:39.514"></status>
</kw>
<kw name="Video Finalizar" library="recursos">
<kw name="Stop Video Recording" library="ScreenCapLibrary">
<doc>Stops the video recording corresponding to the given ``alias`` and generates the file in WebM format. If no
``alias`` is specified, the last opened recording will be closed. If there are more recordings with the same
alias all of them will be closed. If ``embed`` argument was set to
``True`` the video will be displayed in the log file.</doc>
<msg timestamp="20200312 12:27:40.521" level="INFO" html="yes">&lt;a href="recording_1.webm"&gt;&lt;video width="800px" autoplay&gt;&lt;source src="recording_1.webm" type="video/webm"&gt;&lt;/video&gt;&lt;/a&gt;</msg>
<status status="PASS" starttime="20200312 12:27:39.515" endtime="20200312 12:27:40.523"></status>
</kw>
<status status="PASS" starttime="20200312 12:27:39.515" endtime="20200312 12:27:40.523"></status>
</kw>
<kw name="Cerrar" library="recursos">
<kw name="Close Browser" library="SeleniumLibrary">
<doc>Closes the current browser.</doc>
<status status="PASS" starttime="20200312 12:27:40.526" endtime="20200312 12:27:43.653"></status>
</kw>
<status status="PASS" starttime="20200312 12:27:40.526" endtime="20200312 12:27:43.653"></status>
</kw>
<doc>PRUEBA TRAMITE 018 A DATOS FIRMA ELECTRONICA</doc>
<tags>
<tag>tg10</tag>
</tags>
<status status="PASS" starttime="20200312 12:23:03.114" endtime="20200312 12:27:43.653" critical="yes"></status>
</test>
<doc>Casos de Prueba CC-04-2019-AMTIF-OT04</doc>
<status status="PASS" starttime="20200312 12:23:01.035" endtime="20200312 12:27:43.654"></status>
</suite>
<status status="PASS" starttime="20200312 12:23:01.000" endtime="20200312 12:27:43.657"></status>
</suite>
<statistics>
<total>
<stat pass="1" fail="0">Critical Tests</stat>
<stat pass="1" fail="0">All Tests</stat>
</total>
<tag>
<stat pass="1" fail="0">tg10</stat>
</tag>
<suite>
<stat pass="1" fail="0" id="s1" name="Suites">Suites</stat>
<stat pass="1" fail="0" id="s1-s1" name="Test If Copy">Suites.Test If Copy</stat>
</suite>
</statistics>
<errors>
</errors>
</robot>
