<?xml version="1.0" encoding="UTF-8"?>
<robot generator="Robot 3.1.2 (Python 3.7.6 on win32)" generated="20200312 12:23:00.949" rpa="false">
<suite id="s1" name="Suites">
<suite id="s1-s1" name="Test If Copy 3" source="C:\Test_detram\test\test_if copy 3.robot">
<test id="s1-s1-t1" name="CC010 TRAMITES-0T4 (TRAMITES 018 A)(CHROME DATOS FIRMA ELECTRONICA)">
<kw name="Esperar Iniciar ok" library="recursos">
<arguments>
<arg>30</arg>
</arguments>
<kw name="Set Selenium Timeout" library="SeleniumLibrary">
<doc>Sets the timeout that is used by various keywords.</doc>
<arguments>
<arg>${arg1} seconds</arg>
</arguments>
<status status="PASS" starttime="20200312 12:23:03.114" endtime="20200312 12:23:03.114"></status>
</kw>
<status status="PASS" starttime="20200312 12:23:03.114" endtime="20200312 12:23:03.114"></status>
</kw>
<kw name="Video Iniciar" library="recursos">
<kw name="Start Video Recording" library="ScreenCapLibrary">
<doc>Starts the recording of a video in the background with the specified ``name``.
The recording can be stopped by calling the `Stop Video Recording` keyword.</doc>
<status status="PASS" starttime="20200312 12:23:03.114" endtime="20200312 12:23:03.114"></status>
</kw>
<status status="PASS" starttime="20200312 12:23:03.114" endtime="20200312 12:23:03.114"></status>
</kw>
<kw name="Aleatorio claverfc">
<assign>
<var>${claverfc}</var>
</assign>
<kw name="Get Current Date" library="DateTime">
<doc>Returns current local or UTC time with an optional increment.</doc>
<arguments>
<arg>result_format=%Y-%m-%d %H:%M:%S.%f</arg>
</arguments>
<assign>
<var>${CurrentDate}</var>
</assign>
<msg timestamp="20200312 12:23:03.114" level="INFO">${CurrentDate} = 2020-03-12 12:23:03.113572</msg>
<status status="PASS" starttime="20200312 12:23:03.114" endtime="20200312 12:23:03.114"></status>
</kw>
<kw name="Convert Date" library="DateTime">
<doc>Converts between supported `date formats`.</doc>
<arguments>
<arg>${CurrentDate}</arg>
<arg>datetime</arg>
</arguments>
<assign>
<var>${datetime}</var>
</assign>
<msg timestamp="20200312 12:23:03.114" level="INFO">${datetime} = 2020-03-12 12:23:03.113572</msg>
<status status="PASS" starttime="20200312 12:23:03.114" endtime="20200312 12:23:03.114"></status>
</kw>
<kw name="Generate Random String" library="String">
<doc>Generates a string with a desired ``length`` from the given ``chars``.</doc>
<arguments>
<arg>2</arg>
<arg>[UPPER]</arg>
</arguments>
<assign>
<var>${text}</var>
</assign>
<msg timestamp="20200312 12:23:03.114" level="INFO">${text} = HO</msg>
<status status="PASS" starttime="20200312 12:23:03.114" endtime="20200312 12:23:03.114"></status>
</kw>
<kw name="Generate Random String" library="String">
<doc>Generates a string with a desired ``length`` from the given ``chars``.</doc>
<arguments>
<arg>3</arg>
<arg>[UPPER]</arg>
</arguments>
<assign>
<var>${inc}</var>
</assign>
<msg timestamp="20200312 12:23:03.114" level="INFO">${inc} = OGB</msg>
<status status="PASS" starttime="20200312 12:23:03.114" endtime="20200312 12:23:03.114"></status>
</kw>
<kw name="Generate Random String" library="String">
<doc>Generates a string with a desired ``length`` from the given ``chars``.</doc>
<arguments>
<arg>1</arg>
<arg>[NUMBERS]</arg>
</arguments>
<assign>
<var>${num}</var>
</assign>
<msg timestamp="20200312 12:23:03.114" level="INFO">${num} = 9</msg>
<status status="PASS" starttime="20200312 12:23:03.114" endtime="20200312 12:23:03.114"></status>
</kw>
<msg timestamp="20200312 12:23:03.114" level="INFO">${claverfc} = OGBC840918HO9</msg>
<status status="PASS" starttime="20200312 12:23:03.114" endtime="20200312 12:23:03.114"></status>
</kw>
<kw name="Log" library="BuiltIn">
<doc>Logs the given message with the given level.</doc>
<arguments>
<arg>${claverfc}</arg>
</arguments>
<msg timestamp="20200312 12:23:03.114" level="INFO">OGBC840918HO9</msg>
<status status="PASS" starttime="20200312 12:23:03.114" endtime="20200312 12:23:03.114"></status>
</kw>
<kw name="Login" library="casos">
<arguments>
<arg>${url}</arg>
<arg>${navegador}</arg>
</arguments>
<kw name="Esperar Iniciar Forzar" library="recursos">
<arguments>
<arg>10</arg>
</arguments>
<kw name="Set Selenium Implicit Wait" library="SeleniumLibrary">
<doc>Sets the implicit wait value used by Selenium.</doc>
<arguments>
<arg>${arg1} seconds</arg>
</arguments>
<status status="PASS" starttime="20200312 12:23:03.114" endtime="20200312 12:23:03.129"></status>
</kw>
<status status="PASS" starttime="20200312 12:23:03.114" endtime="20200312 12:23:03.129"></status>
</kw>
<kw name="Esperar Iniciar ok" library="recursos">
<arguments>
<arg>5</arg>
</arguments>
<kw name="Set Selenium Timeout" library="SeleniumLibrary">
<doc>Sets the timeout that is used by various keywords.</doc>
<arguments>
<arg>${arg1} seconds</arg>
</arguments>
<status status="PASS" starttime="20200312 12:23:03.129" endtime="20200312 12:23:03.129"></status>
</kw>
<status status="PASS" starttime="20200312 12:23:03.129" endtime="20200312 12:23:03.129"></status>
</kw>
<kw name="Dormir Todos" library="recursos">
<arguments>
<arg>${tiempo}</arg>
</arguments>
<kw name="Set Selenium Speed" library="SeleniumLibrary">
<doc>Sets the delay that is waited after each Selenium command.</doc>
<arguments>
<arg>${arg1} seconds</arg>
</arguments>
<status status="PASS" starttime="20200312 12:23:03.129" endtime="20200312 12:23:03.129"></status>
</kw>
<status status="PASS" starttime="20200312 12:23:03.129" endtime="20200312 12:23:03.129"></status>
</kw>
<kw name="Abrir navegador" library="recursos">
<arguments>
<arg>${arg1}</arg>
<arg>${arg2}</arg>
</arguments>
<kw name="Open Browser" library="SeleniumLibrary">
<doc>Opens a new browser instance to the optional ``url``.</doc>
<arguments>
<arg>${arg1}</arg>
<arg>${arg2}</arg>
</arguments>
<msg timestamp="20200312 12:23:03.129" level="INFO">Opening browser 'chrome' to base url 'http://10.16.3.29/login/init'.</msg>
<status status="PASS" starttime="20200312 12:23:03.129" endtime="20200312 12:23:11.666"></status>
</kw>
<status status="PASS" starttime="20200312 12:23:03.129" endtime="20200312 12:23:11.667"></status>
</kw>
<kw name="Maximizar" library="recursos">
<kw name="Maximize Browser Window" library="SeleniumLibrary">
<doc>Maximizes current browser window.</doc>
<status status="PASS" starttime="20200312 12:23:11.667" endtime="20200312 12:23:13.719"></status>
</kw>
<status status="PASS" starttime="20200312 12:23:11.667" endtime="20200312 12:23:13.719"></status>
</kw>
<kw name="Scroll" library="recursos">
<arguments>
<arg>0</arg>
<arg>200</arg>
</arguments>
<kw name="Execute Javascript" library="SeleniumLibrary">
<doc>Executes the given JavaScript code with possible arguments.</doc>
<arguments>
<arg>window.scrollTo(${arg1},${arg2})</arg>
</arguments>
<msg timestamp="20200312 12:23:13.721" level="INFO">Executing JavaScript:
window.scrollTo(0,200)
Without any arguments.</msg>
<status status="PASS" starttime="20200312 12:23:13.720" endtime="20200312 12:23:14.035"></status>
</kw>
<status status="PASS" starttime="20200312 12:23:13.719" endtime="20200312 12:23:14.035"></status>
</kw>
<kw name="Resultado" library="recursos">
<arguments>
<arg>.5</arg>
<arg>${dir}/Login.png</arg>
<arg>Pantalla Login Ok</arg>
</arguments>
<kw name="Sleep" library="BuiltIn">
<doc>Pauses the test executed for the given time.</doc>
<arguments>
<arg>${tiempo}</arg>
</arguments>
<msg timestamp="20200312 12:23:14.537" level="INFO">Slept 500 milliseconds</msg>
<status status="PASS" starttime="20200312 12:23:14.036" endtime="20200312 12:23:14.537"></status>
</kw>
<kw name="Capture Page Screenshot" library="SeleniumLibrary">
<doc>Takes a screenshot of the current page and embeds it into a log file.</doc>
<arguments>
<arg>${dir}</arg>
</arguments>
<msg timestamp="20200312 12:23:15.284" level="INFO" html="yes">&lt;/td&gt;&lt;/tr&gt;&lt;tr&gt;&lt;td colspan="3"&gt;&lt;a href="Tramites/Login.png"&gt;&lt;img src="Tramites/Login.png" width="800px"&gt;&lt;/a&gt;</msg>
<status status="PASS" starttime="20200312 12:23:14.537" endtime="20200312 12:23:15.284"></status>
</kw>
<kw name="Log" library="BuiltIn">
<doc>Logs the given message with the given level.</doc>
<arguments>
<arg>${print}</arg>
</arguments>
<msg timestamp="20200312 12:23:15.285" level="INFO">Pantalla Login Ok</msg>
<status status="PASS" starttime="20200312 12:23:15.284" endtime="20200312 12:23:15.285"></status>
</kw>
<status status="PASS" starttime="20200312 12:23:14.036" endtime="20200312 12:23:15.285"></status>
</kw>
<kw name="Texto" library="recursos">
<arguments>
<arg>//input[contains(@id,'username')]</arg>
<arg>hacarrillo</arg>
</arguments>
<kw name="Input Text" library="SeleniumLibrary">
<doc>Types the given ``text`` into the text field identified by ``locator``.</doc>
<arguments>
<arg>xpath=${arg1}</arg>
<arg>${arg2}</arg>
</arguments>
<msg timestamp="20200312 12:23:15.286" level="INFO">Typing text 'hacarrillo' into text field 'xpath=//input[contains(@id,'username')]'.</msg>
<status status="PASS" starttime="20200312 12:23:15.286" endtime="20200312 12:23:17.154"></status>
</kw>
<status status="PASS" starttime="20200312 12:23:15.285" endtime="20200312 12:23:17.154"></status>
</kw>
<kw name="Texto" library="recursos">
<arguments>
<arg>//input[contains(@id,'password')]</arg>
<arg>test</arg>
</arguments>
<kw name="Input Text" library="SeleniumLibrary">
<doc>Types the given ``text`` into the text field identified by ``locator``.</doc>
<arguments>
<arg>xpath=${arg1}</arg>
<arg>${arg2}</arg>
</arguments>
<msg timestamp="20200312 12:23:17.155" level="INFO">Typing text 'test' into text field 'xpath=//input[contains(@id,'password')]'.</msg>
<status status="PASS" starttime="20200312 12:23:17.155" endtime="20200312 12:23:17.690"></status>
</kw>
<status status="PASS" starttime="20200312 12:23:17.154" endtime="20200312 12:23:17.691"></status>
</kw>
<kw name="Resultado" library="recursos">
<arguments>
<arg>.5</arg>
<arg>${dir}/Login_password.png</arg>
<arg>Se introducen los datos para el Login</arg>
</arguments>
<kw name="Sleep" library="BuiltIn">
<doc>Pauses the test executed for the given time.</doc>
<arguments>
<arg>${tiempo}</arg>
</arguments>
<msg timestamp="20200312 12:23:18.197" level="INFO">Slept 500 milliseconds</msg>
<status status="PASS" starttime="20200312 12:23:17.695" endtime="20200312 12:23:18.197"></status>
</kw>
<kw name="Capture Page Screenshot" library="SeleniumLibrary">
<doc>Takes a screenshot of the current page and embeds it into a log file.</doc>
<arguments>
<arg>${dir}</arg>
</arguments>
<msg timestamp="20200312 12:23:18.899" level="INFO" html="yes">&lt;/td&gt;&lt;/tr&gt;&lt;tr&gt;&lt;td colspan="3"&gt;&lt;a href="Tramites/Login_password.png"&gt;&lt;img src="Tramites/Login_password.png" width="800px"&gt;&lt;/a&gt;</msg>
<status status="PASS" starttime="20200312 12:23:18.197" endtime="20200312 12:23:18.899"></status>
</kw>
<kw name="Log" library="BuiltIn">
<doc>Logs the given message with the given level.</doc>
<arguments>
<arg>${print}</arg>
</arguments>
<msg timestamp="20200312 12:23:18.900" level="INFO">Se introducen los datos para el Login</msg>
<status status="PASS" starttime="20200312 12:23:18.899" endtime="20200312 12:23:18.900"></status>
</kw>
<status status="PASS" starttime="20200312 12:23:17.695" endtime="20200312 12:23:18.900"></status>
</kw>
<kw name="Click" library="recursos">
<arguments>
<arg>(//button[@type='button'])[3]</arg>
</arguments>
<kw name="Click Element" library="SeleniumLibrary">
<doc>Click the element identified by ``locator``.</doc>
<arguments>
<arg>xpath=${arg1}</arg>
</arguments>
<msg timestamp="20200312 12:23:18.901" level="INFO">Clicking element 'xpath=(//button[@type='button'])[3]'.</msg>
<status status="PASS" starttime="20200312 12:23:18.901" endtime="20200312 12:23:19.397"></status>
</kw>
<status status="PASS" starttime="20200312 12:23:18.900" endtime="20200312 12:23:19.397"></status>
</kw>
<kw name="Dormir" library="recursos">
<arguments>
<arg>1</arg>
</arguments>
<kw name="Sleep" library="BuiltIn">
<doc>Pauses the test executed for the given time.</doc>
<arguments>
<arg>${arg1}</arg>
</arguments>
<msg timestamp="20200312 12:23:20.398" level="INFO">Slept 1 second</msg>
<status status="PASS" starttime="20200312 12:23:19.398" endtime="20200312 12:23:20.398"></status>
</kw>
<status status="PASS" starttime="20200312 12:23:19.397" endtime="20200312 12:23:20.399"></status>
</kw>
<kw name="Scroll" library="recursos">
<arguments>
<arg>0</arg>
<arg>500</arg>
</arguments>
<kw name="Execute Javascript" library="SeleniumLibrary">
<doc>Executes the given JavaScript code with possible arguments.</doc>
<arguments>
<arg>window.scrollTo(${arg1},${arg2})</arg>
</arguments>
<msg timestamp="20200312 12:23:20.400" level="INFO">Executing JavaScript:
window.scrollTo(0,500)
Without any arguments.</msg>
<status status="PASS" starttime="20200312 12:23:20.399" endtime="20200312 12:23:20.548"></status>
</kw>
<status status="PASS" starttime="20200312 12:23:20.399" endtime="20200312 12:23:20.548"></status>
</kw>
<status status="PASS" starttime="20200312 12:23:03.114" endtime="20200312 12:23:20.549"></status>
</kw>
<kw name="Tramite" library="casos">
<kw name="Esperar Iniciar Forzar" library="recursos">
<arguments>
<arg>10</arg>
</arguments>
<kw name="Set Selenium Implicit Wait" library="SeleniumLibrary">
<doc>Sets the implicit wait value used by Selenium.</doc>
<arguments>
<arg>${arg1} seconds</arg>
</arguments>
<status status="PASS" starttime="20200312 12:23:20.550" endtime="20200312 12:23:20.674"></status>
</kw>
<status status="PASS" starttime="20200312 12:23:20.549" endtime="20200312 12:23:20.675"></status>
</kw>
<kw name="Resultado" library="recursos">
<arguments>
<arg>.3</arg>
<arg>${dir}/Carga_resultados.png</arg>
<arg>Carga los resultados</arg>
</arguments>
<kw name="Sleep" library="BuiltIn">
<doc>Pauses the test executed for the given time.</doc>
<arguments>
<arg>${tiempo}</arg>
</arguments>
<msg timestamp="20200312 12:23:20.977" level="INFO">Slept 300 milliseconds</msg>
<status status="PASS" starttime="20200312 12:23:20.675" endtime="20200312 12:23:20.977"></status>
</kw>
<kw name="Capture Page Screenshot" library="SeleniumLibrary">
<doc>Takes a screenshot of the current page and embeds it into a log file.</doc>
<arguments>
<arg>${dir}</arg>
</arguments>
<msg timestamp="20200312 12:23:21.747" level="INFO" html="yes">&lt;/td&gt;&lt;/tr&gt;&lt;tr&gt;&lt;td colspan="3"&gt;&lt;a href="Tramites/Carga_resultados.png"&gt;&lt;img src="Tramites/Carga_resultados.png" width="800px"&gt;&lt;/a&gt;</msg>
<status status="PASS" starttime="20200312 12:23:20.977" endtime="20200312 12:23:21.747"></status>
</kw>
<kw name="Log" library="BuiltIn">
<doc>Logs the given message with the given level.</doc>
<arguments>
<arg>${print}</arg>
</arguments>
<msg timestamp="20200312 12:23:21.747" level="INFO">Carga los resultados</msg>
<status status="PASS" starttime="20200312 12:23:21.747" endtime="20200312 12:23:21.747"></status>
</kw>
<status status="PASS" starttime="20200312 12:23:20.675" endtime="20200312 12:23:21.748"></status>
</kw>
<kw name="Click" library="recursos">
<arguments>
<arg>(//a[@href='#'])[1]</arg>
</arguments>
<kw name="Click Element" library="SeleniumLibrary">
<doc>Click the element identified by ``locator``.</doc>
<arguments>
<arg>xpath=${arg1}</arg>
</arguments>
<msg timestamp="20200312 12:23:21.748" level="INFO">Clicking element 'xpath=(//a[@href='#'])[1]'.</msg>
<status status="PASS" starttime="20200312 12:23:21.748" endtime="20200312 12:23:22.315"></status>
</kw>
<status status="PASS" starttime="20200312 12:23:21.748" endtime="20200312 12:23:22.315"></status>
</kw>
<kw name="Click" library="recursos">
<arguments>
<arg>//a[@routerlink='/registraSolicitudTramite/18A/1/init'][contains(.,'Trámite 18A')]</arg>
</arguments>
<kw name="Click Element" library="SeleniumLibrary">
<doc>Click the element identified by ``locator``.</doc>
<arguments>
<arg>xpath=${arg1}</arg>
</arguments>
<msg timestamp="20200312 12:23:22.316" level="INFO">Clicking element 'xpath=//a[@routerlink='/registraSolicitudTramite/18A/1/init'][contains(.,'Trámite 18A')]'.</msg>
<status status="PASS" starttime="20200312 12:23:22.315" endtime="20200312 12:23:23.830"></status>
</kw>
<status status="PASS" starttime="20200312 12:23:22.315" endtime="20200312 12:23:23.830"></status>
</kw>
<kw name="Scroll" library="recursos">
<arguments>
<arg>0</arg>
<arg>500</arg>
</arguments>
<kw name="Execute Javascript" library="SeleniumLibrary">
<doc>Executes the given JavaScript code with possible arguments.</doc>
<arguments>
<arg>window.scrollTo(${arg1},${arg2})</arg>
</arguments>
<msg timestamp="20200312 12:23:23.831" level="INFO">Executing JavaScript:
window.scrollTo(0,500)
Without any arguments.</msg>
<status status="PASS" starttime="20200312 12:23:23.831" endtime="20200312 12:23:24.032"></status>
</kw>
<status status="PASS" starttime="20200312 12:23:23.830" endtime="20200312 12:23:24.032"></status>
</kw>
<kw name="Resultado" library="recursos">
<arguments>
<arg>.2</arg>
<arg>${dir}/Datos_personales.png</arg>
<arg>Datos Personales Ok</arg>
</arguments>
<kw name="Sleep" library="BuiltIn">
<doc>Pauses the test executed for the given time.</doc>
<arguments>
<arg>${tiempo}</arg>
</arguments>
<msg timestamp="20200312 12:23:24.233" level="INFO">Slept 200 milliseconds</msg>
<status status="PASS" starttime="20200312 12:23:24.033" endtime="20200312 12:23:24.233"></status>
</kw>
<kw name="Capture Page Screenshot" library="SeleniumLibrary">
<doc>Takes a screenshot of the current page and embeds it into a log file.</doc>
<arguments>
<arg>${dir}</arg>
</arguments>
<msg timestamp="20200312 12:23:25.331" level="INFO" html="yes">&lt;/td&gt;&lt;/tr&gt;&lt;tr&gt;&lt;td colspan="3"&gt;&lt;a href="Tramites/Datos_personales.png"&gt;&lt;img src="Tramites/Datos_personales.png" width="800px"&gt;&lt;/a&gt;</msg>
<status status="PASS" starttime="20200312 12:23:24.234" endtime="20200312 12:23:25.331"></status>
</kw>
<kw name="Log" library="BuiltIn">
<doc>Logs the given message with the given level.</doc>
<arguments>
<arg>${print}</arg>
</arguments>
<msg timestamp="20200312 12:23:25.332" level="INFO">Datos Personales Ok</msg>
<status status="PASS" starttime="20200312 12:23:25.331" endtime="20200312 12:23:25.332"></status>
</kw>
<status status="PASS" starttime="20200312 12:23:24.032" endtime="20200312 12:23:25.332"></status>
</kw>
<kw name="Click" library="recursos">
<arguments>
<arg>//select[@formcontrolname='tipoPersona']</arg>
</arguments>
<kw name="Click Element" library="SeleniumLibrary">
<doc>Click the element identified by ``locator``.</doc>
<arguments>
<arg>xpath=${arg1}</arg>
</arguments>
<msg timestamp="20200312 12:23:25.333" level="INFO">Clicking element 'xpath=//select[@formcontrolname='tipoPersona']'.</msg>
<status status="PASS" starttime="20200312 12:23:25.333" endtime="20200312 12:23:26.095"></status>
</kw>
<status status="PASS" starttime="20200312 12:23:25.332" endtime="20200312 12:23:26.095"></status>
</kw>
<status status="PASS" starttime="20200312 12:23:20.549" endtime="20200312 12:23:26.096"></status>
</kw>
<kw name="${INDEX} IN RANGE [ 1 | 1000 ]" type="for">
<kw name="${INDEX} = 1" type="foritem">
<kw name="Run Keyword And Return Status" library="BuiltIn">
<doc>Runs the given keyword with given arguments and returns the status as a Boolean value.</doc>
<arguments>
<arg>Datos Personales</arg>
<arg>${claverfc}</arg>
</arguments>
<assign>
<var>${val}</var>
</assign>
<kw name="Datos Personales" library="casos">
<arguments>
<arg>${claverfc}</arg>
</arguments>
<kw name="Esperar Iniciar Forzar" library="recursos">
<arguments>
<arg>10</arg>
</arguments>
<kw name="Set Selenium Implicit Wait" library="SeleniumLibrary">
<doc>Sets the implicit wait value used by Selenium.</doc>
<arguments>
<arg>${arg1} seconds</arg>
</arguments>
<status status="PASS" starttime="20200312 12:23:26.098" endtime="20200312 12:23:26.209"></status>
</kw>
<status status="PASS" starttime="20200312 12:23:26.097" endtime="20200312 12:23:26.209"></status>
</kw>
<kw name="Aleatorio Curp">
<assign>
<var>${curp}</var>
</assign>
<kw name="Get Current Date" library="DateTime">
<doc>Returns current local or UTC time with an optional increment.</doc>
<arguments>
<arg>result_format=%Y-%m-%d %H:%M:%S.%f</arg>
</arguments>
<assign>
<var>${CurrentDate}</var>
</assign>
<msg timestamp="20200312 12:23:26.210" level="INFO">${CurrentDate} = 2020-03-12 12:23:26.209541</msg>
<status status="PASS" starttime="20200312 12:23:26.209" endtime="20200312 12:23:26.210"></status>
</kw>
<kw name="Convert Date" library="DateTime">
<doc>Converts between supported `date formats`.</doc>
<arguments>
<arg>${CurrentDate}</arg>
<arg>datetime</arg>
</arguments>
<assign>
<var>${datetime}</var>
</assign>
<msg timestamp="20200312 12:23:26.211" level="INFO">${datetime} = 2020-03-12 12:23:26.209541</msg>
<status status="PASS" starttime="20200312 12:23:26.210" endtime="20200312 12:23:26.211"></status>
</kw>
<kw name="Generate Random String" library="String">
<doc>Generates a string with a desired ``length`` from the given ``chars``.</doc>
<arguments>
<arg>2</arg>
<arg>[UPPER]</arg>
</arguments>
<assign>
<var>${tex}</var>
</assign>
<msg timestamp="20200312 12:23:26.211" level="INFO">${tex} = WD</msg>
<status status="PASS" starttime="20200312 12:23:26.211" endtime="20200312 12:23:26.211"></status>
</kw>
<kw name="Generate Random String" library="String">
<doc>Generates a string with a desired ``length`` from the given ``chars``.</doc>
<arguments>
<arg>2</arg>
<arg>[NUMBERS]</arg>
</arguments>
<assign>
<var>${num}</var>
</assign>
<msg timestamp="20200312 12:23:26.212" level="INFO">${num} = 13</msg>
<status status="PASS" starttime="20200312 12:23:26.211" endtime="20200312 12:23:26.212"></status>
</kw>
<msg timestamp="20200312 12:23:26.212" level="INFO">${curp} = GOHJ810919HDflTD13</msg>
<status status="PASS" starttime="20200312 12:23:26.209" endtime="20200312 12:23:26.212"></status>
</kw>
<kw name="Click" library="recursos">
<arguments>
<arg>//*[@id="Formulario"]/form/div[3]/div[1]/select/option[2]</arg>
</arguments>
<kw name="Click Element" library="SeleniumLibrary">
<doc>Click the element identified by ``locator``.</doc>
<arguments>
<arg>xpath=${arg1}</arg>
</arguments>
<msg timestamp="20200312 12:23:26.213" level="INFO">Clicking element 'xpath=//*[@id="Formulario"]/form/div[3]/div[1]/select/option[2]'.</msg>
<status status="PASS" starttime="20200312 12:23:26.213" endtime="20200312 12:23:26.767"></status>
</kw>
<status status="PASS" starttime="20200312 12:23:26.212" endtime="20200312 12:23:26.767"></status>
</kw>
<kw name="Texto" library="recursos">
<arguments>
<arg>(//input[contains(@formcontrolname,'curp')])[1]</arg>
<arg>${curp}</arg>
</arguments>
<kw name="Input Text" library="SeleniumLibrary">
<doc>Types the given ``text`` into the text field identified by ``locator``.</doc>
<arguments>
<arg>xpath=${arg1}</arg>
<arg>${arg2}</arg>
</arguments>
<msg timestamp="20200312 12:23:26.769" level="INFO">Typing text 'GOHJ810919HDflTD13' into text field 'xpath=(//input[contains(@formcontrolname,'curp')])[1]'.</msg>
<status status="PASS" starttime="20200312 12:23:26.768" endtime="20200312 12:23:34.170"></status>
</kw>
<status status="PASS" starttime="20200312 12:23:26.768" endtime="20200312 12:23:34.170"></status>
</kw>
<kw name="Scroll" library="recursos">
<arguments>
<arg>0</arg>
<arg>400</arg>
</arguments>
<kw name="Execute Javascript" library="SeleniumLibrary">
<doc>Executes the given JavaScript code with possible arguments.</doc>
<arguments>
<arg>window.scrollTo(${arg1},${arg2})</arg>
</arguments>
<msg timestamp="20200312 12:23:34.172" level="INFO">Executing JavaScript:
window.scrollTo(0,400)
Without any arguments.</msg>
<status status="PASS" starttime="20200312 12:23:34.171" endtime="20200312 12:23:34.492"></status>
</kw>
<status status="PASS" starttime="20200312 12:23:34.170" endtime="20200312 12:23:34.492"></status>
</kw>
<kw name="Dormir" library="recursos">
<arguments>
<arg>.2</arg>
</arguments>
<kw name="Sleep" library="BuiltIn">
<doc>Pauses the test executed for the given time.</doc>
<arguments>
<arg>${arg1}</arg>
</arguments>
<msg timestamp="20200312 12:23:34.694" level="INFO">Slept 200 milliseconds</msg>
<status status="PASS" starttime="20200312 12:23:34.493" endtime="20200312 12:23:34.694"></status>
</kw>
<status status="PASS" starttime="20200312 12:23:34.492" endtime="20200312 12:23:34.694"></status>
</kw>
<kw name="Texto" library="recursos">
<arguments>
<arg>//input[@formcontrolname='rfc']</arg>
<arg>${claverfc}</arg>
</arguments>
<kw name="Input Text" library="SeleniumLibrary">
<doc>Types the given ``text`` into the text field identified by ``locator``.</doc>
<arguments>
<arg>xpath=${arg1}</arg>
<arg>${arg2}</arg>
</arguments>
<msg timestamp="20200312 12:23:34.695" level="INFO">Typing text 'OGBC840918HO9' into text field 'xpath=//input[@formcontrolname='rfc']'.</msg>
<status status="PASS" starttime="20200312 12:23:34.695" endtime="20200312 12:23:36.075"></status>
</kw>
<status status="PASS" starttime="20200312 12:23:34.694" endtime="20200312 12:23:36.075"></status>
</kw>
<kw name="Dormir" library="recursos">
<arguments>
<arg>2</arg>
</arguments>
<kw name="Sleep" library="BuiltIn">
<doc>Pauses the test executed for the given time.</doc>
<arguments>
<arg>${arg1}</arg>
</arguments>
<msg timestamp="20200312 12:23:38.077" level="INFO">Slept 2 seconds</msg>
<status status="PASS" starttime="20200312 12:23:36.076" endtime="20200312 12:23:38.077"></status>
</kw>
<status status="PASS" starttime="20200312 12:23:36.076" endtime="20200312 12:23:38.078"></status>
</kw>
<kw name="Texto" library="recursos">
<arguments>
<arg>//input[@formcontrolname='rfc']</arg>
<arg>${claverfc}</arg>
</arguments>
<kw name="Input Text" library="SeleniumLibrary">
<doc>Types the given ``text`` into the text field identified by ``locator``.</doc>
<arguments>
<arg>xpath=${arg1}</arg>
<arg>${arg2}</arg>
</arguments>
<msg timestamp="20200312 12:23:38.079" level="INFO">Typing text 'OGBC840918HO9' into text field 'xpath=//input[@formcontrolname='rfc']'.</msg>
<kw name="Capture Page Screenshot" library="SeleniumLibrary">
<doc>Takes a screenshot of the current page and embeds it into a log file.</doc>
<msg timestamp="20200312 12:23:41.025" level="INFO" html="yes">&lt;/td&gt;&lt;/tr&gt;&lt;tr&gt;&lt;td colspan="3"&gt;&lt;a href="selenium-screenshot-1.png"&gt;&lt;img src="selenium-screenshot-1.png" width="800px"&gt;&lt;/a&gt;</msg>
<status status="PASS" starttime="20200312 12:23:38.385" endtime="20200312 12:23:41.025"></status>
</kw>
<msg timestamp="20200312 12:23:41.029" level="FAIL">InvalidElementStateException: Message: invalid element state: Element is not currently interactable and may not be manipulated
  (Session info: chrome=80.0.3987.132)
</msg>
<status status="FAIL" starttime="20200312 12:23:38.078" endtime="20200312 12:23:41.029"></status>
</kw>
<status status="FAIL" starttime="20200312 12:23:38.078" endtime="20200312 12:23:41.029"></status>
</kw>
<status status="FAIL" starttime="20200312 12:23:26.097" endtime="20200312 12:23:41.030"></status>
</kw>
<msg timestamp="20200312 12:23:41.030" level="INFO">${val} = False</msg>
<status status="PASS" starttime="20200312 12:23:26.096" endtime="20200312 12:23:41.030"></status>
</kw>
<kw name="Log" library="BuiltIn">
<doc>Logs the given message with the given level.</doc>
<arguments>
<arg>${val}</arg>
</arguments>
<msg timestamp="20200312 12:23:41.030" level="INFO">False</msg>
<status status="PASS" starttime="20200312 12:23:41.030" endtime="20200312 12:23:41.030"></status>
</kw>
<kw name="Dormir" library="recursos">
<arguments>
<arg>1</arg>
</arguments>
<kw name="Sleep" library="BuiltIn">
<doc>Pauses the test executed for the given time.</doc>
<arguments>
<arg>${arg1}</arg>
</arguments>
<msg timestamp="20200312 12:23:42.032" level="INFO">Slept 1 second</msg>
<status status="PASS" starttime="20200312 12:23:41.031" endtime="20200312 12:23:42.032"></status>
</kw>
<status status="PASS" starttime="20200312 12:23:41.031" endtime="20200312 12:23:42.032"></status>
</kw>
<kw name="Run Keyword If" library="BuiltIn">
<doc>Runs the given keyword with the given arguments, if ``condition`` is true.</doc>
<arguments>
<arg>'${val}'=='True'</arg>
<arg>Exit For Loop</arg>
</arguments>
<status status="PASS" starttime="20200312 12:23:42.033" endtime="20200312 12:23:42.033"></status>
</kw>
<status status="PASS" starttime="20200312 12:23:26.096" endtime="20200312 12:23:42.033"></status>
</kw>
<kw name="${INDEX} = 2" type="foritem">
<kw name="Run Keyword And Return Status" library="BuiltIn">
<doc>Runs the given keyword with given arguments and returns the status as a Boolean value.</doc>
<arguments>
<arg>Datos Personales</arg>
<arg>${claverfc}</arg>
</arguments>
<assign>
<var>${val}</var>
</assign>
<kw name="Datos Personales" library="casos">
<arguments>
<arg>${claverfc}</arg>
</arguments>
<kw name="Esperar Iniciar Forzar" library="recursos">
<arguments>
<arg>10</arg>
</arguments>
<kw name="Set Selenium Implicit Wait" library="SeleniumLibrary">
<doc>Sets the implicit wait value used by Selenium.</doc>
<arguments>
<arg>${arg1} seconds</arg>
</arguments>
<status status="PASS" starttime="20200312 12:23:42.035" endtime="20200312 12:23:42.159"></status>
</kw>
<status status="PASS" starttime="20200312 12:23:42.034" endtime="20200312 12:23:42.159"></status>
</kw>
<kw name="Aleatorio Curp">
<assign>
<var>${curp}</var>
</assign>
<kw name="Get Current Date" library="DateTime">
<doc>Returns current local or UTC time with an optional increment.</doc>
<arguments>
<arg>result_format=%Y-%m-%d %H:%M:%S.%f</arg>
</arguments>
<assign>
<var>${CurrentDate}</var>
</assign>
<msg timestamp="20200312 12:23:42.161" level="INFO">${CurrentDate} = 2020-03-12 12:23:42.160968</msg>
<status status="PASS" starttime="20200312 12:23:42.160" endtime="20200312 12:23:42.161"></status>
</kw>
<kw name="Convert Date" library="DateTime">
<doc>Converts between supported `date formats`.</doc>
<arguments>
<arg>${CurrentDate}</arg>
<arg>datetime</arg>
</arguments>
<assign>
<var>${datetime}</var>
</assign>
<msg timestamp="20200312 12:23:42.161" level="INFO">${datetime} = 2020-03-12 12:23:42.160968</msg>
<status status="PASS" starttime="20200312 12:23:42.161" endtime="20200312 12:23:42.161"></status>
</kw>
<kw name="Generate Random String" library="String">
<doc>Generates a string with a desired ``length`` from the given ``chars``.</doc>
<arguments>
<arg>2</arg>
<arg>[UPPER]</arg>
</arguments>
<assign>
<var>${tex}</var>
</assign>
<msg timestamp="20200312 12:23:42.162" level="INFO">${tex} = SC</msg>
<status status="PASS" starttime="20200312 12:23:42.162" endtime="20200312 12:23:42.162"></status>
</kw>
<kw name="Generate Random String" library="String">
<doc>Generates a string with a desired ``length`` from the given ``chars``.</doc>
<arguments>
<arg>2</arg>
<arg>[NUMBERS]</arg>
</arguments>
<assign>
<var>${num}</var>
</assign>
<msg timestamp="20200312 12:23:42.163" level="INFO">${num} = 53</msg>
<status status="PASS" starttime="20200312 12:23:42.162" endtime="20200312 12:23:42.163"></status>
</kw>
<msg timestamp="20200312 12:23:42.163" level="INFO">${curp} = GOHJ810919HDflTD53</msg>
<status status="PASS" starttime="20200312 12:23:42.159" endtime="20200312 12:23:42.163"></status>
</kw>
<kw name="Click" library="recursos">
<arguments>
<arg>//*[@id="Formulario"]/form/div[3]/div[1]/select/option[2]</arg>
</arguments>
<kw name="Click Element" library="SeleniumLibrary">
<doc>Click the element identified by ``locator``.</doc>
<arguments>
<arg>xpath=${arg1}</arg>
</arguments>
<msg timestamp="20200312 12:23:42.164" level="INFO">Clicking element 'xpath=//*[@id="Formulario"]/form/div[3]/div[1]/select/option[2]'.</msg>
<status status="PASS" starttime="20200312 12:23:42.164" endtime="20200312 12:23:42.756"></status>
</kw>
<status status="PASS" starttime="20200312 12:23:42.163" endtime="20200312 12:23:42.756"></status>
</kw>
<kw name="Texto" library="recursos">
<arguments>
<arg>(//input[contains(@formcontrolname,'curp')])[1]</arg>
<arg>${curp}</arg>
</arguments>
<kw name="Input Text" library="SeleniumLibrary">
<doc>Types the given ``text`` into the text field identified by ``locator``.</doc>
<arguments>
<arg>xpath=${arg1}</arg>
<arg>${arg2}</arg>
</arguments>
<msg timestamp="20200312 12:23:42.758" level="INFO">Typing text 'GOHJ810919HDflTD53' into text field 'xpath=(//input[contains(@formcontrolname,'curp')])[1]'.</msg>
<status status="PASS" starttime="20200312 12:23:42.757" endtime="20200312 12:23:44.156"></status>
</kw>
<status status="PASS" starttime="20200312 12:23:42.757" endtime="20200312 12:23:44.156"></status>
</kw>
<kw name="Scroll" library="recursos">
<arguments>
<arg>0</arg>
<arg>400</arg>
</arguments>
<kw name="Execute Javascript" library="SeleniumLibrary">
<doc>Executes the given JavaScript code with possible arguments.</doc>
<arguments>
<arg>window.scrollTo(${arg1},${arg2})</arg>
</arguments>
<msg timestamp="20200312 12:23:44.158" level="INFO">Executing JavaScript:
window.scrollTo(0,400)
Without any arguments.</msg>
<status status="PASS" starttime="20200312 12:23:44.157" endtime="20200312 12:23:44.284"></status>
</kw>
<status status="PASS" starttime="20200312 12:23:44.157" endtime="20200312 12:23:44.284"></status>
</kw>
<kw name="Dormir" library="recursos">
<arguments>
<arg>.2</arg>
</arguments>
<kw name="Sleep" library="BuiltIn">
<doc>Pauses the test executed for the given time.</doc>
<arguments>
<arg>${arg1}</arg>
</arguments>
<msg timestamp="20200312 12:23:44.486" level="INFO">Slept 200 milliseconds</msg>
<status status="PASS" starttime="20200312 12:23:44.285" endtime="20200312 12:23:44.486"></status>
</kw>
<status status="PASS" starttime="20200312 12:23:44.285" endtime="20200312 12:23:44.486"></status>
</kw>
<kw name="Texto" library="recursos">
<arguments>
<arg>//input[@formcontrolname='rfc']</arg>
<arg>${claverfc}</arg>
</arguments>
<kw name="Input Text" library="SeleniumLibrary">
<doc>Types the given ``text`` into the text field identified by ``locator``.</doc>
<arguments>
<arg>xpath=${arg1}</arg>
<arg>${arg2}</arg>
</arguments>
<msg timestamp="20200312 12:23:44.487" level="INFO">Typing text 'OGBC840918HO9' into text field 'xpath=//input[@formcontrolname='rfc']'.</msg>
<kw name="Capture Page Screenshot" library="SeleniumLibrary">
<doc>Takes a screenshot of the current page and embeds it into a log file.</doc>
<msg timestamp="20200312 12:23:45.503" level="INFO" html="yes">&lt;/td&gt;&lt;/tr&gt;&lt;tr&gt;&lt;td colspan="3"&gt;&lt;a href="selenium-screenshot-2.png"&gt;&lt;img src="selenium-screenshot-2.png" width="800px"&gt;&lt;/a&gt;</msg>
<status status="PASS" starttime="20200312 12:23:44.821" endtime="20200312 12:23:45.504"></status>
</kw>
<msg timestamp="20200312 12:23:45.505" level="FAIL">InvalidElementStateException: Message: invalid element state: Element is not currently interactable and may not be manipulated
  (Session info: chrome=80.0.3987.132)
</msg>
<status status="FAIL" starttime="20200312 12:23:44.487" endtime="20200312 12:23:45.505"></status>
</kw>
<status status="FAIL" starttime="20200312 12:23:44.486" endtime="20200312 12:23:45.505"></status>
</kw>
<status status="FAIL" starttime="20200312 12:23:42.034" endtime="20200312 12:23:45.505"></status>
</kw>
<msg timestamp="20200312 12:23:45.505" level="INFO">${val} = False</msg>
<status status="PASS" starttime="20200312 12:23:42.034" endtime="20200312 12:23:45.505"></status>
</kw>
<kw name="Log" library="BuiltIn">
<doc>Logs the given message with the given level.</doc>
<arguments>
<arg>${val}</arg>
</arguments>
<msg timestamp="20200312 12:23:45.506" level="INFO">False</msg>
<status status="PASS" starttime="20200312 12:23:45.505" endtime="20200312 12:23:45.506"></status>
</kw>
<kw name="Dormir" library="recursos">
<arguments>
<arg>1</arg>
</arguments>
<kw name="Sleep" library="BuiltIn">
<doc>Pauses the test executed for the given time.</doc>
<arguments>
<arg>${arg1}</arg>
</arguments>
<msg timestamp="20200312 12:23:46.508" level="INFO">Slept 1 second</msg>
<status status="PASS" starttime="20200312 12:23:45.507" endtime="20200312 12:23:46.508"></status>
</kw>
<status status="PASS" starttime="20200312 12:23:45.506" endtime="20200312 12:23:46.508"></status>
</kw>
<kw name="Run Keyword If" library="BuiltIn">
<doc>Runs the given keyword with the given arguments, if ``condition`` is true.</doc>
<arguments>
<arg>'${val}'=='True'</arg>
<arg>Exit For Loop</arg>
</arguments>
<status status="PASS" starttime="20200312 12:23:46.508" endtime="20200312 12:23:46.509"></status>
</kw>
<status status="PASS" starttime="20200312 12:23:42.033" endtime="20200312 12:23:46.509"></status>
</kw>
<kw name="${INDEX} = 3" type="foritem">
<kw name="Run Keyword And Return Status" library="BuiltIn">
<doc>Runs the given keyword with given arguments and returns the status as a Boolean value.</doc>
<arguments>
<arg>Datos Personales</arg>
<arg>${claverfc}</arg>
</arguments>
<assign>
<var>${val}</var>
</assign>
<kw name="Datos Personales" library="casos">
<arguments>
<arg>${claverfc}</arg>
</arguments>
<kw name="Esperar Iniciar Forzar" library="recursos">
<arguments>
<arg>10</arg>
</arguments>
<kw name="Set Selenium Implicit Wait" library="SeleniumLibrary">
<doc>Sets the implicit wait value used by Selenium.</doc>
<arguments>
<arg>${arg1} seconds</arg>
</arguments>
<status status="PASS" starttime="20200312 12:23:46.510" endtime="20200312 12:23:46.612"></status>
</kw>
<status status="PASS" starttime="20200312 12:23:46.510" endtime="20200312 12:23:46.612"></status>
</kw>
<kw name="Aleatorio Curp">
<assign>
<var>${curp}</var>
</assign>
<kw name="Get Current Date" library="DateTime">
<doc>Returns current local or UTC time with an optional increment.</doc>
<arguments>
<arg>result_format=%Y-%m-%d %H:%M:%S.%f</arg>
</arguments>
<assign>
<var>${CurrentDate}</var>
</assign>
<msg timestamp="20200312 12:23:46.613" level="INFO">${CurrentDate} = 2020-03-12 12:23:46.613310</msg>
<status status="PASS" starttime="20200312 12:23:46.613" endtime="20200312 12:23:46.613"></status>
</kw>
<kw name="Convert Date" library="DateTime">
<doc>Converts between supported `date formats`.</doc>
<arguments>
<arg>${CurrentDate}</arg>
<arg>datetime</arg>
</arguments>
<assign>
<var>${datetime}</var>
</assign>
<msg timestamp="20200312 12:23:46.614" level="INFO">${datetime} = 2020-03-12 12:23:46.613310</msg>
<status status="PASS" starttime="20200312 12:23:46.613" endtime="20200312 12:23:46.614"></status>
</kw>
<kw name="Generate Random String" library="String">
<doc>Generates a string with a desired ``length`` from the given ``chars``.</doc>
<arguments>
<arg>2</arg>
<arg>[UPPER]</arg>
</arguments>
<assign>
<var>${tex}</var>
</assign>
<msg timestamp="20200312 12:23:46.614" level="INFO">${tex} = FA</msg>
<status status="PASS" starttime="20200312 12:23:46.614" endtime="20200312 12:23:46.614"></status>
</kw>
<kw name="Generate Random String" library="String">
<doc>Generates a string with a desired ``length`` from the given ``chars``.</doc>
<arguments>
<arg>2</arg>
<arg>[NUMBERS]</arg>
</arguments>
<assign>
<var>${num}</var>
</assign>
<msg timestamp="20200312 12:23:46.615" level="INFO">${num} = 27</msg>
<status status="PASS" starttime="20200312 12:23:46.615" endtime="20200312 12:23:46.615"></status>
</kw>
<msg timestamp="20200312 12:23:46.615" level="INFO">${curp} = GOHJ810919HDflTD27</msg>
<status status="PASS" starttime="20200312 12:23:46.612" endtime="20200312 12:23:46.615"></status>
</kw>
<kw name="Click" library="recursos">
<arguments>
<arg>//*[@id="Formulario"]/form/div[3]/div[1]/select/option[2]</arg>
</arguments>
<kw name="Click Element" library="SeleniumLibrary">
<doc>Click the element identified by ``locator``.</doc>
<arguments>
<arg>xpath=${arg1}</arg>
</arguments>
<msg timestamp="20200312 12:23:46.616" level="INFO">Clicking element 'xpath=//*[@id="Formulario"]/form/div[3]/div[1]/select/option[2]'.</msg>
<status status="PASS" starttime="20200312 12:23:46.616" endtime="20200312 12:23:46.946"></status>
</kw>
<status status="PASS" starttime="20200312 12:23:46.615" endtime="20200312 12:23:46.946"></status>
</kw>
<kw name="Texto" library="recursos">
<arguments>
<arg>(//input[contains(@formcontrolname,'curp')])[1]</arg>
<arg>${curp}</arg>
</arguments>
<kw name="Input Text" library="SeleniumLibrary">
<doc>Types the given ``text`` into the text field identified by ``locator``.</doc>
<arguments>
<arg>xpath=${arg1}</arg>
<arg>${arg2}</arg>
</arguments>
<msg timestamp="20200312 12:23:46.948" level="INFO">Typing text 'GOHJ810919HDflTD27' into text field 'xpath=(//input[contains(@formcontrolname,'curp')])[1]'.</msg>
<status status="PASS" starttime="20200312 12:23:46.947" endtime="20200312 12:23:48.300"></status>
</kw>
<status status="PASS" starttime="20200312 12:23:46.946" endtime="20200312 12:23:48.300"></status>
</kw>
<kw name="Scroll" library="recursos">
<arguments>
<arg>0</arg>
<arg>400</arg>
</arguments>
<kw name="Execute Javascript" library="SeleniumLibrary">
<doc>Executes the given JavaScript code with possible arguments.</doc>
<arguments>
<arg>window.scrollTo(${arg1},${arg2})</arg>
</arguments>
<msg timestamp="20200312 12:23:48.303" level="INFO">Executing JavaScript:
window.scrollTo(0,400)
Without any arguments.</msg>
<status status="PASS" starttime="20200312 12:23:48.302" endtime="20200312 12:23:48.632"></status>
</kw>
<status status="PASS" starttime="20200312 12:23:48.301" endtime="20200312 12:23:48.632"></status>
</kw>
<kw name="Dormir" library="recursos">
<arguments>
<arg>.2</arg>
</arguments>
<kw name="Sleep" library="BuiltIn">
<doc>Pauses the test executed for the given time.</doc>
<arguments>
<arg>${arg1}</arg>
</arguments>
<msg timestamp="20200312 12:23:48.834" level="INFO">Slept 200 milliseconds</msg>
<status status="PASS" starttime="20200312 12:23:48.633" endtime="20200312 12:23:48.834"></status>
</kw>
<status status="PASS" starttime="20200312 12:23:48.633" endtime="20200312 12:23:48.834"></status>
</kw>
<kw name="Texto" library="recursos">
<arguments>
<arg>//input[@formcontrolname='rfc']</arg>
<arg>${claverfc}</arg>
</arguments>
<kw name="Input Text" library="SeleniumLibrary">
<doc>Types the given ``text`` into the text field identified by ``locator``.</doc>
<arguments>
<arg>xpath=${arg1}</arg>
<arg>${arg2}</arg>
</arguments>
<msg timestamp="20200312 12:23:48.835" level="INFO">Typing text 'OGBC840918HO9' into text field 'xpath=//input[@formcontrolname='rfc']'.</msg>
<kw name="Capture Page Screenshot" library="SeleniumLibrary">
<doc>Takes a screenshot of the current page and embeds it into a log file.</doc>
<msg timestamp="20200312 12:23:49.840" level="INFO" html="yes">&lt;/td&gt;&lt;/tr&gt;&lt;tr&gt;&lt;td colspan="3"&gt;&lt;a href="selenium-screenshot-3.png"&gt;&lt;img src="selenium-screenshot-3.png" width="800px"&gt;&lt;/a&gt;</msg>
<status status="PASS" starttime="20200312 12:23:49.038" endtime="20200312 12:23:49.840"></status>
</kw>
<msg timestamp="20200312 12:23:49.841" level="FAIL">InvalidElementStateException: Message: invalid element state: Element is not currently interactable and may not be manipulated
  (Session info: chrome=80.0.3987.132)
</msg>
<status status="FAIL" starttime="20200312 12:23:48.835" endtime="20200312 12:23:49.841"></status>
</kw>
<status status="FAIL" starttime="20200312 12:23:48.834" endtime="20200312 12:23:49.841"></status>
</kw>
<status status="FAIL" starttime="20200312 12:23:46.509" endtime="20200312 12:23:49.841"></status>
</kw>
<msg timestamp="20200312 12:23:49.842" level="INFO">${val} = False</msg>
<status status="PASS" starttime="20200312 12:23:46.509" endtime="20200312 12:23:49.842"></status>
</kw>
<kw name="Log" library="BuiltIn">
<doc>Logs the given message with the given level.</doc>
<arguments>
<arg>${val}</arg>
</arguments>
<msg timestamp="20200312 12:23:49.842" level="INFO">False</msg>
<status status="PASS" starttime="20200312 12:23:49.842" endtime="20200312 12:23:49.842"></status>
</kw>
<kw name="Dormir" library="recursos">
<arguments>
<arg>1</arg>
</arguments>
<kw name="Sleep" library="BuiltIn">
<doc>Pauses the test executed for the given time.</doc>
<arguments>
<arg>${arg1}</arg>
</arguments>
<msg timestamp="20200312 12:23:50.844" level="INFO">Slept 1 second</msg>
<status status="PASS" starttime="20200312 12:23:49.843" endtime="20200312 12:23:50.844"></status>
</kw>
<status status="PASS" starttime="20200312 12:23:49.843" endtime="20200312 12:23:50.844"></status>
</kw>
<kw name="Run Keyword If" library="BuiltIn">
<doc>Runs the given keyword with the given arguments, if ``condition`` is true.</doc>
<arguments>
<arg>'${val}'=='True'</arg>
<arg>Exit For Loop</arg>
</arguments>
<status status="PASS" starttime="20200312 12:23:50.844" endtime="20200312 12:23:50.845"></status>
</kw>
<status status="PASS" starttime="20200312 12:23:46.509" endtime="20200312 12:23:50.845"></status>
</kw>
<kw name="${INDEX} = 4" type="foritem">
<kw name="Run Keyword And Return Status" library="BuiltIn">
<doc>Runs the given keyword with given arguments and returns the status as a Boolean value.</doc>
<arguments>
<arg>Datos Personales</arg>
<arg>${claverfc}</arg>
</arguments>
<assign>
<var>${val}</var>
</assign>
<kw name="Datos Personales" library="casos">
<arguments>
<arg>${claverfc}</arg>
</arguments>
<kw name="Esperar Iniciar Forzar" library="recursos">
<arguments>
<arg>10</arg>
</arguments>
<kw name="Set Selenium Implicit Wait" library="SeleniumLibrary">
<doc>Sets the implicit wait value used by Selenium.</doc>
<arguments>
<arg>${arg1} seconds</arg>
</arguments>
<status status="PASS" starttime="20200312 12:23:50.847" endtime="20200312 12:23:50.954"></status>
</kw>
<status status="PASS" starttime="20200312 12:23:50.846" endtime="20200312 12:23:50.955"></status>
</kw>
<kw name="Aleatorio Curp">
<assign>
<var>${curp}</var>
</assign>
<kw name="Get Current Date" library="DateTime">
<doc>Returns current local or UTC time with an optional increment.</doc>
<arguments>
<arg>result_format=%Y-%m-%d %H:%M:%S.%f</arg>
</arguments>
<assign>
<var>${CurrentDate}</var>
</assign>
<msg timestamp="20200312 12:23:50.956" level="INFO">${CurrentDate} = 2020-03-12 12:23:50.955861</msg>
<status status="PASS" starttime="20200312 12:23:50.955" endtime="20200312 12:23:50.956"></status>
</kw>
<kw name="Convert Date" library="DateTime">
<doc>Converts between supported `date formats`.</doc>
<arguments>
<arg>${CurrentDate}</arg>
<arg>datetime</arg>
</arguments>
<assign>
<var>${datetime}</var>
</assign>
<msg timestamp="20200312 12:23:50.957" level="INFO">${datetime} = 2020-03-12 12:23:50.955861</msg>
<status status="PASS" starttime="20200312 12:23:50.956" endtime="20200312 12:23:50.957"></status>
</kw>
<kw name="Generate Random String" library="String">
<doc>Generates a string with a desired ``length`` from the given ``chars``.</doc>
<arguments>
<arg>2</arg>
<arg>[UPPER]</arg>
</arguments>
<assign>
<var>${tex}</var>
</assign>
<msg timestamp="20200312 12:23:50.958" level="INFO">${tex} = XD</msg>
<status status="PASS" starttime="20200312 12:23:50.957" endtime="20200312 12:23:50.958"></status>
</kw>
<kw name="Generate Random String" library="String">
<doc>Generates a string with a desired ``length`` from the given ``chars``.</doc>
<arguments>
<arg>2</arg>
<arg>[NUMBERS]</arg>
</arguments>
<assign>
<var>${num}</var>
</assign>
<msg timestamp="20200312 12:23:50.959" level="INFO">${num} = 04</msg>
<status status="PASS" starttime="20200312 12:23:50.958" endtime="20200312 12:23:50.959"></status>
</kw>
<msg timestamp="20200312 12:23:50.959" level="INFO">${curp} = GOHJ810919HDflTD04</msg>
<status status="PASS" starttime="20200312 12:23:50.955" endtime="20200312 12:23:50.959"></status>
</kw>
<kw name="Click" library="recursos">
<arguments>
<arg>//*[@id="Formulario"]/form/div[3]/div[1]/select/option[2]</arg>
</arguments>
<kw name="Click Element" library="SeleniumLibrary">
<doc>Click the element identified by ``locator``.</doc>
<arguments>
<arg>xpath=${arg1}</arg>
</arguments>
<msg timestamp="20200312 12:23:50.960" level="INFO">Clicking element 'xpath=//*[@id="Formulario"]/form/div[3]/div[1]/select/option[2]'.</msg>
<status status="PASS" starttime="20200312 12:23:50.960" endtime="20200312 12:23:51.418"></status>
</kw>
<status status="PASS" starttime="20200312 12:23:50.959" endtime="20200312 12:23:51.418"></status>
</kw>
<kw name="Texto" library="recursos">
<arguments>
<arg>(//input[contains(@formcontrolname,'curp')])[1]</arg>
<arg>${curp}</arg>
</arguments>
<kw name="Input Text" library="SeleniumLibrary">
<doc>Types the given ``text`` into the text field identified by ``locator``.</doc>
<arguments>
<arg>xpath=${arg1}</arg>
<arg>${arg2}</arg>
</arguments>
<msg timestamp="20200312 12:23:51.420" level="INFO">Typing text 'GOHJ810919HDflTD04' into text field 'xpath=(//input[contains(@formcontrolname,'curp')])[1]'.</msg>
<status status="PASS" starttime="20200312 12:23:51.420" endtime="20200312 12:23:52.868"></status>
</kw>
<status status="PASS" starttime="20200312 12:23:51.419" endtime="20200312 12:23:52.868"></status>
</kw>
<kw name="Scroll" library="recursos">
<arguments>
<arg>0</arg>
<arg>400</arg>
</arguments>
<kw name="Execute Javascript" library="SeleniumLibrary">
<doc>Executes the given JavaScript code with possible arguments.</doc>
<arguments>
<arg>window.scrollTo(${arg1},${arg2})</arg>
</arguments>
<msg timestamp="20200312 12:23:52.870" level="INFO">Executing JavaScript:
window.scrollTo(0,400)
Without any arguments.</msg>
<status status="PASS" starttime="20200312 12:23:52.869" endtime="20200312 12:23:53.008"></status>
</kw>
<status status="PASS" starttime="20200312 12:23:52.869" endtime="20200312 12:23:53.008"></status>
</kw>
<kw name="Dormir" library="recursos">
<arguments>
<arg>.2</arg>
</arguments>
<kw name="Sleep" library="BuiltIn">
<doc>Pauses the test executed for the given time.</doc>
<arguments>
<arg>${arg1}</arg>
</arguments>
<msg timestamp="20200312 12:23:53.210" level="INFO">Slept 200 milliseconds</msg>
<status status="PASS" starttime="20200312 12:23:53.009" endtime="20200312 12:23:53.210"></status>
</kw>
<status status="PASS" starttime="20200312 12:23:53.009" endtime="20200312 12:23:53.210"></status>
</kw>
<kw name="Texto" library="recursos">
<arguments>
<arg>//input[@formcontrolname='rfc']</arg>
<arg>${claverfc}</arg>
</arguments>
<kw name="Input Text" library="SeleniumLibrary">
<doc>Types the given ``text`` into the text field identified by ``locator``.</doc>
<arguments>
<arg>xpath=${arg1}</arg>
<arg>${arg2}</arg>
</arguments>
<msg timestamp="20200312 12:23:53.212" level="INFO">Typing text 'OGBC840918HO9' into text field 'xpath=//input[@formcontrolname='rfc']'.</msg>
<status status="PASS" starttime="20200312 12:23:53.211" endtime="20200312 12:23:54.448"></status>
</kw>
<status status="PASS" starttime="20200312 12:23:53.210" endtime="20200312 12:23:54.448"></status>
</kw>
<kw name="Dormir" library="recursos">
<arguments>
<arg>2</arg>
</arguments>
<kw name="Sleep" library="BuiltIn">
<doc>Pauses the test executed for the given time.</doc>
<arguments>
<arg>${arg1}</arg>
</arguments>
<msg timestamp="20200312 12:23:56.450" level="INFO">Slept 2 seconds</msg>
<status status="PASS" starttime="20200312 12:23:54.449" endtime="20200312 12:23:56.450"></status>
</kw>
<status status="PASS" starttime="20200312 12:23:54.449" endtime="20200312 12:23:56.450"></status>
</kw>
<kw name="Texto" library="recursos">
<arguments>
<arg>//input[@formcontrolname='rfc']</arg>
<arg>${claverfc}</arg>
</arguments>
<kw name="Input Text" library="SeleniumLibrary">
<doc>Types the given ``text`` into the text field identified by ``locator``.</doc>
<arguments>
<arg>xpath=${arg1}</arg>
<arg>${arg2}</arg>
</arguments>
<msg timestamp="20200312 12:23:56.451" level="INFO">Typing text 'OGBC840918HO9' into text field 'xpath=//input[@formcontrolname='rfc']'.</msg>
<kw name="Capture Page Screenshot" library="SeleniumLibrary">
<doc>Takes a screenshot of the current page and embeds it into a log file.</doc>
<msg timestamp="20200312 12:23:57.541" level="INFO" html="yes">&lt;/td&gt;&lt;/tr&gt;&lt;tr&gt;&lt;td colspan="3"&gt;&lt;a href="selenium-screenshot-4.png"&gt;&lt;img src="selenium-screenshot-4.png" width="800px"&gt;&lt;/a&gt;</msg>
<status status="PASS" starttime="20200312 12:23:56.964" endtime="20200312 12:23:57.542"></status>
</kw>
<msg timestamp="20200312 12:23:57.543" level="FAIL">InvalidElementStateException: Message: invalid element state: Element is not currently interactable and may not be manipulated
  (Session info: chrome=80.0.3987.132)
</msg>
<status status="FAIL" starttime="20200312 12:23:56.451" endtime="20200312 12:23:57.543"></status>
</kw>
<status status="FAIL" starttime="20200312 12:23:56.450" endtime="20200312 12:23:57.543"></status>
</kw>
<status status="FAIL" starttime="20200312 12:23:50.846" endtime="20200312 12:23:57.544"></status>
</kw>
<msg timestamp="20200312 12:23:57.544" level="INFO">${val} = False</msg>
<status status="PASS" starttime="20200312 12:23:50.845" endtime="20200312 12:23:57.544"></status>
</kw>
<kw name="Log" library="BuiltIn">
<doc>Logs the given message with the given level.</doc>
<arguments>
<arg>${val}</arg>
</arguments>
<msg timestamp="20200312 12:23:57.544" level="INFO">False</msg>
<status status="PASS" starttime="20200312 12:23:57.544" endtime="20200312 12:23:57.544"></status>
</kw>
<kw name="Dormir" library="recursos">
<arguments>
<arg>1</arg>
</arguments>
<kw name="Sleep" library="BuiltIn">
<doc>Pauses the test executed for the given time.</doc>
<arguments>
<arg>${arg1}</arg>
</arguments>
<msg timestamp="20200312 12:23:58.545" level="INFO">Slept 1 second</msg>
<status status="PASS" starttime="20200312 12:23:57.545" endtime="20200312 12:23:58.545"></status>
</kw>
<status status="PASS" starttime="20200312 12:23:57.545" endtime="20200312 12:23:58.545"></status>
</kw>
<kw name="Run Keyword If" library="BuiltIn">
<doc>Runs the given keyword with the given arguments, if ``condition`` is true.</doc>
<arguments>
<arg>'${val}'=='True'</arg>
<arg>Exit For Loop</arg>
</arguments>
<status status="PASS" starttime="20200312 12:23:58.546" endtime="20200312 12:23:58.546"></status>
</kw>
<status status="PASS" starttime="20200312 12:23:50.845" endtime="20200312 12:23:58.546"></status>
</kw>
<kw name="${INDEX} = 5" type="foritem">
<kw name="Run Keyword And Return Status" library="BuiltIn">
<doc>Runs the given keyword with given arguments and returns the status as a Boolean value.</doc>
<arguments>
<arg>Datos Personales</arg>
<arg>${claverfc}</arg>
</arguments>
<assign>
<var>${val}</var>
</assign>
<kw name="Datos Personales" library="casos">
<arguments>
<arg>${claverfc}</arg>
</arguments>
<kw name="Esperar Iniciar Forzar" library="recursos">
<arguments>
<arg>10</arg>
</arguments>
<kw name="Set Selenium Implicit Wait" library="SeleniumLibrary">
<doc>Sets the implicit wait value used by Selenium.</doc>
<arguments>
<arg>${arg1} seconds</arg>
</arguments>
<status status="PASS" starttime="20200312 12:23:58.548" endtime="20200312 12:23:58.705"></status>
</kw>
<status status="PASS" starttime="20200312 12:23:58.547" endtime="20200312 12:23:58.705"></status>
</kw>
<kw name="Aleatorio Curp">
<assign>
<var>${curp}</var>
</assign>
<kw name="Get Current Date" library="DateTime">
<doc>Returns current local or UTC time with an optional increment.</doc>
<arguments>
<arg>result_format=%Y-%m-%d %H:%M:%S.%f</arg>
</arguments>
<assign>
<var>${CurrentDate}</var>
</assign>
<msg timestamp="20200312 12:23:58.706" level="INFO">${CurrentDate} = 2020-03-12 12:23:58.705618</msg>
<status status="PASS" starttime="20200312 12:23:58.706" endtime="20200312 12:23:58.706"></status>
</kw>
<kw name="Convert Date" library="DateTime">
<doc>Converts between supported `date formats`.</doc>
<arguments>
<arg>${CurrentDate}</arg>
<arg>datetime</arg>
</arguments>
<assign>
<var>${datetime}</var>
</assign>
<msg timestamp="20200312 12:23:58.707" level="INFO">${datetime} = 2020-03-12 12:23:58.705618</msg>
<status status="PASS" starttime="20200312 12:23:58.706" endtime="20200312 12:23:58.707"></status>
</kw>
<kw name="Generate Random String" library="String">
<doc>Generates a string with a desired ``length`` from the given ``chars``.</doc>
<arguments>
<arg>2</arg>
<arg>[UPPER]</arg>
</arguments>
<assign>
<var>${tex}</var>
</assign>
<msg timestamp="20200312 12:23:58.707" level="INFO">${tex} = GD</msg>
<status status="PASS" starttime="20200312 12:23:58.707" endtime="20200312 12:23:58.708"></status>
</kw>
<kw name="Generate Random String" library="String">
<doc>Generates a string with a desired ``length`` from the given ``chars``.</doc>
<arguments>
<arg>2</arg>
<arg>[NUMBERS]</arg>
</arguments>
<assign>
<var>${num}</var>
</assign>
<msg timestamp="20200312 12:23:58.708" level="INFO">${num} = 49</msg>
<status status="PASS" starttime="20200312 12:23:58.708" endtime="20200312 12:23:58.708"></status>
</kw>
<msg timestamp="20200312 12:23:58.709" level="INFO">${curp} = GOHJ810919HDflTD49</msg>
<status status="PASS" starttime="20200312 12:23:58.705" endtime="20200312 12:23:58.709"></status>
</kw>
<kw name="Click" library="recursos">
<arguments>
<arg>//*[@id="Formulario"]/form/div[3]/div[1]/select/option[2]</arg>
</arguments>
<kw name="Click Element" library="SeleniumLibrary">
<doc>Click the element identified by ``locator``.</doc>
<arguments>
<arg>xpath=${arg1}</arg>
</arguments>
<msg timestamp="20200312 12:23:58.710" level="INFO">Clicking element 'xpath=//*[@id="Formulario"]/form/div[3]/div[1]/select/option[2]'.</msg>
<status status="PASS" starttime="20200312 12:23:58.709" endtime="20200312 12:23:59.117"></status>
</kw>
<status status="PASS" starttime="20200312 12:23:58.709" endtime="20200312 12:23:59.118"></status>
</kw>
<kw name="Texto" library="recursos">
<arguments>
<arg>(//input[contains(@formcontrolname,'curp')])[1]</arg>
<arg>${curp}</arg>
</arguments>
<kw name="Input Text" library="SeleniumLibrary">
<doc>Types the given ``text`` into the text field identified by ``locator``.</doc>
<arguments>
<arg>xpath=${arg1}</arg>
<arg>${arg2}</arg>
</arguments>
<msg timestamp="20200312 12:23:59.119" level="INFO">Typing text 'GOHJ810919HDflTD49' into text field 'xpath=(//input[contains(@formcontrolname,'curp')])[1]'.</msg>
<status status="PASS" starttime="20200312 12:23:59.118" endtime="20200312 12:24:01.018"></status>
</kw>
<status status="PASS" starttime="20200312 12:23:59.118" endtime="20200312 12:24:01.018"></status>
</kw>
<kw name="Scroll" library="recursos">
<arguments>
<arg>0</arg>
<arg>400</arg>
</arguments>
<kw name="Execute Javascript" library="SeleniumLibrary">
<doc>Executes the given JavaScript code with possible arguments.</doc>
<arguments>
<arg>window.scrollTo(${arg1},${arg2})</arg>
</arguments>
<msg timestamp="20200312 12:24:01.020" level="INFO">Executing JavaScript:
window.scrollTo(0,400)
Without any arguments.</msg>
<status status="PASS" starttime="20200312 12:24:01.019" endtime="20200312 12:24:01.192"></status>
</kw>
<status status="PASS" starttime="20200312 12:24:01.019" endtime="20200312 12:24:01.192"></status>
</kw>
<kw name="Dormir" library="recursos">
<arguments>
<arg>.2</arg>
</arguments>
<kw name="Sleep" library="BuiltIn">
<doc>Pauses the test executed for the given time.</doc>
<arguments>
<arg>${arg1}</arg>
</arguments>
<msg timestamp="20200312 12:24:01.393" level="INFO">Slept 200 milliseconds</msg>
<status status="PASS" starttime="20200312 12:24:01.193" endtime="20200312 12:24:01.393"></status>
</kw>
<status status="PASS" starttime="20200312 12:24:01.192" endtime="20200312 12:24:01.394"></status>
</kw>
<kw name="Texto" library="recursos">
<arguments>
<arg>//input[@formcontrolname='rfc']</arg>
<arg>${claverfc}</arg>
</arguments>
<kw name="Input Text" library="SeleniumLibrary">
<doc>Types the given ``text`` into the text field identified by ``locator``.</doc>
<arguments>
<arg>xpath=${arg1}</arg>
<arg>${arg2}</arg>
</arguments>
<msg timestamp="20200312 12:24:01.395" level="INFO">Typing text 'OGBC840918HO9' into text field 'xpath=//input[@formcontrolname='rfc']'.</msg>
<kw name="Capture Page Screenshot" library="SeleniumLibrary">
<doc>Takes a screenshot of the current page and embeds it into a log file.</doc>
<msg timestamp="20200312 12:24:02.692" level="INFO" html="yes">&lt;/td&gt;&lt;/tr&gt;&lt;tr&gt;&lt;td colspan="3"&gt;&lt;a href="selenium-screenshot-5.png"&gt;&lt;img src="selenium-screenshot-5.png" width="800px"&gt;&lt;/a&gt;</msg>
<status status="PASS" starttime="20200312 12:24:01.848" endtime="20200312 12:24:02.692"></status>
</kw>
<msg timestamp="20200312 12:24:02.693" level="FAIL">InvalidElementStateException: Message: invalid element state: Element is not currently interactable and may not be manipulated
  (Session info: chrome=80.0.3987.132)
</msg>
<status status="FAIL" starttime="20200312 12:24:01.395" endtime="20200312 12:24:02.693"></status>
</kw>
<status status="FAIL" starttime="20200312 12:24:01.394" endtime="20200312 12:24:02.693"></status>
</kw>
<status status="FAIL" starttime="20200312 12:23:58.547" endtime="20200312 12:24:02.694"></status>
</kw>
<msg timestamp="20200312 12:24:02.694" level="INFO">${val} = False</msg>
<status status="PASS" starttime="20200312 12:23:58.546" endtime="20200312 12:24:02.694"></status>
</kw>
<kw name="Log" library="BuiltIn">
<doc>Logs the given message with the given level.</doc>
<arguments>
<arg>${val}</arg>
</arguments>
<msg timestamp="20200312 12:24:02.694" level="INFO">False</msg>
<status status="PASS" starttime="20200312 12:24:02.694" endtime="20200312 12:24:02.695"></status>
</kw>
<kw name="Dormir" library="recursos">
<arguments>
<arg>1</arg>
</arguments>
<kw name="Sleep" library="BuiltIn">
<doc>Pauses the test executed for the given time.</doc>
<arguments>
<arg>${arg1}</arg>
</arguments>
<msg timestamp="20200312 12:24:03.696" level="INFO">Slept 1 second</msg>
<status status="PASS" starttime="20200312 12:24:02.695" endtime="20200312 12:24:03.696"></status>
</kw>
<status status="PASS" starttime="20200312 12:24:02.695" endtime="20200312 12:24:03.696"></status>
</kw>
<kw name="Run Keyword If" library="BuiltIn">
<doc>Runs the given keyword with the given arguments, if ``condition`` is true.</doc>
<arguments>
<arg>'${val}'=='True'</arg>
<arg>Exit For Loop</arg>
</arguments>
<status status="PASS" starttime="20200312 12:24:03.696" endtime="20200312 12:24:03.697"></status>
</kw>
<status status="PASS" starttime="20200312 12:23:58.546" endtime="20200312 12:24:03.697"></status>
</kw>
<kw name="${INDEX} = 6" type="foritem">
<kw name="Run Keyword And Return Status" library="BuiltIn">
<doc>Runs the given keyword with given arguments and returns the status as a Boolean value.</doc>
<arguments>
<arg>Datos Personales</arg>
<arg>${claverfc}</arg>
</arguments>
<assign>
<var>${val}</var>
</assign>
<kw name="Datos Personales" library="casos">
<arguments>
<arg>${claverfc}</arg>
</arguments>
<kw name="Esperar Iniciar Forzar" library="recursos">
<arguments>
<arg>10</arg>
</arguments>
<kw name="Set Selenium Implicit Wait" library="SeleniumLibrary">
<doc>Sets the implicit wait value used by Selenium.</doc>
<arguments>
<arg>${arg1} seconds</arg>
</arguments>
<status status="PASS" starttime="20200312 12:24:03.699" endtime="20200312 12:24:03.815"></status>
</kw>
<status status="PASS" starttime="20200312 12:24:03.698" endtime="20200312 12:24:03.815"></status>
</kw>
<kw name="Aleatorio Curp">
<assign>
<var>${curp}</var>
</assign>
<kw name="Get Current Date" library="DateTime">
<doc>Returns current local or UTC time with an optional increment.</doc>
<arguments>
<arg>result_format=%Y-%m-%d %H:%M:%S.%f</arg>
</arguments>
<assign>
<var>${CurrentDate}</var>
</assign>
<msg timestamp="20200312 12:24:03.817" level="INFO">${CurrentDate} = 2020-03-12 12:24:03.816713</msg>
<status status="PASS" starttime="20200312 12:24:03.816" endtime="20200312 12:24:03.817"></status>
</kw>
<kw name="Convert Date" library="DateTime">
<doc>Converts between supported `date formats`.</doc>
<arguments>
<arg>${CurrentDate}</arg>
<arg>datetime</arg>
</arguments>
<assign>
<var>${datetime}</var>
</assign>
<msg timestamp="20200312 12:24:03.818" level="INFO">${datetime} = 2020-03-12 12:24:03.816713</msg>
<status status="PASS" starttime="20200312 12:24:03.817" endtime="20200312 12:24:03.818"></status>
</kw>
<kw name="Generate Random String" library="String">
<doc>Generates a string with a desired ``length`` from the given ``chars``.</doc>
<arguments>
<arg>2</arg>
<arg>[UPPER]</arg>
</arguments>
<assign>
<var>${tex}</var>
</assign>
<msg timestamp="20200312 12:24:03.818" level="INFO">${tex} = NO</msg>
<status status="PASS" starttime="20200312 12:24:03.818" endtime="20200312 12:24:03.819"></status>
</kw>
<kw name="Generate Random String" library="String">
<doc>Generates a string with a desired ``length`` from the given ``chars``.</doc>
<arguments>
<arg>2</arg>
<arg>[NUMBERS]</arg>
</arguments>
<assign>
<var>${num}</var>
</assign>
<msg timestamp="20200312 12:24:03.819" level="INFO">${num} = 47</msg>
<status status="PASS" starttime="20200312 12:24:03.819" endtime="20200312 12:24:03.819"></status>
</kw>
<msg timestamp="20200312 12:24:03.819" level="INFO">${curp} = GOHJ810919HDflTD47</msg>
<status status="PASS" starttime="20200312 12:24:03.816" endtime="20200312 12:24:03.820"></status>
</kw>
<kw name="Click" library="recursos">
<arguments>
<arg>//*[@id="Formulario"]/form/div[3]/div[1]/select/option[2]</arg>
</arguments>
<kw name="Click Element" library="SeleniumLibrary">
<doc>Click the element identified by ``locator``.</doc>
<arguments>
<arg>xpath=${arg1}</arg>
</arguments>
<msg timestamp="20200312 12:24:03.821" level="INFO">Clicking element 'xpath=//*[@id="Formulario"]/form/div[3]/div[1]/select/option[2]'.</msg>
<status status="PASS" starttime="20200312 12:24:03.820" endtime="20200312 12:24:04.308"></status>
</kw>
<status status="PASS" starttime="20200312 12:24:03.820" endtime="20200312 12:24:04.308"></status>
</kw>
<kw name="Texto" library="recursos">
<arguments>
<arg>(//input[contains(@formcontrolname,'curp')])[1]</arg>
<arg>${curp}</arg>
</arguments>
<kw name="Input Text" library="SeleniumLibrary">
<doc>Types the given ``text`` into the text field identified by ``locator``.</doc>
<arguments>
<arg>xpath=${arg1}</arg>
<arg>${arg2}</arg>
</arguments>
<msg timestamp="20200312 12:24:04.310" level="INFO">Typing text 'GOHJ810919HDflTD47' into text field 'xpath=(//input[contains(@formcontrolname,'curp')])[1]'.</msg>
<status status="PASS" starttime="20200312 12:24:04.309" endtime="20200312 12:24:05.955"></status>
</kw>
<status status="PASS" starttime="20200312 12:24:04.309" endtime="20200312 12:24:05.956"></status>
</kw>
<kw name="Scroll" library="recursos">
<arguments>
<arg>0</arg>
<arg>400</arg>
</arguments>
<kw name="Execute Javascript" library="SeleniumLibrary">
<doc>Executes the given JavaScript code with possible arguments.</doc>
<arguments>
<arg>window.scrollTo(${arg1},${arg2})</arg>
</arguments>
<msg timestamp="20200312 12:24:05.957" level="INFO">Executing JavaScript:
window.scrollTo(0,400)
Without any arguments.</msg>
<status status="PASS" starttime="20200312 12:24:05.956" endtime="20200312 12:24:06.213"></status>
</kw>
<status status="PASS" starttime="20200312 12:24:05.956" endtime="20200312 12:24:06.213"></status>
</kw>
<kw name="Dormir" library="recursos">
<arguments>
<arg>.2</arg>
</arguments>
<kw name="Sleep" library="BuiltIn">
<doc>Pauses the test executed for the given time.</doc>
<arguments>
<arg>${arg1}</arg>
</arguments>
<msg timestamp="20200312 12:24:06.418" level="INFO">Slept 200 milliseconds</msg>
<status status="PASS" starttime="20200312 12:24:06.214" endtime="20200312 12:24:06.418"></status>
</kw>
<status status="PASS" starttime="20200312 12:24:06.214" endtime="20200312 12:24:06.419"></status>
</kw>
<kw name="Texto" library="recursos">
<arguments>
<arg>//input[@formcontrolname='rfc']</arg>
<arg>${claverfc}</arg>
</arguments>
<kw name="Input Text" library="SeleniumLibrary">
<doc>Types the given ``text`` into the text field identified by ``locator``.</doc>
<arguments>
<arg>xpath=${arg1}</arg>
<arg>${arg2}</arg>
</arguments>
<msg timestamp="20200312 12:24:06.420" level="INFO">Typing text 'OGBC840918HO9' into text field 'xpath=//input[@formcontrolname='rfc']'.</msg>
<kw name="Capture Page Screenshot" library="SeleniumLibrary">
<doc>Takes a screenshot of the current page and embeds it into a log file.</doc>
<msg timestamp="20200312 12:24:07.322" level="INFO" html="yes">&lt;/td&gt;&lt;/tr&gt;&lt;tr&gt;&lt;td colspan="3"&gt;&lt;a href="selenium-screenshot-6.png"&gt;&lt;img src="selenium-screenshot-6.png" width="800px"&gt;&lt;/a&gt;</msg>
<status status="PASS" starttime="20200312 12:24:06.769" endtime="20200312 12:24:07.322"></status>
</kw>
<msg timestamp="20200312 12:24:07.323" level="FAIL">InvalidElementStateException: Message: invalid element state: Element is not currently interactable and may not be manipulated
  (Session info: chrome=80.0.3987.132)
</msg>
<status status="FAIL" starttime="20200312 12:24:06.419" endtime="20200312 12:24:07.323"></status>
</kw>
<status status="FAIL" starttime="20200312 12:24:06.419" endtime="20200312 12:24:07.324"></status>
</kw>
<status status="FAIL" starttime="20200312 12:24:03.698" endtime="20200312 12:24:07.324"></status>
</kw>
<msg timestamp="20200312 12:24:07.324" level="INFO">${val} = False</msg>
<status status="PASS" starttime="20200312 12:24:03.697" endtime="20200312 12:24:07.324"></status>
</kw>
<kw name="Log" library="BuiltIn">
<doc>Logs the given message with the given level.</doc>
<arguments>
<arg>${val}</arg>
</arguments>
<msg timestamp="20200312 12:24:07.325" level="INFO">False</msg>
<status status="PASS" starttime="20200312 12:24:07.324" endtime="20200312 12:24:07.325"></status>
</kw>
<kw name="Dormir" library="recursos">
<arguments>
<arg>1</arg>
</arguments>
<kw name="Sleep" library="BuiltIn">
<doc>Pauses the test executed for the given time.</doc>
<arguments>
<arg>${arg1}</arg>
</arguments>
<msg timestamp="20200312 12:24:08.326" level="INFO">Slept 1 second</msg>
<status status="PASS" starttime="20200312 12:24:07.325" endtime="20200312 12:24:08.326"></status>
</kw>
<status status="PASS" starttime="20200312 12:24:07.325" endtime="20200312 12:24:08.327"></status>
</kw>
<kw name="Run Keyword If" library="BuiltIn">
<doc>Runs the given keyword with the given arguments, if ``condition`` is true.</doc>
<arguments>
<arg>'${val}'=='True'</arg>
<arg>Exit For Loop</arg>
</arguments>
<status status="PASS" starttime="20200312 12:24:08.327" endtime="20200312 12:24:08.327"></status>
</kw>
<status status="PASS" starttime="20200312 12:24:03.697" endtime="20200312 12:24:08.328"></status>
</kw>
<kw name="${INDEX} = 7" type="foritem">
<kw name="Run Keyword And Return Status" library="BuiltIn">
<doc>Runs the given keyword with given arguments and returns the status as a Boolean value.</doc>
<arguments>
<arg>Datos Personales</arg>
<arg>${claverfc}</arg>
</arguments>
<assign>
<var>${val}</var>
</assign>
<kw name="Datos Personales" library="casos">
<arguments>
<arg>${claverfc}</arg>
</arguments>
<kw name="Esperar Iniciar Forzar" library="recursos">
<arguments>
<arg>10</arg>
</arguments>
<kw name="Set Selenium Implicit Wait" library="SeleniumLibrary">
<doc>Sets the implicit wait value used by Selenium.</doc>
<arguments>
<arg>${arg1} seconds</arg>
</arguments>
<status status="PASS" starttime="20200312 12:24:08.330" endtime="20200312 12:24:08.473"></status>
</kw>
<status status="PASS" starttime="20200312 12:24:08.329" endtime="20200312 12:24:08.473"></status>
</kw>
<kw name="Aleatorio Curp">
<assign>
<var>${curp}</var>
</assign>
<kw name="Get Current Date" library="DateTime">
<doc>Returns current local or UTC time with an optional increment.</doc>
<arguments>
<arg>result_format=%Y-%m-%d %H:%M:%S.%f</arg>
</arguments>
<assign>
<var>${CurrentDate}</var>
</assign>
<msg timestamp="20200312 12:24:08.475" level="INFO">${CurrentDate} = 2020-03-12 12:24:08.474602</msg>
<status status="PASS" starttime="20200312 12:24:08.474" endtime="20200312 12:24:08.475"></status>
</kw>
<kw name="Convert Date" library="DateTime">
<doc>Converts between supported `date formats`.</doc>
<arguments>
<arg>${CurrentDate}</arg>
<arg>datetime</arg>
</arguments>
<assign>
<var>${datetime}</var>
</assign>
<msg timestamp="20200312 12:24:08.476" level="INFO">${datetime} = 2020-03-12 12:24:08.474602</msg>
<status status="PASS" starttime="20200312 12:24:08.475" endtime="20200312 12:24:08.476"></status>
</kw>
<kw name="Generate Random String" library="String">
<doc>Generates a string with a desired ``length`` from the given ``chars``.</doc>
<arguments>
<arg>2</arg>
<arg>[UPPER]</arg>
</arguments>
<assign>
<var>${tex}</var>
</assign>
<msg timestamp="20200312 12:24:08.477" level="INFO">${tex} = IQ</msg>
<status status="PASS" starttime="20200312 12:24:08.476" endtime="20200312 12:24:08.477"></status>
</kw>
<kw name="Generate Random String" library="String">
<doc>Generates a string with a desired ``length`` from the given ``chars``.</doc>
<arguments>
<arg>2</arg>
<arg>[NUMBERS]</arg>
</arguments>
<assign>
<var>${num}</var>
</assign>
<msg timestamp="20200312 12:24:08.477" level="INFO">${num} = 18</msg>
<status status="PASS" starttime="20200312 12:24:08.477" endtime="20200312 12:24:08.477"></status>
</kw>
<msg timestamp="20200312 12:24:08.478" level="INFO">${curp} = GOHJ810919HDflTD18</msg>
<status status="PASS" starttime="20200312 12:24:08.474" endtime="20200312 12:24:08.478"></status>
</kw>
<kw name="Click" library="recursos">
<arguments>
<arg>//*[@id="Formulario"]/form/div[3]/div[1]/select/option[2]</arg>
</arguments>
<kw name="Click Element" library="SeleniumLibrary">
<doc>Click the element identified by ``locator``.</doc>
<arguments>
<arg>xpath=${arg1}</arg>
</arguments>
<msg timestamp="20200312 12:24:08.479" level="INFO">Clicking element 'xpath=//*[@id="Formulario"]/form/div[3]/div[1]/select/option[2]'.</msg>
<status status="PASS" starttime="20200312 12:24:08.478" endtime="20200312 12:24:08.828"></status>
</kw>
<status status="PASS" starttime="20200312 12:24:08.478" endtime="20200312 12:24:08.828"></status>
</kw>
<kw name="Texto" library="recursos">
<arguments>
<arg>(//input[contains(@formcontrolname,'curp')])[1]</arg>
<arg>${curp}</arg>
</arguments>
<kw name="Input Text" library="SeleniumLibrary">
<doc>Types the given ``text`` into the text field identified by ``locator``.</doc>
<arguments>
<arg>xpath=${arg1}</arg>
<arg>${arg2}</arg>
</arguments>
<msg timestamp="20200312 12:24:08.830" level="INFO">Typing text 'GOHJ810919HDflTD18' into text field 'xpath=(//input[contains(@formcontrolname,'curp')])[1]'.</msg>
<status status="PASS" starttime="20200312 12:24:08.829" endtime="20200312 12:24:10.465"></status>
</kw>
<status status="PASS" starttime="20200312 12:24:08.828" endtime="20200312 12:24:10.466"></status>
</kw>
<kw name="Scroll" library="recursos">
<arguments>
<arg>0</arg>
<arg>400</arg>
</arguments>
<kw name="Execute Javascript" library="SeleniumLibrary">
<doc>Executes the given JavaScript code with possible arguments.</doc>
<arguments>
<arg>window.scrollTo(${arg1},${arg2})</arg>
</arguments>
<msg timestamp="20200312 12:24:10.467" level="INFO">Executing JavaScript:
window.scrollTo(0,400)
Without any arguments.</msg>
<status status="PASS" starttime="20200312 12:24:10.466" endtime="20200312 12:24:10.611"></status>
</kw>
<status status="PASS" starttime="20200312 12:24:10.466" endtime="20200312 12:24:10.611"></status>
</kw>
<kw name="Dormir" library="recursos">
<arguments>
<arg>.2</arg>
</arguments>
<kw name="Sleep" library="BuiltIn">
<doc>Pauses the test executed for the given time.</doc>
<arguments>
<arg>${arg1}</arg>
</arguments>
<msg timestamp="20200312 12:24:10.812" level="INFO">Slept 200 milliseconds</msg>
<status status="PASS" starttime="20200312 12:24:10.612" endtime="20200312 12:24:10.812"></status>
</kw>
<status status="PASS" starttime="20200312 12:24:10.612" endtime="20200312 12:24:10.813"></status>
</kw>
<kw name="Texto" library="recursos">
<arguments>
<arg>//input[@formcontrolname='rfc']</arg>
<arg>${claverfc}</arg>
</arguments>
<kw name="Input Text" library="SeleniumLibrary">
<doc>Types the given ``text`` into the text field identified by ``locator``.</doc>
<arguments>
<arg>xpath=${arg1}</arg>
<arg>${arg2}</arg>
</arguments>
<msg timestamp="20200312 12:24:10.814" level="INFO">Typing text 'OGBC840918HO9' into text field 'xpath=//input[@formcontrolname='rfc']'.</msg>
<kw name="Capture Page Screenshot" library="SeleniumLibrary">
<doc>Takes a screenshot of the current page and embeds it into a log file.</doc>
<msg timestamp="20200312 12:24:11.965" level="INFO" html="yes">&lt;/td&gt;&lt;/tr&gt;&lt;tr&gt;&lt;td colspan="3"&gt;&lt;a href="selenium-screenshot-7.png"&gt;&lt;img src="selenium-screenshot-7.png" width="800px"&gt;&lt;/a&gt;</msg>
<status status="PASS" starttime="20200312 12:24:11.300" endtime="20200312 12:24:11.965"></status>
</kw>
<msg timestamp="20200312 12:24:11.967" level="FAIL">InvalidElementStateException: Message: invalid element state: Element is not currently interactable and may not be manipulated
  (Session info: chrome=80.0.3987.132)
</msg>
<status status="FAIL" starttime="20200312 12:24:10.813" endtime="20200312 12:24:11.967"></status>
</kw>
<status status="FAIL" starttime="20200312 12:24:10.813" endtime="20200312 12:24:11.967"></status>
</kw>
<status status="FAIL" starttime="20200312 12:24:08.329" endtime="20200312 12:24:11.967"></status>
</kw>
<msg timestamp="20200312 12:24:11.967" level="INFO">${val} = False</msg>
<status status="PASS" starttime="20200312 12:24:08.328" endtime="20200312 12:24:11.967"></status>
</kw>
<kw name="Log" library="BuiltIn">
<doc>Logs the given message with the given level.</doc>
<arguments>
<arg>${val}</arg>
</arguments>
<msg timestamp="20200312 12:24:11.968" level="INFO">False</msg>
<status status="PASS" starttime="20200312 12:24:11.968" endtime="20200312 12:24:11.968"></status>
</kw>
<kw name="Dormir" library="recursos">
<arguments>
<arg>1</arg>
</arguments>
<kw name="Sleep" library="BuiltIn">
<doc>Pauses the test executed for the given time.</doc>
<arguments>
<arg>${arg1}</arg>
</arguments>
<msg timestamp="20200312 12:24:12.970" level="INFO">Slept 1 second</msg>
<status status="PASS" starttime="20200312 12:24:11.969" endtime="20200312 12:24:12.970"></status>
</kw>
<status status="PASS" starttime="20200312 12:24:11.968" endtime="20200312 12:24:12.970"></status>
</kw>
<kw name="Run Keyword If" library="BuiltIn">
<doc>Runs the given keyword with the given arguments, if ``condition`` is true.</doc>
<arguments>
<arg>'${val}'=='True'</arg>
<arg>Exit For Loop</arg>
</arguments>
<status status="PASS" starttime="20200312 12:24:12.971" endtime="20200312 12:24:12.971"></status>
</kw>
<status status="PASS" starttime="20200312 12:24:08.328" endtime="20200312 12:24:12.971"></status>
</kw>
<kw name="${INDEX} = 8" type="foritem">
<kw name="Run Keyword And Return Status" library="BuiltIn">
<doc>Runs the given keyword with given arguments and returns the status as a Boolean value.</doc>
<arguments>
<arg>Datos Personales</arg>
<arg>${claverfc}</arg>
</arguments>
<assign>
<var>${val}</var>
</assign>
<kw name="Datos Personales" library="casos">
<arguments>
<arg>${claverfc}</arg>
</arguments>
<kw name="Esperar Iniciar Forzar" library="recursos">
<arguments>
<arg>10</arg>
</arguments>
<kw name="Set Selenium Implicit Wait" library="SeleniumLibrary">
<doc>Sets the implicit wait value used by Selenium.</doc>
<arguments>
<arg>${arg1} seconds</arg>
</arguments>
<status status="PASS" starttime="20200312 12:24:12.973" endtime="20200312 12:24:13.074"></status>
</kw>
<status status="PASS" starttime="20200312 12:24:12.972" endtime="20200312 12:24:13.075"></status>
</kw>
<kw name="Aleatorio Curp">
<assign>
<var>${curp}</var>
</assign>
<kw name="Get Current Date" library="DateTime">
<doc>Returns current local or UTC time with an optional increment.</doc>
<arguments>
<arg>result_format=%Y-%m-%d %H:%M:%S.%f</arg>
</arguments>
<assign>
<var>${CurrentDate}</var>
</assign>
<msg timestamp="20200312 12:24:13.076" level="INFO">${CurrentDate} = 2020-03-12 12:24:13.075840</msg>
<status status="PASS" starttime="20200312 12:24:13.075" endtime="20200312 12:24:13.076"></status>
</kw>
<kw name="Convert Date" library="DateTime">
<doc>Converts between supported `date formats`.</doc>
<arguments>
[...]
</kw>
<status status="PASS" starttime="20200312 12:26:54.948" endtime="20200312 12:26:55.456"></status>
</kw>
<kw name="Dormir" library="recursos">
<arguments>
<arg>10</arg>
</arguments>
<kw name="Sleep" library="BuiltIn">
<doc>Pauses the test executed for the given time.</doc>
<arguments>
<arg>${arg1}</arg>
</arguments>
<msg timestamp="20200312 12:27:05.458" level="INFO">Slept 10 seconds</msg>
<status status="PASS" starttime="20200312 12:26:55.457" endtime="20200312 12:27:05.459"></status>
</kw>
<status status="PASS" starttime="20200312 12:26:55.457" endtime="20200312 12:27:05.459"></status>
</kw>
<kw name="Scroll" library="recursos">
<arguments>
<arg>0</arg>
<arg>2800</arg>
</arguments>
<kw name="Execute Javascript" library="SeleniumLibrary">
<doc>Executes the given JavaScript code with possible arguments.</doc>
<arguments>
<arg>window.scrollTo(${arg1},${arg2})</arg>
</arguments>
<msg timestamp="20200312 12:27:05.461" level="INFO">Executing JavaScript:
window.scrollTo(0,2800)
Without any arguments.</msg>
<status status="PASS" starttime="20200312 12:27:05.460" endtime="20200312 12:27:05.587"></status>
</kw>
<status status="PASS" starttime="20200312 12:27:05.459" endtime="20200312 12:27:05.587"></status>
</kw>
<kw name="Dormir" library="recursos">
<arguments>
<arg>2</arg>
</arguments>
<kw name="Sleep" library="BuiltIn">
<doc>Pauses the test executed for the given time.</doc>
<arguments>
<arg>${arg1}</arg>
</arguments>
<msg timestamp="20200312 12:27:07.589" level="INFO">Slept 2 seconds</msg>
<status status="PASS" starttime="20200312 12:27:05.588" endtime="20200312 12:27:07.590"></status>
</kw>
<status status="PASS" starttime="20200312 12:27:05.588" endtime="20200312 12:27:07.590"></status>
</kw>
<kw name="Resultado" library="recursos">
<arguments>
<arg>.4</arg>
<arg>${dir}/Archivos.png</arg>
<arg>Archivos pdf OK</arg>
</arguments>
<kw name="Sleep" library="BuiltIn">
<doc>Pauses the test executed for the given time.</doc>
<arguments>
<arg>${tiempo}</arg>
</arguments>
<msg timestamp="20200312 12:27:07.991" level="INFO">Slept 400 milliseconds</msg>
<status status="PASS" starttime="20200312 12:27:07.591" endtime="20200312 12:27:07.991"></status>
</kw>
<kw name="Capture Page Screenshot" library="SeleniumLibrary">
<doc>Takes a screenshot of the current page and embeds it into a log file.</doc>
<arguments>
<arg>${dir}</arg>
</arguments>
<msg timestamp="20200312 12:27:08.569" level="INFO" html="yes">&lt;/td&gt;&lt;/tr&gt;&lt;tr&gt;&lt;td colspan="3"&gt;&lt;a href="Tramites/Archivos.png"&gt;&lt;img src="Tramites/Archivos.png" width="800px"&gt;&lt;/a&gt;</msg>
<status status="PASS" starttime="20200312 12:27:07.992" endtime="20200312 12:27:08.569"></status>
</kw>
<kw name="Log" library="BuiltIn">
<doc>Logs the given message with the given level.</doc>
<arguments>
<arg>${print}</arg>
</arguments>
<msg timestamp="20200312 12:27:08.570" level="INFO">Archivos pdf OK</msg>
<status status="PASS" starttime="20200312 12:27:08.570" endtime="20200312 12:27:08.570"></status>
</kw>
<status status="PASS" starttime="20200312 12:27:07.590" endtime="20200312 12:27:08.570"></status>
</kw>
<kw name="Click" library="recursos">
<arguments>
<arg>/html/body/div[2]/div/div[3]/button[1]</arg>
</arguments>
<kw name="Click Element" library="SeleniumLibrary">
<doc>Click the element identified by ``locator``.</doc>
<arguments>
<arg>xpath=${arg1}</arg>
</arguments>
<msg timestamp="20200312 12:27:08.571" level="INFO">Clicking element 'xpath=/html/body/div[2]/div/div[3]/button[1]'.</msg>
<status status="PASS" starttime="20200312 12:27:08.571" endtime="20200312 12:27:09.023"></status>
</kw>
<status status="PASS" starttime="20200312 12:27:08.571" endtime="20200312 12:27:09.024"></status>
</kw>
<kw name="Dormir" library="recursos">
<arguments>
<arg>2</arg>
</arguments>
<kw name="Sleep" library="BuiltIn">
<doc>Pauses the test executed for the given time.</doc>
<arguments>
<arg>${arg1}</arg>
</arguments>
<msg timestamp="20200312 12:27:11.025" level="INFO">Slept 2 seconds</msg>
<status status="PASS" starttime="20200312 12:27:09.024" endtime="20200312 12:27:11.025"></status>
</kw>
<status status="PASS" starttime="20200312 12:27:09.024" endtime="20200312 12:27:11.026"></status>
</kw>
<kw name="Scroll" library="recursos">
<arguments>
<arg>0</arg>
<arg>300</arg>
</arguments>
<kw name="Execute Javascript" library="SeleniumLibrary">
<doc>Executes the given JavaScript code with possible arguments.</doc>
<arguments>
<arg>window.scrollTo(${arg1},${arg2})</arg>
</arguments>
<msg timestamp="20200312 12:27:11.027" level="INFO">Executing JavaScript:
window.scrollTo(0,300)
Without any arguments.</msg>
<status status="PASS" starttime="20200312 12:27:11.026" endtime="20200312 12:27:11.134"></status>
</kw>
<status status="PASS" starttime="20200312 12:27:11.026" endtime="20200312 12:27:11.134"></status>
</kw>
<kw name="Resultado" library="recursos">
<arguments>
<arg>1</arg>
<arg>${dir}/Firma_electronica.png</arg>
<arg>Firma Electronica OK</arg>
</arguments>
<kw name="Sleep" library="BuiltIn">
<doc>Pauses the test executed for the given time.</doc>
<arguments>
<arg>${tiempo}</arg>
</arguments>
<msg timestamp="20200312 12:27:12.137" level="INFO">Slept 1 second</msg>
<status status="PASS" starttime="20200312 12:27:11.135" endtime="20200312 12:27:12.137"></status>
</kw>
<kw name="Capture Page Screenshot" library="SeleniumLibrary">
<doc>Takes a screenshot of the current page and embeds it into a log file.</doc>
<arguments>
<arg>${dir}</arg>
</arguments>
<msg timestamp="20200312 12:27:12.819" level="INFO" html="yes">&lt;/td&gt;&lt;/tr&gt;&lt;tr&gt;&lt;td colspan="3"&gt;&lt;a href="Tramites/Firma_electronica.png"&gt;&lt;img src="Tramites/Firma_electronica.png" width="800px"&gt;&lt;/a&gt;</msg>
<status status="PASS" starttime="20200312 12:27:12.137" endtime="20200312 12:27:12.819"></status>
</kw>
<kw name="Log" library="BuiltIn">
<doc>Logs the given message with the given level.</doc>
<arguments>
<arg>${print}</arg>
</arguments>
<msg timestamp="20200312 12:27:12.820" level="INFO">Firma Electronica OK</msg>
<status status="PASS" starttime="20200312 12:27:12.820" endtime="20200312 12:27:12.820"></status>
</kw>
<status status="PASS" starttime="20200312 12:27:11.135" endtime="20200312 12:27:12.820"></status>
</kw>
<status status="PASS" starttime="20200312 12:26:53.277" endtime="20200312 12:27:12.821"></status>
</kw>
<kw name="Sin Firma" library="casos">
<kw name="Esperar Iniciar Forzar" library="recursos">
<arguments>
<arg>10</arg>
</arguments>
<kw name="Set Selenium Implicit Wait" library="SeleniumLibrary">
<doc>Sets the implicit wait value used by Selenium.</doc>
<arguments>
<arg>${arg1} seconds</arg>
</arguments>
<status status="PASS" starttime="20200312 12:27:12.822" endtime="20200312 12:27:12.933"></status>
</kw>
<status status="PASS" starttime="20200312 12:27:12.821" endtime="20200312 12:27:12.933"></status>
</kw>
<kw name="Click" library="recursos">
<arguments>
<arg>(//button[contains(@type,'button')])[3]</arg>
</arguments>
<kw name="Click Element" library="SeleniumLibrary">
<doc>Click the element identified by ``locator``.</doc>
<arguments>
<arg>xpath=${arg1}</arg>
</arguments>
<msg timestamp="20200312 12:27:12.935" level="INFO">Clicking element 'xpath=(//button[contains(@type,'button')])[3]'.</msg>
<status status="PASS" starttime="20200312 12:27:12.934" endtime="20200312 12:27:13.301"></status>
</kw>
<status status="PASS" starttime="20200312 12:27:12.934" endtime="20200312 12:27:13.301"></status>
</kw>
<kw name="Dormir" library="recursos">
<arguments>
<arg>8</arg>
</arguments>
<kw name="Sleep" library="BuiltIn">
<doc>Pauses the test executed for the given time.</doc>
<arguments>
<arg>${arg1}</arg>
</arguments>
<msg timestamp="20200312 12:27:21.303" level="INFO">Slept 8 seconds</msg>
<status status="PASS" starttime="20200312 12:27:13.302" endtime="20200312 12:27:21.303"></status>
</kw>
<status status="PASS" starttime="20200312 12:27:13.301" endtime="20200312 12:27:21.304"></status>
</kw>
<kw name="Resultado" library="recursos">
<arguments>
<arg>1</arg>
<arg>${dir}/Encuesta_satisfaccion.png</arg>
<arg>Encuesta de Satisfacción OK</arg>
</arguments>
<kw name="Sleep" library="BuiltIn">
<doc>Pauses the test executed for the given time.</doc>
<arguments>
<arg>${tiempo}</arg>
</arguments>
<msg timestamp="20200312 12:27:22.305" level="INFO">Slept 1 second</msg>
<status status="PASS" starttime="20200312 12:27:21.305" endtime="20200312 12:27:22.305"></status>
</kw>
<kw name="Capture Page Screenshot" library="SeleniumLibrary">
<doc>Takes a screenshot of the current page and embeds it into a log file.</doc>
<arguments>
<arg>${dir}</arg>
</arguments>
<msg timestamp="20200312 12:27:22.930" level="INFO" html="yes">&lt;/td&gt;&lt;/tr&gt;&lt;tr&gt;&lt;td colspan="3"&gt;&lt;a href="Tramites/Encuesta_satisfaccion.png"&gt;&lt;img src="Tramites/Encuesta_satisfaccion.png" width="800px"&gt;&lt;/a&gt;</msg>
<status status="PASS" starttime="20200312 12:27:22.306" endtime="20200312 12:27:22.930"></status>
</kw>
<kw name="Log" library="BuiltIn">
<doc>Logs the given message with the given level.</doc>
<arguments>
<arg>${print}</arg>
</arguments>
<msg timestamp="20200312 12:27:22.931" level="INFO">Encuesta de Satisfacción OK</msg>
<status status="PASS" starttime="20200312 12:27:22.931" endtime="20200312 12:27:22.931"></status>
</kw>
<status status="PASS" starttime="20200312 12:27:21.304" endtime="20200312 12:27:22.931"></status>
</kw>
<kw name="Click" library="recursos">
<arguments>
<arg>//*[@id="radEncGood"]</arg>
</arguments>
<kw name="Click Element" library="SeleniumLibrary">
<doc>Click the element identified by ``locator``.</doc>
<arguments>
<arg>xpath=${arg1}</arg>
</arguments>
<msg timestamp="20200312 12:27:22.933" level="INFO">Clicking element 'xpath=//*[@id="radEncGood"]'.</msg>
<status status="PASS" starttime="20200312 12:27:22.932" endtime="20200312 12:27:23.384"></status>
</kw>
<status status="PASS" starttime="20200312 12:27:22.931" endtime="20200312 12:27:23.384"></status>
</kw>
<kw name="Click" library="recursos">
<arguments>
<arg>(//input[@type='radio'])[2]</arg>
</arguments>
<kw name="Click Element" library="SeleniumLibrary">
<doc>Click the element identified by ``locator``.</doc>
<arguments>
<arg>xpath=${arg1}</arg>
</arguments>
<msg timestamp="20200312 12:27:23.386" level="INFO">Clicking element 'xpath=(//input[@type='radio'])[2]'.</msg>
<status status="PASS" starttime="20200312 12:27:23.385" endtime="20200312 12:27:23.755"></status>
</kw>
<status status="PASS" starttime="20200312 12:27:23.385" endtime="20200312 12:27:23.755"></status>
</kw>
<kw name="Texto" library="recursos">
<arguments>
<arg>//input[contains(@id,'email')]</arg>
<arg>rodrigodrupal1@gmail.com</arg>
</arguments>
<kw name="Input Text" library="SeleniumLibrary">
<doc>Types the given ``text`` into the text field identified by ``locator``.</doc>
<arguments>
<arg>xpath=${arg1}</arg>
<arg>${arg2}</arg>
</arguments>
<msg timestamp="20200312 12:27:23.756" level="INFO">Typing text 'rodrigodrupal1@gmail.com' into text field 'xpath=//input[contains(@id,'email')]'.</msg>
<status status="PASS" starttime="20200312 12:27:23.756" endtime="20200312 12:27:24.727"></status>
</kw>
<status status="PASS" starttime="20200312 12:27:23.755" endtime="20200312 12:27:24.728"></status>
</kw>
<kw name="Click" library="recursos">
<arguments>
<arg>(//button[contains(@type,'button')])[4]</arg>
</arguments>
<kw name="Click Element" library="SeleniumLibrary">
<doc>Click the element identified by ``locator``.</doc>
<arguments>
<arg>xpath=${arg1}</arg>
</arguments>
<msg timestamp="20200312 12:27:24.729" level="INFO">Clicking element 'xpath=(//button[contains(@type,'button')])[4]'.</msg>
<status status="PASS" starttime="20200312 12:27:24.728" endtime="20200312 12:27:25.398"></status>
</kw>
<status status="PASS" starttime="20200312 12:27:24.728" endtime="20200312 12:27:25.398"></status>
</kw>
<kw name="Resultado" library="recursos">
<arguments>
<arg>.5</arg>
<arg>${dir}/Encuesta_ok.png</arg>
<arg>Encuesta OK</arg>
</arguments>
<kw name="Sleep" library="BuiltIn">
<doc>Pauses the test executed for the given time.</doc>
<arguments>
<arg>${tiempo}</arg>
</arguments>
<msg timestamp="20200312 12:27:25.900" level="INFO">Slept 500 milliseconds</msg>
<status status="PASS" starttime="20200312 12:27:25.399" endtime="20200312 12:27:25.900"></status>
</kw>
<kw name="Capture Page Screenshot" library="SeleniumLibrary">
<doc>Takes a screenshot of the current page and embeds it into a log file.</doc>
<arguments>
<arg>${dir}</arg>
</arguments>
<msg timestamp="20200312 12:27:26.597" level="INFO" html="yes">&lt;/td&gt;&lt;/tr&gt;&lt;tr&gt;&lt;td colspan="3"&gt;&lt;a href="Tramites/Encuesta_ok.png"&gt;&lt;img src="Tramites/Encuesta_ok.png" width="800px"&gt;&lt;/a&gt;</msg>
<status status="PASS" starttime="20200312 12:27:25.900" endtime="20200312 12:27:26.597"></status>
</kw>
<kw name="Log" library="BuiltIn">
<doc>Logs the given message with the given level.</doc>
<arguments>
<arg>${print}</arg>
</arguments>
<msg timestamp="20200312 12:27:26.598" level="INFO">Encuesta OK</msg>
<status status="PASS" starttime="20200312 12:27:26.597" endtime="20200312 12:27:26.598"></status>
</kw>
<status status="PASS" starttime="20200312 12:27:25.398" endtime="20200312 12:27:26.598"></status>
</kw>
<kw name="Scroll" library="recursos">
<arguments>
<arg>0</arg>
<arg>350</arg>
</arguments>
<kw name="Execute Javascript" library="SeleniumLibrary">
<doc>Executes the given JavaScript code with possible arguments.</doc>
<arguments>
<arg>window.scrollTo(${arg1},${arg2})</arg>
</arguments>
<msg timestamp="20200312 12:27:26.600" level="INFO">Executing JavaScript:
window.scrollTo(0,350)
Without any arguments.</msg>
<status status="PASS" starttime="20200312 12:27:26.599" endtime="20200312 12:27:26.752"></status>
</kw>
<status status="PASS" starttime="20200312 12:27:26.598" endtime="20200312 12:27:26.753"></status>
</kw>
<kw name="Dormir" library="recursos">
<arguments>
<arg>2</arg>
</arguments>
<kw name="Sleep" library="BuiltIn">
<doc>Pauses the test executed for the given time.</doc>
<arguments>
<arg>${arg1}</arg>
</arguments>
<msg timestamp="20200312 12:27:28.755" level="INFO">Slept 2 seconds</msg>
<status status="PASS" starttime="20200312 12:27:26.754" endtime="20200312 12:27:28.755"></status>
</kw>
<status status="PASS" starttime="20200312 12:27:26.753" endtime="20200312 12:27:28.755"></status>
</kw>
<kw name="Resultado" library="recursos">
<arguments>
<arg>.4</arg>
<arg>${dir}/Mensaje_final.png</arg>
<arg>Mensaje final OK</arg>
</arguments>
<kw name="Sleep" library="BuiltIn">
<doc>Pauses the test executed for the given time.</doc>
<arguments>
<arg>${tiempo}</arg>
</arguments>
<msg timestamp="20200312 12:27:29.157" level="INFO">Slept 400 milliseconds</msg>
<status status="PASS" starttime="20200312 12:27:28.756" endtime="20200312 12:27:29.157"></status>
</kw>
<kw name="Capture Page Screenshot" library="SeleniumLibrary">
<doc>Takes a screenshot of the current page and embeds it into a log file.</doc>
<arguments>
<arg>${dir}</arg>
</arguments>
<msg timestamp="20200312 12:27:29.805" level="INFO" html="yes">&lt;/td&gt;&lt;/tr&gt;&lt;tr&gt;&lt;td colspan="3"&gt;&lt;a href="Tramites/Mensaje_final.png"&gt;&lt;img src="Tramites/Mensaje_final.png" width="800px"&gt;&lt;/a&gt;</msg>
<status status="PASS" starttime="20200312 12:27:29.158" endtime="20200312 12:27:29.806"></status>
</kw>
<kw name="Log" library="BuiltIn">
<doc>Logs the given message with the given level.</doc>
<arguments>
<arg>${print}</arg>
</arguments>
<msg timestamp="20200312 12:27:29.806" level="INFO">Mensaje final OK</msg>
<status status="PASS" starttime="20200312 12:27:29.806" endtime="20200312 12:27:29.807"></status>
</kw>
<status status="PASS" starttime="20200312 12:27:28.755" endtime="20200312 12:27:29.807"></status>
</kw>
<kw name="Click" library="recursos">
<arguments>
<arg>//a[@class='btn btn-default'][contains(.,'Descargar documento PDF')]</arg>
</arguments>
<kw name="Click Element" library="SeleniumLibrary">
<doc>Click the element identified by ``locator``.</doc>
<arguments>
<arg>xpath=${arg1}</arg>
</arguments>
<msg timestamp="20200312 12:27:29.808" level="INFO">Clicking element 'xpath=//a[@class='btn btn-default'][contains(.,'Descargar documento PDF')]'.</msg>
<status status="PASS" starttime="20200312 12:27:29.807" endtime="20200312 12:27:30.177"></status>
</kw>
<status status="PASS" starttime="20200312 12:27:29.807" endtime="20200312 12:27:30.177"></status>
</kw>
<kw name="Resultado" library="recursos">
<arguments>
<arg>.3</arg>
<arg>${dir}/Fin.png</arg>
<arg>Final sin firma OK</arg>
</arguments>
<kw name="Sleep" library="BuiltIn">
<doc>Pauses the test executed for the given time.</doc>
<arguments>
<arg>${tiempo}</arg>
</arguments>
<msg timestamp="20200312 12:27:30.479" level="INFO">Slept 300 milliseconds</msg>
<status status="PASS" starttime="20200312 12:27:30.178" endtime="20200312 12:27:30.479"></status>
</kw>
<kw name="Capture Page Screenshot" library="SeleniumLibrary">
<doc>Takes a screenshot of the current page and embeds it into a log file.</doc>
<arguments>
<arg>${dir}</arg>
</arguments>
<msg timestamp="20200312 12:27:31.170" level="INFO" html="yes">&lt;/td&gt;&lt;/tr&gt;&lt;tr&gt;&lt;td colspan="3"&gt;&lt;a href="Tramites/Fin.png"&gt;&lt;img src="Tramites/Fin.png" width="800px"&gt;&lt;/a&gt;</msg>
<status status="PASS" starttime="20200312 12:27:30.480" endtime="20200312 12:27:31.170"></status>
</kw>
<kw name="Log" library="BuiltIn">
<doc>Logs the given message with the given level.</doc>
<arguments>
<arg>${print}</arg>
</arguments>
<msg timestamp="20200312 12:27:31.171" level="INFO">Final sin firma OK</msg>
<status status="PASS" starttime="20200312 12:27:31.170" endtime="20200312 12:27:31.171"></status>
</kw>
<status status="PASS" starttime="20200312 12:27:30.178" endtime="20200312 12:27:31.171"></status>
</kw>
<status status="PASS" starttime="20200312 12:27:12.821" endtime="20200312 12:27:31.171"></status>
</kw>
<kw name="Video Finalizar" library="recursos">
<kw name="Stop Video Recording" library="ScreenCapLibrary">
<doc>Stops the video recording corresponding to the given ``alias`` and generates the file in WebM format. If no
``alias`` is specified, the last opened recording will be closed. If there are more recordings with the same
alias all of them will be closed. If ``embed`` argument was set to
``True`` the video will be displayed in the log file.</doc>
<msg timestamp="20200312 12:27:32.175" level="INFO" html="yes">&lt;a href="recording_1.webm"&gt;&lt;video width="800px" autoplay&gt;&lt;source src="recording_1.webm" type="video/webm"&gt;&lt;/video&gt;&lt;/a&gt;</msg>
<status status="PASS" starttime="20200312 12:27:31.172" endtime="20200312 12:27:32.176"></status>
</kw>
<status status="PASS" starttime="20200312 12:27:31.171" endtime="20200312 12:27:32.176"></status>
</kw>
<kw name="Cerrar" library="recursos">
<kw name="Close Browser" library="SeleniumLibrary">
<doc>Closes the current browser.</doc>
<status status="PASS" starttime="20200312 12:27:32.176" endtime="20200312 12:27:34.808"></status>
</kw>
<status status="PASS" starttime="20200312 12:27:32.176" endtime="20200312 12:27:34.809"></status>
</kw>
<doc>PRUEBA TRAMITE 018 A DATOS FIRMA ELECTRONICA</doc>
<tags>
<tag>tg10</tag>
</tags>
<status status="PASS" starttime="20200312 12:23:03.114" endtime="20200312 12:27:34.809" critical="yes"></status>
</test>
<doc>Casos de Prueba CC-04-2019-AMTIF-OT04</doc>
<status status="PASS" starttime="20200312 12:23:00.978" endtime="20200312 12:27:34.810"></status>
</suite>
<status status="PASS" starttime="20200312 12:23:00.951" endtime="20200312 12:27:34.813"></status>
</suite>
<statistics>
<total>
<stat pass="1" fail="0">Critical Tests</stat>
<stat pass="1" fail="0">All Tests</stat>
</total>
<tag>
<stat pass="1" fail="0">tg10</stat>
</tag>
<suite>
<stat pass="1" fail="0" id="s1" name="Suites">Suites</stat>
<stat pass="1" fail="0" id="s1-s1" name="Test If Copy 3">Suites.Test If Copy 3</stat>
</suite>
</statistics>
<errors>
</errors>
</robot>
