<?xml version="1.0" encoding="UTF-8"?>
<robot generator="Robot 3.1.2 (Python 3.7.6 on win32)" generated="20200127 17:54:03.829" rpa="false">
<suite id="s1" name="Test" source="C:\Test_detram\test\test.robot">
<test id="s1-t1" name="CC001 TRAMITES-0T4 (TRAMITES 018 A)">
<kw name="Comment" library="BuiltIn">
<doc>Displays the given messages in the log file as keyword arguments.</doc>
<arguments>
<arg>El numero es: ${aleatorio}</arg>
</arguments>
<status status="PASS" starttime="20200127 17:54:04.166" endtime="20200127 17:54:04.166"></status>
</kw>
<kw name="Esperar Iniciar ok" library="recursos">
<arguments>
<arg>5</arg>
</arguments>
<kw name="Set Selenium Timeout" library="SeleniumLibrary">
<doc>Sets the timeout that is used by various keywords.</doc>
<arguments>
<arg>${arg1} seconds</arg>
</arguments>
<status status="PASS" starttime="20200127 17:54:04.166" endtime="20200127 17:54:04.166"></status>
</kw>
<status status="PASS" starttime="20200127 17:54:04.166" endtime="20200127 17:54:04.166"></status>
</kw>
<kw name="Dormir Todos" library="recursos">
<arguments>
<arg>${tiempo}</arg>
</arguments>
<kw name="Set Selenium Speed" library="SeleniumLibrary">
<doc>Sets the delay that is waited after each Selenium command.</doc>
<arguments>
<arg>${arg1} seconds</arg>
</arguments>
<status status="PASS" starttime="20200127 17:54:04.166" endtime="20200127 17:54:04.166"></status>
</kw>
<status status="PASS" starttime="20200127 17:54:04.166" endtime="20200127 17:54:04.166"></status>
</kw>
<kw name="Abrir navegador" library="recursos">
<kw name="Open Browser" library="SeleniumLibrary">
<doc>Opens a new browser instance to the optional ``url``.</doc>
<arguments>
<arg>${url}</arg>
<arg>${navegador}</arg>
</arguments>
<msg timestamp="20200127 17:54:04.166" level="INFO">Opening browser 'chrome' to base url 'http://10.16.3.29/login/init'.</msg>
<status status="PASS" starttime="20200127 17:54:04.166" endtime="20200127 17:54:08.995"></status>
</kw>
<status status="PASS" starttime="20200127 17:54:04.166" endtime="20200127 17:54:08.995"></status>
</kw>
<kw name="Maximizar" library="recursos">
<kw name="Maximize Browser Window" library="SeleniumLibrary">
<doc>Maximizes current browser window.</doc>
<status status="PASS" starttime="20200127 17:54:08.996" endtime="20200127 17:54:10.225"></status>
</kw>
<status status="PASS" starttime="20200127 17:54:08.996" endtime="20200127 17:54:10.225"></status>
</kw>
<kw name="Scroll" library="recursos">
<arguments>
<arg>0</arg>
<arg>200</arg>
</arguments>
<kw name="Execute Javascript" library="SeleniumLibrary">
<doc>Executes the given JavaScript code with possible arguments.</doc>
<arguments>
<arg>window.scrollTo(${arg1},${arg2})</arg>
</arguments>
<msg timestamp="20200127 17:54:10.225" level="INFO">Executing JavaScript:
window.scrollTo(0,200)
Without any arguments.</msg>
<status status="PASS" starttime="20200127 17:54:10.225" endtime="20200127 17:54:10.333"></status>
</kw>
<status status="PASS" starttime="20200127 17:54:10.225" endtime="20200127 17:54:10.333"></status>
</kw>
<kw name="Resultado" library="recursos">
<arguments>
<arg>.5</arg>
<arg>${dir}/Login.png</arg>
<arg>Pantalla Login Ok</arg>
</arguments>
<kw name="Sleep" library="BuiltIn">
<doc>Pauses the test executed for the given time.</doc>
<arguments>
<arg>${tiempo}</arg>
</arguments>
<msg timestamp="20200127 17:54:10.840" level="INFO">Slept 500 milliseconds</msg>
<status status="PASS" starttime="20200127 17:54:10.334" endtime="20200127 17:54:10.840"></status>
</kw>
<kw name="Capture Page Screenshot" library="SeleniumLibrary">
<doc>Takes a screenshot of the current page and embeds it into a log file.</doc>
<arguments>
<arg>${dir}</arg>
</arguments>
<msg timestamp="20200127 17:54:11.283" level="INFO" html="yes">&lt;/td&gt;&lt;/tr&gt;&lt;tr&gt;&lt;td colspan="3"&gt;&lt;a href="Tramites/Login.png"&gt;&lt;img src="Tramites/Login.png" width="800px"&gt;&lt;/a&gt;</msg>
<status status="PASS" starttime="20200127 17:54:10.840" endtime="20200127 17:54:11.283"></status>
</kw>
<kw name="Log To Console" library="BuiltIn">
<doc>Logs the given message to the console.</doc>
<arguments>
<arg>${print}</arg>
</arguments>
<status status="PASS" starttime="20200127 17:54:11.283" endtime="20200127 17:54:11.283"></status>
</kw>
<status status="PASS" starttime="20200127 17:54:10.333" endtime="20200127 17:54:11.283"></status>
</kw>
<kw name="Texto" library="recursos">
<arguments>
<arg>//input[contains(@id,'username')]</arg>
<arg>daniel.badillo</arg>
</arguments>
<kw name="Input Text" library="SeleniumLibrary">
<doc>Types the given ``text`` into the text field identified by ``locator``.</doc>
<arguments>
<arg>xpath=${arg1}</arg>
<arg>${arg2}</arg>
</arguments>
<msg timestamp="20200127 17:54:11.283" level="INFO">Typing text 'daniel.badillo' into text field 'xpath=//input[contains(@id,'username')]'.</msg>
<status status="PASS" starttime="20200127 17:54:11.283" endtime="20200127 17:54:11.717"></status>
</kw>
<status status="PASS" starttime="20200127 17:54:11.283" endtime="20200127 17:54:11.717"></status>
</kw>
<kw name="Texto" library="recursos">
<arguments>
<arg>//input[contains(@id,'password')]</arg>
<arg>test123$</arg>
</arguments>
<kw name="Input Text" library="SeleniumLibrary">
<doc>Types the given ``text`` into the text field identified by ``locator``.</doc>
<arguments>
<arg>xpath=${arg1}</arg>
<arg>${arg2}</arg>
</arguments>
<msg timestamp="20200127 17:54:11.718" level="INFO">Typing text 'test123$' into text field 'xpath=//input[contains(@id,'password')]'.</msg>
<status status="PASS" starttime="20200127 17:54:11.718" endtime="20200127 17:54:12.105"></status>
</kw>
<status status="PASS" starttime="20200127 17:54:11.718" endtime="20200127 17:54:12.105"></status>
</kw>
<kw name="Resultado" library="recursos">
<arguments>
<arg>.5</arg>
<arg>${dir}/Login_password.png</arg>
<arg>Se introducen los datos para el Login</arg>
</arguments>
<kw name="Sleep" library="BuiltIn">
<doc>Pauses the test executed for the given time.</doc>
<arguments>
<arg>${tiempo}</arg>
</arguments>
<msg timestamp="20200127 17:54:12.607" level="INFO">Slept 500 milliseconds</msg>
<status status="PASS" starttime="20200127 17:54:12.107" endtime="20200127 17:54:12.607"></status>
</kw>
<kw name="Capture Page Screenshot" library="SeleniumLibrary">
<doc>Takes a screenshot of the current page and embeds it into a log file.</doc>
<arguments>
<arg>${dir}</arg>
</arguments>
<msg timestamp="20200127 17:54:13.051" level="INFO" html="yes">&lt;/td&gt;&lt;/tr&gt;&lt;tr&gt;&lt;td colspan="3"&gt;&lt;a href="Tramites/Login_password.png"&gt;&lt;img src="Tramites/Login_password.png" width="800px"&gt;&lt;/a&gt;</msg>
<status status="PASS" starttime="20200127 17:54:12.608" endtime="20200127 17:54:13.051"></status>
</kw>
<kw name="Log To Console" library="BuiltIn">
<doc>Logs the given message to the console.</doc>
<arguments>
<arg>${print}</arg>
</arguments>
<status status="PASS" starttime="20200127 17:54:13.051" endtime="20200127 17:54:13.052"></status>
</kw>
<status status="PASS" starttime="20200127 17:54:12.106" endtime="20200127 17:54:13.053"></status>
</kw>
<kw name="Click" library="recursos">
<arguments>
<arg>(//button[@type='button'])[3]</arg>
</arguments>
<kw name="Click Element" library="SeleniumLibrary">
<doc>Click the element identified by ``locator``.</doc>
<arguments>
<arg>xpath=${arg1}</arg>
</arguments>
<msg timestamp="20200127 17:54:13.055" level="INFO">Clicking element 'xpath=(//button[@type='button'])[3]'.</msg>
<status status="PASS" starttime="20200127 17:54:13.055" endtime="20200127 17:54:13.360"></status>
</kw>
<status status="PASS" starttime="20200127 17:54:13.054" endtime="20200127 17:54:13.360"></status>
</kw>
<kw name="Dormir" library="recursos">
<arguments>
<arg>1</arg>
</arguments>
<kw name="Sleep" library="BuiltIn">
<doc>Pauses the test executed for the given time.</doc>
<arguments>
<arg>${arg1}</arg>
</arguments>
<msg timestamp="20200127 17:54:14.362" level="INFO">Slept 1 second</msg>
<status status="PASS" starttime="20200127 17:54:13.361" endtime="20200127 17:54:14.362"></status>
</kw>
<status status="PASS" starttime="20200127 17:54:13.361" endtime="20200127 17:54:14.363"></status>
</kw>
<kw name="Scroll" library="recursos">
<arguments>
<arg>0</arg>
<arg>500</arg>
</arguments>
<kw name="Execute Javascript" library="SeleniumLibrary">
<doc>Executes the given JavaScript code with possible arguments.</doc>
<arguments>
<arg>window.scrollTo(${arg1},${arg2})</arg>
</arguments>
<msg timestamp="20200127 17:54:14.366" level="INFO">Executing JavaScript:
window.scrollTo(0,500)
Without any arguments.</msg>
<status status="PASS" starttime="20200127 17:54:14.365" endtime="20200127 17:54:14.485"></status>
</kw>
<status status="PASS" starttime="20200127 17:54:14.364" endtime="20200127 17:54:14.486"></status>
</kw>
<kw name="Resultado" library="recursos">
<arguments>
<arg>.3</arg>
<arg>${dir}/Carga_resultados.png</arg>
<arg>Carga los resultados</arg>
</arguments>
<kw name="Sleep" library="BuiltIn">
<doc>Pauses the test executed for the given time.</doc>
<arguments>
<arg>${tiempo}</arg>
</arguments>
<msg timestamp="20200127 17:54:14.790" level="INFO">Slept 300 milliseconds</msg>
<status status="PASS" starttime="20200127 17:54:14.488" endtime="20200127 17:54:14.791"></status>
</kw>
<kw name="Capture Page Screenshot" library="SeleniumLibrary">
<doc>Takes a screenshot of the current page and embeds it into a log file.</doc>
<arguments>
<arg>${dir}</arg>
</arguments>
<msg timestamp="20200127 17:54:15.226" level="INFO" html="yes">&lt;/td&gt;&lt;/tr&gt;&lt;tr&gt;&lt;td colspan="3"&gt;&lt;a href="Tramites/Carga_resultados.png"&gt;&lt;img src="Tramites/Carga_resultados.png" width="800px"&gt;&lt;/a&gt;</msg>
<status status="PASS" starttime="20200127 17:54:14.791" endtime="20200127 17:54:15.226"></status>
</kw>
<kw name="Log To Console" library="BuiltIn">
<doc>Logs the given message to the console.</doc>
<arguments>
<arg>${print}</arg>
</arguments>
<status status="PASS" starttime="20200127 17:54:15.226" endtime="20200127 17:54:15.226"></status>
</kw>
<status status="PASS" starttime="20200127 17:54:14.487" endtime="20200127 17:54:15.226"></status>
</kw>
<kw name="Click" library="recursos">
<arguments>
<arg>(//a[@href='#'])[1]</arg>
</arguments>
<kw name="Click Element" library="SeleniumLibrary">
<doc>Click the element identified by ``locator``.</doc>
<arguments>
<arg>xpath=${arg1}</arg>
</arguments>
<msg timestamp="20200127 17:54:15.226" level="INFO">Clicking element 'xpath=(//a[@href='#'])[1]'.</msg>
<status status="PASS" starttime="20200127 17:54:15.226" endtime="20200127 17:54:15.498"></status>
</kw>
<status status="PASS" starttime="20200127 17:54:15.226" endtime="20200127 17:54:15.498"></status>
</kw>
<kw name="Click" library="recursos">
<arguments>
<arg>//a[@routerlink='/registraSolicitudTramite/18A/1/init'][contains(.,'Trámite 18A')]</arg>
</arguments>
<kw name="Click Element" library="SeleniumLibrary">
<doc>Click the element identified by ``locator``.</doc>
<arguments>
<arg>xpath=${arg1}</arg>
</arguments>
<msg timestamp="20200127 17:54:15.499" level="INFO">Clicking element 'xpath=//a[@routerlink='/registraSolicitudTramite/18A/1/init'][contains(.,'Trámite 18A')]'.</msg>
<status status="PASS" starttime="20200127 17:54:15.499" endtime="20200127 17:54:15.887"></status>
</kw>
<status status="PASS" starttime="20200127 17:54:15.498" endtime="20200127 17:54:15.887"></status>
</kw>
<kw name="Scroll" library="recursos">
<arguments>
<arg>0</arg>
<arg>500</arg>
</arguments>
<kw name="Execute Javascript" library="SeleniumLibrary">
<doc>Executes the given JavaScript code with possible arguments.</doc>
<arguments>
<arg>window.scrollTo(${arg1},${arg2})</arg>
</arguments>
<msg timestamp="20200127 17:54:15.889" level="INFO">Executing JavaScript:
window.scrollTo(0,500)
Without any arguments.</msg>
<status status="PASS" starttime="20200127 17:54:15.888" endtime="20200127 17:54:16.034"></status>
</kw>
<status status="PASS" starttime="20200127 17:54:15.888" endtime="20200127 17:54:16.034"></status>
</kw>
<kw name="Resultado" library="recursos">
<arguments>
<arg>.2</arg>
<arg>${dir}/Datos_personales.png</arg>
<arg>Datos Personales Ok</arg>
</arguments>
<kw name="Sleep" library="BuiltIn">
<doc>Pauses the test executed for the given time.</doc>
<arguments>
<arg>${tiempo}</arg>
</arguments>
<msg timestamp="20200127 17:54:16.236" level="INFO">Slept 200 milliseconds</msg>
<status status="PASS" starttime="20200127 17:54:16.035" endtime="20200127 17:54:16.236"></status>
</kw>
<kw name="Capture Page Screenshot" library="SeleniumLibrary">
<doc>Takes a screenshot of the current page and embeds it into a log file.</doc>
<arguments>
<arg>${dir}</arg>
</arguments>
<msg timestamp="20200127 17:54:16.680" level="INFO" html="yes">&lt;/td&gt;&lt;/tr&gt;&lt;tr&gt;&lt;td colspan="3"&gt;&lt;a href="Tramites/Datos_personales.png"&gt;&lt;img src="Tramites/Datos_personales.png" width="800px"&gt;&lt;/a&gt;</msg>
<status status="PASS" starttime="20200127 17:54:16.236" endtime="20200127 17:54:16.680"></status>
</kw>
<kw name="Log To Console" library="BuiltIn">
<doc>Logs the given message to the console.</doc>
<arguments>
<arg>${print}</arg>
</arguments>
<status status="PASS" starttime="20200127 17:54:16.681" endtime="20200127 17:54:16.681"></status>
</kw>
<status status="PASS" starttime="20200127 17:54:16.035" endtime="20200127 17:54:16.681"></status>
</kw>
<kw name="Click" library="recursos">
<arguments>
<arg>//select[@formcontrolname='tipoPersona']</arg>
</arguments>
<kw name="Click Element" library="SeleniumLibrary">
<doc>Click the element identified by ``locator``.</doc>
<arguments>
<arg>xpath=${arg1}</arg>
</arguments>
<msg timestamp="20200127 17:54:16.683" level="INFO">Clicking element 'xpath=//select[@formcontrolname='tipoPersona']'.</msg>
<status status="PASS" starttime="20200127 17:54:16.683" endtime="20200127 17:54:17.012"></status>
</kw>
<status status="PASS" starttime="20200127 17:54:16.682" endtime="20200127 17:54:17.012"></status>
</kw>
<kw name="Click" library="recursos">
<arguments>
<arg>//*[@id="Formulario"]/form/div[3]/div[1]/select/option[2]</arg>
</arguments>
<kw name="Click Element" library="SeleniumLibrary">
<doc>Click the element identified by ``locator``.</doc>
<arguments>
<arg>xpath=${arg1}</arg>
</arguments>
<msg timestamp="20200127 17:54:17.013" level="INFO">Clicking element 'xpath=//*[@id="Formulario"]/form/div[3]/div[1]/select/option[2]'.</msg>
<status status="PASS" starttime="20200127 17:54:17.013" endtime="20200127 17:54:17.273"></status>
</kw>
<status status="PASS" starttime="20200127 17:54:17.013" endtime="20200127 17:54:17.273"></status>
</kw>
<kw name="Texto" library="recursos">
<arguments>
<arg>(//input[contains(@formcontrolname,'curp')])[1]</arg>
<arg>${curp}</arg>
</arguments>
<kw name="Input Text" library="SeleniumLibrary">
<doc>Types the given ``text`` into the text field identified by ``locator``.</doc>
<arguments>
<arg>xpath=${arg1}</arg>
<arg>${arg2}</arg>
</arguments>
<msg timestamp="20200127 17:54:17.274" level="INFO">Typing text 'Random Int min=0 max=9999' into text field 'xpath=(//input[contains(@formcontrolname,'curp')])[1]'.</msg>
<status status="PASS" starttime="20200127 17:54:17.273" endtime="20200127 17:54:17.777"></status>
</kw>
<status status="PASS" starttime="20200127 17:54:17.273" endtime="20200127 17:54:17.777"></status>
</kw>
<kw name="Print Variable" library="recursos">
<arguments>
<arg>${curp}</arg>
</arguments>
<kw name="Log" library="BuiltIn">
<doc>Logs the given message with the given level.</doc>
<arguments>
<arg>${var}</arg>
</arguments>
<msg timestamp="20200127 17:54:17.779" level="INFO">Random Int min=0 max=9999</msg>
<status status="PASS" starttime="20200127 17:54:17.778" endtime="20200127 17:54:17.779"></status>
</kw>
<status status="PASS" starttime="20200127 17:54:17.778" endtime="20200127 17:54:17.779"></status>
</kw>
<kw name="Print Variable" library="recursos">
<arguments>
<arg>${date}</arg>
</arguments>
<kw name="Log" library="BuiltIn">
<doc>Logs the given message with the given level.</doc>
<arguments>
<arg>${var}</arg>
</arguments>
<msg timestamp="20200127 17:54:17.780" level="INFO">Get Current Date</msg>
<status status="PASS" starttime="20200127 17:54:17.780" endtime="20200127 17:54:17.780"></status>
</kw>
<status status="PASS" starttime="20200127 17:54:17.779" endtime="20200127 17:54:17.780"></status>
</kw>
<kw name="Scroll" library="recursos">
<arguments>
<arg>0</arg>
<arg>400</arg>
</arguments>
<kw name="Execute Javascript" library="SeleniumLibrary">
<doc>Executes the given JavaScript code with possible arguments.</doc>
<arguments>
<arg>window.scrollTo(${arg1},${arg2})</arg>
</arguments>
<msg timestamp="20200127 17:54:17.781" level="INFO">Executing JavaScript:
window.scrollTo(0,400)
Without any arguments.</msg>
<status status="PASS" starttime="20200127 17:54:17.781" endtime="20200127 17:54:17.888"></status>
</kw>
<status status="PASS" starttime="20200127 17:54:17.781" endtime="20200127 17:54:17.888"></status>
</kw>
<kw name="Dormir" library="recursos">
<arguments>
<arg>2</arg>
</arguments>
<kw name="Sleep" library="BuiltIn">
<doc>Pauses the test executed for the given time.</doc>
<arguments>
<arg>${arg1}</arg>
</arguments>
<msg timestamp="20200127 17:54:19.902" level="INFO">Slept 2 seconds</msg>
<status status="PASS" starttime="20200127 17:54:17.889" endtime="20200127 17:54:19.902"></status>
</kw>
<status status="PASS" starttime="20200127 17:54:17.889" endtime="20200127 17:54:19.902"></status>
</kw>
<kw name="Dormir" library="recursos">
<arguments>
<arg>6</arg>
</arguments>
<kw name="Sleep" library="BuiltIn">
<doc>Pauses the test executed for the given time.</doc>
<arguments>
<arg>${arg1}</arg>
</arguments>
<msg timestamp="20200127 17:54:25.903" level="INFO">Slept 6 seconds</msg>
<status status="PASS" starttime="20200127 17:54:19.902" endtime="20200127 17:54:25.903"></status>
</kw>
<status status="PASS" starttime="20200127 17:54:19.902" endtime="20200127 17:54:25.903"></status>
</kw>
<kw name="Cerrar" library="recursos">
<kw name="Close Browser" library="SeleniumLibrary">
<doc>Closes the current browser.</doc>
<status status="PASS" starttime="20200127 17:54:25.904" endtime="20200127 17:54:28.045"></status>
</kw>
<status status="PASS" starttime="20200127 17:54:25.904" endtime="20200127 17:54:28.045"></status>
</kw>
<doc>PRUEBA TRAMITE 018 A</doc>
<tags>
<tag>tg01</tag>
</tags>
<status status="PASS" starttime="20200127 17:54:04.166" endtime="20200127 17:54:28.045" critical="yes"></status>
</test>
<doc>Casos de Prueba CC-04-2019-AMTIF-OT04</doc>
<status status="PASS" starttime="20200127 17:54:03.829" endtime="20200127 17:54:28.047"></status>
</suite>
<statistics>
<total>
<stat pass="1" fail="0">Critical Tests</stat>
<stat pass="1" fail="0">All Tests</stat>
</total>
<tag>
<stat pass="1" fail="0">tg01</stat>
</tag>
<suite>
<stat pass="1" fail="0" id="s1" name="Test">Test</stat>
</suite>
</statistics>
<errors>
</errors>
</robot>
