<?xml version="1.0" encoding="UTF-8"?>
<robot generator="Robot 3.1.2 (Python 3.7.6 on win32)" generated="20200124 17:59:54.210" rpa="false">
<suite id="s1" name="Test" source="C:\Test_detram\test\test.robot">
<test id="s1-t1" name="CC001 TRAMITES-0T4 (TRAMITES 018 A)">
<kw name="Esperar Iniciar ok" library="recursos">
<arguments>
<arg>5</arg>
</arguments>
<kw name="Set Selenium Timeout" library="SeleniumLibrary">
<doc>Sets the timeout that is used by various keywords.</doc>
<arguments>
<arg>${arg1} seconds</arg>
</arguments>
<status status="PASS" starttime="20200124 17:59:54.538" endtime="20200124 17:59:54.538"></status>
</kw>
<status status="PASS" starttime="20200124 17:59:54.538" endtime="20200124 17:59:54.538"></status>
</kw>
<kw name="Dormir Todos" library="recursos">
<arguments>
<arg>${tiempo}</arg>
</arguments>
<kw name="Set Selenium Speed" library="SeleniumLibrary">
<doc>Sets the delay that is waited after each Selenium command.</doc>
<arguments>
<arg>${arg1} seconds</arg>
</arguments>
<status status="PASS" starttime="20200124 17:59:54.538" endtime="20200124 17:59:54.538"></status>
</kw>
<status status="PASS" starttime="20200124 17:59:54.538" endtime="20200124 17:59:54.538"></status>
</kw>
<kw name="Abrir navegador" library="recursos">
<kw name="Open Browser" library="SeleniumLibrary">
<doc>Opens a new browser instance to the optional ``url``.</doc>
<arguments>
<arg>${url}</arg>
<arg>${navegador}</arg>
</arguments>
<msg timestamp="20200124 17:59:54.538" level="INFO">Opening browser 'chrome' to base url 'http://10.16.3.29/login/init'.</msg>
<status status="PASS" starttime="20200124 17:59:54.538" endtime="20200124 17:59:58.257"></status>
</kw>
<status status="PASS" starttime="20200124 17:59:54.538" endtime="20200124 17:59:58.257"></status>
</kw>
<kw name="Maximizar" library="recursos">
<kw name="Maximize Browser Window" library="SeleniumLibrary">
<doc>Maximizes current browser window.</doc>
<status status="PASS" starttime="20200124 17:59:58.258" endtime="20200124 17:59:59.507"></status>
</kw>
<status status="PASS" starttime="20200124 17:59:58.258" endtime="20200124 17:59:59.507"></status>
</kw>
<kw name="Scroll" library="recursos">
<arguments>
<arg>0</arg>
<arg>200</arg>
</arguments>
<kw name="Execute Javascript" library="SeleniumLibrary">
<doc>Executes the given JavaScript code with possible arguments.</doc>
<arguments>
<arg>window.scrollTo(${arg1},${arg2})</arg>
</arguments>
<msg timestamp="20200124 17:59:59.507" level="INFO">Executing JavaScript:
window.scrollTo(0,200)
Without any arguments.</msg>
<status status="PASS" starttime="20200124 17:59:59.507" endtime="20200124 17:59:59.622"></status>
</kw>
<status status="PASS" starttime="20200124 17:59:59.507" endtime="20200124 17:59:59.622"></status>
</kw>
<kw name="Resultado" library="recursos">
<arguments>
<arg>.5</arg>
<arg>${dir}/Login.png</arg>
<arg>Pantalla Login Ok</arg>
</arguments>
<kw name="Sleep" library="BuiltIn">
<doc>Pauses the test executed for the given time.</doc>
<arguments>
<arg>${tiempo}</arg>
</arguments>
<msg timestamp="20200124 18:00:00.138" level="INFO">Slept 500 milliseconds</msg>
<status status="PASS" starttime="20200124 17:59:59.623" endtime="20200124 18:00:00.138"></status>
</kw>
<kw name="Capture Page Screenshot" library="SeleniumLibrary">
<doc>Takes a screenshot of the current page and embeds it into a log file.</doc>
<arguments>
<arg>${dir}</arg>
</arguments>
<msg timestamp="20200124 18:00:00.578" level="INFO" html="yes">&lt;/td&gt;&lt;/tr&gt;&lt;tr&gt;&lt;td colspan="3"&gt;&lt;a href="Tramites/Login.png"&gt;&lt;img src="Tramites/Login.png" width="800px"&gt;&lt;/a&gt;</msg>
<status status="PASS" starttime="20200124 18:00:00.138" endtime="20200124 18:00:00.578"></status>
</kw>
<kw name="Log To Console" library="BuiltIn">
<doc>Logs the given message to the console.</doc>
<arguments>
<arg>${print}</arg>
</arguments>
<status status="PASS" starttime="20200124 18:00:00.578" endtime="20200124 18:00:00.578"></status>
</kw>
<status status="PASS" starttime="20200124 17:59:59.623" endtime="20200124 18:00:00.578"></status>
</kw>
<kw name="Texto" library="recursos">
<arguments>
<arg>//input[contains(@id,'username')]</arg>
<arg>daniel.badillo</arg>
</arguments>
<kw name="Input Text" library="SeleniumLibrary">
<doc>Types the given ``text`` into the text field identified by ``locator``.</doc>
<arguments>
<arg>xpath=${arg1}</arg>
<arg>${arg2}</arg>
</arguments>
<msg timestamp="20200124 18:00:00.578" level="INFO">Typing text 'daniel.badillo' into text field 'xpath=//input[contains(@id,'username')]'.</msg>
<status status="PASS" starttime="20200124 18:00:00.578" endtime="20200124 18:00:01.068"></status>
</kw>
<status status="PASS" starttime="20200124 18:00:00.578" endtime="20200124 18:00:01.068"></status>
</kw>
<kw name="Texto" library="recursos">
<arguments>
<arg>//input[contains(@id,'password')]</arg>
<arg>test123$</arg>
</arguments>
<kw name="Input Text" library="SeleniumLibrary">
<doc>Types the given ``text`` into the text field identified by ``locator``.</doc>
<arguments>
<arg>xpath=${arg1}</arg>
<arg>${arg2}</arg>
</arguments>
<msg timestamp="20200124 18:00:01.069" level="INFO">Typing text 'test123$' into text field 'xpath=//input[contains(@id,'password')]'.</msg>
<status status="PASS" starttime="20200124 18:00:01.069" endtime="20200124 18:00:01.551"></status>
</kw>
<status status="PASS" starttime="20200124 18:00:01.069" endtime="20200124 18:00:01.551"></status>
</kw>
<kw name="Resultado" library="recursos">
<arguments>
<arg>.5</arg>
<arg>${dir}/Login_password.png</arg>
<arg>Se introducen los datos para el Login</arg>
</arguments>
<kw name="Sleep" library="BuiltIn">
<doc>Pauses the test executed for the given time.</doc>
<arguments>
<arg>${tiempo}</arg>
</arguments>
<msg timestamp="20200124 18:00:02.058" level="INFO">Slept 500 milliseconds</msg>
<status status="PASS" starttime="20200124 18:00:01.552" endtime="20200124 18:00:02.058"></status>
</kw>
<kw name="Capture Page Screenshot" library="SeleniumLibrary">
<doc>Takes a screenshot of the current page and embeds it into a log file.</doc>
<arguments>
<arg>${dir}</arg>
</arguments>
<msg timestamp="20200124 18:00:02.505" level="INFO" html="yes">&lt;/td&gt;&lt;/tr&gt;&lt;tr&gt;&lt;td colspan="3"&gt;&lt;a href="Tramites/Login_password.png"&gt;&lt;img src="Tramites/Login_password.png" width="800px"&gt;&lt;/a&gt;</msg>
<status status="PASS" starttime="20200124 18:00:02.058" endtime="20200124 18:00:02.505"></status>
</kw>
<kw name="Log To Console" library="BuiltIn">
<doc>Logs the given message to the console.</doc>
<arguments>
<arg>${print}</arg>
</arguments>
<status status="PASS" starttime="20200124 18:00:02.505" endtime="20200124 18:00:02.505"></status>
</kw>
<status status="PASS" starttime="20200124 18:00:01.552" endtime="20200124 18:00:02.505"></status>
</kw>
<kw name="Click" library="recursos">
<arguments>
<arg>(//button[@type='button'])[3]</arg>
</arguments>
<kw name="Click Element" library="SeleniumLibrary">
<doc>Click the element identified by ``locator``.</doc>
<arguments>
<arg>xpath=${arg1}</arg>
</arguments>
<msg timestamp="20200124 18:00:02.505" level="INFO">Clicking element 'xpath=(//button[@type='button'])[3]'.</msg>
<status status="PASS" starttime="20200124 18:00:02.505" endtime="20200124 18:00:02.752"></status>
</kw>
<status status="PASS" starttime="20200124 18:00:02.505" endtime="20200124 18:00:02.752"></status>
</kw>
<kw name="Dormir" library="recursos">
<arguments>
<arg>1</arg>
</arguments>
<kw name="Sleep" library="BuiltIn">
<doc>Pauses the test executed for the given time.</doc>
<arguments>
<arg>${arg1}</arg>
</arguments>
<msg timestamp="20200124 18:00:03.754" level="INFO">Slept 1 second</msg>
<status status="PASS" starttime="20200124 18:00:02.753" endtime="20200124 18:00:03.754"></status>
</kw>
<status status="PASS" starttime="20200124 18:00:02.752" endtime="20200124 18:00:03.754"></status>
</kw>
<kw name="Scroll" library="recursos">
<arguments>
<arg>0</arg>
<arg>500</arg>
</arguments>
<kw name="Execute Javascript" library="SeleniumLibrary">
<doc>Executes the given JavaScript code with possible arguments.</doc>
<arguments>
<arg>window.scrollTo(${arg1},${arg2})</arg>
</arguments>
<msg timestamp="20200124 18:00:03.755" level="INFO">Executing JavaScript:
window.scrollTo(0,500)
Without any arguments.</msg>
<status status="PASS" starttime="20200124 18:00:03.755" endtime="20200124 18:00:03.862"></status>
</kw>
<status status="PASS" starttime="20200124 18:00:03.754" endtime="20200124 18:00:03.862"></status>
</kw>
<kw name="Resultado" library="recursos">
<arguments>
<arg>.3</arg>
<arg>${dir}/Carga_resultados.png</arg>
<arg>Carga los resultados</arg>
</arguments>
<kw name="Sleep" library="BuiltIn">
<doc>Pauses the test executed for the given time.</doc>
<arguments>
<arg>${tiempo}</arg>
</arguments>
<msg timestamp="20200124 18:00:04.168" level="INFO">Slept 300 milliseconds</msg>
<status status="PASS" starttime="20200124 18:00:03.863" endtime="20200124 18:00:04.168"></status>
</kw>
<kw name="Capture Page Screenshot" library="SeleniumLibrary">
<doc>Takes a screenshot of the current page and embeds it into a log file.</doc>
<arguments>
<arg>${dir}</arg>
</arguments>
<msg timestamp="20200124 18:00:04.609" level="INFO" html="yes">&lt;/td&gt;&lt;/tr&gt;&lt;tr&gt;&lt;td colspan="3"&gt;&lt;a href="Tramites/Carga_resultados.png"&gt;&lt;img src="Tramites/Carga_resultados.png" width="800px"&gt;&lt;/a&gt;</msg>
<status status="PASS" starttime="20200124 18:00:04.168" endtime="20200124 18:00:04.609"></status>
</kw>
<kw name="Log To Console" library="BuiltIn">
<doc>Logs the given message to the console.</doc>
<arguments>
<arg>${print}</arg>
</arguments>
<status status="PASS" starttime="20200124 18:00:04.609" endtime="20200124 18:00:04.609"></status>
</kw>
<status status="PASS" starttime="20200124 18:00:03.862" endtime="20200124 18:00:04.609"></status>
</kw>
<kw name="Click" library="recursos">
<arguments>
<arg>(//a[@href='#'])[1]</arg>
</arguments>
<kw name="Click Element" library="SeleniumLibrary">
<doc>Click the element identified by ``locator``.</doc>
<arguments>
<arg>xpath=${arg1}</arg>
</arguments>
<msg timestamp="20200124 18:00:04.609" level="INFO">Clicking element 'xpath=(//a[@href='#'])[1]'.</msg>
<status status="PASS" starttime="20200124 18:00:04.609" endtime="20200124 18:00:04.860"></status>
</kw>
<status status="PASS" starttime="20200124 18:00:04.609" endtime="20200124 18:00:04.860"></status>
</kw>
<kw name="Click" library="recursos">
<arguments>
<arg>//a[@routerlink='/registraSolicitudTramite/18A/1/init'][contains(.,'Trámite 18A')]</arg>
</arguments>
<kw name="Click Element" library="SeleniumLibrary">
<doc>Click the element identified by ``locator``.</doc>
<arguments>
<arg>xpath=${arg1}</arg>
</arguments>
<msg timestamp="20200124 18:00:04.861" level="INFO">Clicking element 'xpath=//a[@routerlink='/registraSolicitudTramite/18A/1/init'][contains(.,'Trámite 18A')]'.</msg>
<status status="PASS" starttime="20200124 18:00:04.861" endtime="20200124 18:00:05.264"></status>
</kw>
<status status="PASS" starttime="20200124 18:00:04.860" endtime="20200124 18:00:05.264"></status>
</kw>
<kw name="Scroll" library="recursos">
<arguments>
<arg>0</arg>
<arg>500</arg>
</arguments>
<kw name="Execute Javascript" library="SeleniumLibrary">
<doc>Executes the given JavaScript code with possible arguments.</doc>
<arguments>
<arg>window.scrollTo(${arg1},${arg2})</arg>
</arguments>
<msg timestamp="20200124 18:00:05.266" level="INFO">Executing JavaScript:
window.scrollTo(0,500)
Without any arguments.</msg>
<status status="PASS" starttime="20200124 18:00:05.265" endtime="20200124 18:00:05.437"></status>
</kw>
<status status="PASS" starttime="20200124 18:00:05.265" endtime="20200124 18:00:05.437"></status>
</kw>
<kw name="Resultado" library="recursos">
<arguments>
<arg>.2</arg>
<arg>${dir}/Datos_personales.png</arg>
<arg>Datos Personales Ok</arg>
</arguments>
<kw name="Sleep" library="BuiltIn">
<doc>Pauses the test executed for the given time.</doc>
<arguments>
<arg>${tiempo}</arg>
</arguments>
<msg timestamp="20200124 18:00:05.638" level="INFO">Slept 200 milliseconds</msg>
<status status="PASS" starttime="20200124 18:00:05.438" endtime="20200124 18:00:05.638"></status>
</kw>
<kw name="Capture Page Screenshot" library="SeleniumLibrary">
<doc>Takes a screenshot of the current page and embeds it into a log file.</doc>
<arguments>
<arg>${dir}</arg>
</arguments>
<msg timestamp="20200124 18:00:06.063" level="INFO" html="yes">&lt;/td&gt;&lt;/tr&gt;&lt;tr&gt;&lt;td colspan="3"&gt;&lt;a href="Tramites/Datos_personales.png"&gt;&lt;img src="Tramites/Datos_personales.png" width="800px"&gt;&lt;/a&gt;</msg>
<status status="PASS" starttime="20200124 18:00:05.638" endtime="20200124 18:00:06.063"></status>
</kw>
<kw name="Log To Console" library="BuiltIn">
<doc>Logs the given message to the console.</doc>
<arguments>
<arg>${print}</arg>
</arguments>
<status status="PASS" starttime="20200124 18:00:06.063" endtime="20200124 18:00:06.064"></status>
</kw>
<status status="PASS" starttime="20200124 18:00:05.437" endtime="20200124 18:00:06.064"></status>
</kw>
<kw name="Click" library="recursos">
<arguments>
<arg>//select[@formcontrolname='tipoPersona']</arg>
</arguments>
<kw name="Click Element" library="SeleniumLibrary">
<doc>Click the element identified by ``locator``.</doc>
<arguments>
<arg>xpath=${arg1}</arg>
</arguments>
<msg timestamp="20200124 18:00:06.065" level="INFO">Clicking element 'xpath=//select[@formcontrolname='tipoPersona']'.</msg>
<status status="PASS" starttime="20200124 18:00:06.065" endtime="20200124 18:00:06.378"></status>
</kw>
<status status="PASS" starttime="20200124 18:00:06.064" endtime="20200124 18:00:06.378"></status>
</kw>
<kw name="Click" library="recursos">
<arguments>
<arg>//*[@id="Formulario"]/form/div[3]/div[1]/select/option[2]</arg>
</arguments>
<kw name="Click Element" library="SeleniumLibrary">
<doc>Click the element identified by ``locator``.</doc>
<arguments>
<arg>xpath=${arg1}</arg>
</arguments>
<msg timestamp="20200124 18:00:06.379" level="INFO">Clicking element 'xpath=//*[@id="Formulario"]/form/div[3]/div[1]/select/option[2]'.</msg>
<status status="PASS" starttime="20200124 18:00:06.378" endtime="20200124 18:00:06.635"></status>
</kw>
<status status="PASS" starttime="20200124 18:00:06.378" endtime="20200124 18:00:06.635"></status>
</kw>
<kw name="Texto" library="recursos">
<arguments>
<arg>(//input[contains(@formcontrolname,'curp')])[1]</arg>
<arg>${curp}</arg>
</arguments>
<kw name="Input Text" library="SeleniumLibrary">
<doc>Types the given ``text`` into the text field identified by ``locator``.</doc>
<arguments>
<arg>xpath=${arg1}</arg>
<arg>${arg2}</arg>
</arguments>
<msg timestamp="20200124 18:00:06.635" level="INFO">Typing text 'VINR770919HDFLTD00' into text field 'xpath=(//input[contains(@formcontrolname,'curp')])[1]'.</msg>
<status status="PASS" starttime="20200124 18:00:06.635" endtime="20200124 18:00:07.124"></status>
</kw>
<status status="PASS" starttime="20200124 18:00:06.635" endtime="20200124 18:00:07.124"></status>
</kw>
<kw name="Dormir" library="recursos">
<arguments>
<arg>.2</arg>
</arguments>
<kw name="Sleep" library="BuiltIn">
<doc>Pauses the test executed for the given time.</doc>
<arguments>
<arg>${arg1}</arg>
</arguments>
<msg timestamp="20200124 18:00:07.325" level="INFO">Slept 200 milliseconds</msg>
<status status="PASS" starttime="20200124 18:00:07.125" endtime="20200124 18:00:07.325"></status>
</kw>
<status status="PASS" starttime="20200124 18:00:07.125" endtime="20200124 18:00:07.325"></status>
</kw>
<kw name="Texto" library="recursos">
<arguments>
<arg>//input[@formcontrolname='rfc']</arg>
<arg>${rfc}</arg>
</arguments>
<kw name="Input Text" library="SeleniumLibrary">
<doc>Types the given ``text`` into the text field identified by ``locator``.</doc>
<arguments>
<arg>xpath=${arg1}</arg>
<arg>${arg2}</arg>
</arguments>
<msg timestamp="20200124 18:00:07.327" level="INFO">Typing text 'VINR770919LC8' into text field 'xpath=//input[@formcontrolname='rfc']'.</msg>
<status status="PASS" starttime="20200124 18:00:07.326" endtime="20200124 18:00:07.777"></status>
</kw>
<status status="PASS" starttime="20200124 18:00:07.326" endtime="20200124 18:00:07.777"></status>
</kw>
<kw name="Dormir" library="recursos">
<arguments>
<arg>2</arg>
</arguments>
<kw name="Sleep" library="BuiltIn">
<doc>Pauses the test executed for the given time.</doc>
<arguments>
<arg>${arg1}</arg>
</arguments>
<msg timestamp="20200124 18:00:09.779" level="INFO">Slept 2 seconds</msg>
<status status="PASS" starttime="20200124 18:00:07.778" endtime="20200124 18:00:09.779"></status>
</kw>
<status status="PASS" starttime="20200124 18:00:07.778" endtime="20200124 18:00:09.779"></status>
</kw>
<kw name="Texto" library="recursos">
<arguments>
<arg>//input[@formcontrolname='rfc']</arg>
<arg>${rfc}</arg>
</arguments>
<kw name="Input Text" library="SeleniumLibrary">
<doc>Types the given ``text`` into the text field identified by ``locator``.</doc>
<arguments>
<arg>xpath=${arg1}</arg>
<arg>${arg2}</arg>
</arguments>
<msg timestamp="20200124 18:00:09.780" level="INFO">Typing text 'VINR770919LC8' into text field 'xpath=//input[@formcontrolname='rfc']'.</msg>
<status status="PASS" starttime="20200124 18:00:09.780" endtime="20200124 18:00:10.180"></status>
</kw>
<status status="PASS" starttime="20200124 18:00:09.780" endtime="20200124 18:00:10.180"></status>
</kw>
<kw name="Dormir" library="recursos">
<arguments>
<arg>.2</arg>
</arguments>
<kw name="Sleep" library="BuiltIn">
<doc>Pauses the test executed for the given time.</doc>
<arguments>
<arg>${arg1}</arg>
</arguments>
<msg timestamp="20200124 18:00:10.391" level="INFO">Slept 200 milliseconds</msg>
<status status="PASS" starttime="20200124 18:00:10.181" endtime="20200124 18:00:10.391"></status>
</kw>
<status status="PASS" starttime="20200124 18:00:10.181" endtime="20200124 18:00:10.391"></status>
</kw>
<kw name="Texto" library="recursos">
<arguments>
<arg>(//input[@type='text'])[3]</arg>
<arg>YENNYELY NICOLE</arg>
</arguments>
<kw name="Input Text" library="SeleniumLibrary">
<doc>Types the given ``text`` into the text field identified by ``locator``.</doc>
<arguments>
<arg>xpath=${arg1}</arg>
<arg>${arg2}</arg>
</arguments>
<msg timestamp="20200124 18:00:10.391" level="INFO">Typing text 'YENNYELY NICOLE' into text field 'xpath=(//input[@type='text'])[3]'.</msg>
<status status="PASS" starttime="20200124 18:00:10.391" endtime="20200124 18:00:10.904"></status>
</kw>
<status status="PASS" starttime="20200124 18:00:10.391" endtime="20200124 18:00:10.904"></status>
</kw>
<kw name="Dormir" library="recursos">
<arguments>
<arg>.2</arg>
</arguments>
<kw name="Sleep" library="BuiltIn">
<doc>Pauses the test executed for the given time.</doc>
<arguments>
<arg>${arg1}</arg>
</arguments>
<msg timestamp="20200124 18:00:11.106" level="INFO">Slept 200 milliseconds</msg>
<status status="PASS" starttime="20200124 18:00:10.905" endtime="20200124 18:00:11.106"></status>
</kw>
<status status="PASS" starttime="20200124 18:00:10.904" endtime="20200124 18:00:11.106"></status>
</kw>
<kw name="Texto" library="recursos">
<arguments>
<arg>//input[@formcontrolname='primerApellido']</arg>
<arg>MONTENEGRO</arg>
</arguments>
<kw name="Input Text" library="SeleniumLibrary">
<doc>Types the given ``text`` into the text field identified by ``locator``.</doc>
<arguments>
<arg>xpath=${arg1}</arg>
<arg>${arg2}</arg>
</arguments>
<msg timestamp="20200124 18:00:11.107" level="INFO">Typing text 'MONTENEGRO' into text field 'xpath=//input[@formcontrolname='primerApellido']'.</msg>
<status status="PASS" starttime="20200124 18:00:11.107" endtime="20200124 18:00:11.533"></status>
</kw>
<status status="PASS" starttime="20200124 18:00:11.107" endtime="20200124 18:00:11.533"></status>
</kw>
<kw name="Dormir" library="recursos">
<arguments>
<arg>.2</arg>
</arguments>
<kw name="Sleep" library="BuiltIn">
<doc>Pauses the test executed for the given time.</doc>
<arguments>
<arg>${arg1}</arg>
</arguments>
<msg timestamp="20200124 18:00:11.734" level="INFO">Slept 200 milliseconds</msg>
<status status="PASS" starttime="20200124 18:00:11.534" endtime="20200124 18:00:11.734"></status>
</kw>
<status status="PASS" starttime="20200124 18:00:11.533" endtime="20200124 18:00:11.734"></status>
</kw>
<kw name="Texto" library="recursos">
<arguments>
<arg>(//input[contains(@formcontrolname,'segundoApellido')])[1]</arg>
<arg>GARCIA</arg>
</arguments>
<kw name="Input Text" library="SeleniumLibrary">
<doc>Types the given ``text`` into the text field identified by ``locator``.</doc>
<arguments>
<arg>xpath=${arg1}</arg>
<arg>${arg2}</arg>
</arguments>
<msg timestamp="20200124 18:00:11.735" level="INFO">Typing text 'GARCIA' into text field 'xpath=(//input[contains(@formcontrolname,'segundoApellido')])[1]'.</msg>
<status status="PASS" starttime="20200124 18:00:11.735" endtime="20200124 18:00:12.284"></status>
</kw>
<status status="PASS" starttime="20200124 18:00:11.735" endtime="20200124 18:00:12.284"></status>
</kw>
<kw name="Dormir" library="recursos">
<arguments>
<arg>.2</arg>
</arguments>
<kw name="Sleep" library="BuiltIn">
<doc>Pauses the test executed for the given time.</doc>
<arguments>
<arg>${arg1}</arg>
</arguments>
<msg timestamp="20200124 18:00:12.488" level="INFO">Slept 200 milliseconds</msg>
<status status="PASS" starttime="20200124 18:00:12.286" endtime="20200124 18:00:12.488"></status>
</kw>
<status status="PASS" starttime="20200124 18:00:12.286" endtime="20200124 18:00:12.488"></status>
</kw>
<kw name="Texto" library="recursos">
<arguments>
<arg>(//input[contains(@formcontrolname,'lada')])[1]</arg>
<arg>777</arg>
</arguments>
<kw name="Input Text" library="SeleniumLibrary">
<doc>Types the given ``text`` into the text field identified by ``locator``.</doc>
<arguments>
<arg>xpath=${arg1}</arg>
<arg>${arg2}</arg>
</arguments>
<msg timestamp="20200124 18:00:12.490" level="INFO">Typing text '777' into text field 'xpath=(//input[contains(@formcontrolname,'lada')])[1]'.</msg>
<status status="PASS" starttime="20200124 18:00:12.490" endtime="20200124 18:00:12.892"></status>
</kw>
<status status="PASS" starttime="20200124 18:00:12.489" endtime="20200124 18:00:12.892"></status>
</kw>
<kw name="Dormir" library="recursos">
<arguments>
<arg>.2</arg>
</arguments>
<kw name="Sleep" library="BuiltIn">
<doc>Pauses the test executed for the given time.</doc>
<arguments>
<arg>${arg1}</arg>
</arguments>
<msg timestamp="20200124 18:00:13.096" level="INFO">Slept 200 milliseconds</msg>
<status status="PASS" starttime="20200124 18:00:12.893" endtime="20200124 18:00:13.096"></status>
</kw>
<status status="PASS" starttime="20200124 18:00:12.892" endtime="20200124 18:00:13.096"></status>
</kw>
<kw name="Texto" library="recursos">
<arguments>
<arg>(//input[contains(@placeholder,'Teléfono fijo')])[1]</arg>
<arg>7774567864</arg>
</arguments>
<kw name="Input Text" library="SeleniumLibrary">
<doc>Types the given ``text`` into the text field identified by ``locator``.</doc>
<arguments>
<arg>xpath=${arg1}</arg>
<arg>${arg2}</arg>
</arguments>
<msg timestamp="20200124 18:00:13.096" level="INFO">Typing text '7774567864' into text field 'xpath=(//input[contains(@placeholder,'Teléfono fijo')])[1]'.</msg>
<status status="PASS" starttime="20200124 18:00:13.096" endtime="20200124 18:00:13.536"></status>
</kw>
<status status="PASS" starttime="20200124 18:00:13.096" endtime="20200124 18:00:13.536"></status>
</kw>
<kw name="Dormir" library="recursos">
<arguments>
<arg>.2</arg>
</arguments>
<kw name="Sleep" library="BuiltIn">
<doc>Pauses the test executed for the given time.</doc>
<arguments>
<arg>${arg1}</arg>
</arguments>
<msg timestamp="20200124 18:00:13.738" level="INFO">Slept 200 milliseconds</msg>
<status status="PASS" starttime="20200124 18:00:13.537" endtime="20200124 18:00:13.738"></status>
</kw>
<status status="PASS" starttime="20200124 18:00:13.537" endtime="20200124 18:00:13.739"></status>
</kw>
<kw name="Texto" library="recursos">
<arguments>
<arg>(//input[contains(@maxlength,'4')])[1]</arg>
<arg>245</arg>
</arguments>
<kw name="Input Text" library="SeleniumLibrary">
<doc>Types the given ``text`` into the text field identified by ``locator``.</doc>
<arguments>
<arg>xpath=${arg1}</arg>
<arg>${arg2}</arg>
</arguments>
<msg timestamp="20200124 18:00:13.740" level="INFO">Typing text '245' into text field 'xpath=(//input[contains(@maxlength,'4')])[1]'.</msg>
<status status="PASS" starttime="20200124 18:00:13.740" endtime="20200124 18:00:14.253"></status>
</kw>
<status status="PASS" starttime="20200124 18:00:13.739" endtime="20200124 18:00:14.254"></status>
</kw>
<kw name="Dormir" library="recursos">
<arguments>
<arg>.2</arg>
</arguments>
<kw name="Sleep" library="BuiltIn">
<doc>Pauses the test executed for the given time.</doc>
<arguments>
<arg>${arg1}</arg>
</arguments>
<msg timestamp="20200124 18:00:14.457" level="INFO">Slept 200 milliseconds</msg>
<status status="PASS" starttime="20200124 18:00:14.256" endtime="20200124 18:00:14.458"></status>
</kw>
<status status="PASS" starttime="20200124 18:00:14.255" endtime="20200124 18:00:14.458"></status>
</kw>
<kw name="Texto" library="recursos">
<arguments>
<arg>(//input[contains(@type,'text')])[9]</arg>
<arg>345</arg>
</arguments>
<kw name="Input Text" library="SeleniumLibrary">
<doc>Types the given ``text`` into the text field identified by ``locator``.</doc>
<arguments>
<arg>xpath=${arg1}</arg>
<arg>${arg2}</arg>
</arguments>
<msg timestamp="20200124 18:00:14.461" level="INFO">Typing text '345' into text field 'xpath=(//input[contains(@type,'text')])[9]'.</msg>
<status status="PASS" starttime="20200124 18:00:14.460" endtime="20200124 18:00:14.891"></status>
</kw>
<status status="PASS" starttime="20200124 18:00:14.459" endtime="20200124 18:00:14.892"></status>
</kw>
<kw name="Dormir" library="recursos">
<arguments>
<arg>.2</arg>
</arguments>
<kw name="Sleep" library="BuiltIn">
<doc>Pauses the test executed for the given time.</doc>
<arguments>
<arg>${arg1}</arg>
</arguments>
<msg timestamp="20200124 18:00:15.110" level="INFO">Slept 200 milliseconds</msg>
<status status="PASS" starttime="20200124 18:00:14.894" endtime="20200124 18:00:15.110"></status>
</kw>
<status status="PASS" starttime="20200124 18:00:14.893" endtime="20200124 18:00:15.110"></status>
</kw>
<kw name="Texto" library="recursos">
<arguments>
<arg>(//input[contains(@formcontrolname,'correoElectronico')])[1]</arg>
<arg>rodrigo@gmail.com</arg>
</arguments>
<kw name="Input Text" library="SeleniumLibrary">
<doc>Types the given ``text`` into the text field identified by ``locator``.</doc>
<arguments>
<arg>xpath=${arg1}</arg>
<arg>${arg2}</arg>
</arguments>
<msg timestamp="20200124 18:00:15.110" level="INFO">Typing text 'rodrigo@gmail.com' into text field 'xpath=(//input[contains(@formcontrolname,'correoElectronico')])[1]'.</msg>
<status status="PASS" starttime="20200124 18:00:15.110" endtime="20200124 18:00:15.612"></status>
</kw>
<status status="PASS" starttime="20200124 18:00:15.110" endtime="20200124 18:00:15.612"></status>
</kw>
<kw name="Dormir" library="recursos">
<arguments>
<arg>.2</arg>
</arguments>
<kw name="Sleep" library="BuiltIn">
<doc>Pauses the test executed for the given time.</doc>
<arguments>
<arg>${arg1}</arg>
</arguments>
<msg timestamp="20200124 18:00:15.826" level="INFO">Slept 200 milliseconds</msg>
<status status="PASS" starttime="20200124 18:00:15.613" endtime="20200124 18:00:15.826"></status>
</kw>
<status status="PASS" starttime="20200124 18:00:15.613" endtime="20200124 18:00:15.826"></status>
</kw>
<kw name="Texto" library="recursos">
<arguments>
<arg>//input[contains(@formcontrolname,'correoElectronicoAl')]</arg>
<arg>rodrigo2@gmail.com</arg>
</arguments>
<kw name="Input Text" library="SeleniumLibrary">
<doc>Types the given ``text`` into the text field identified by ``locator``.</doc>
<arguments>
<arg>xpath=${arg1}</arg>
<arg>${arg2}</arg>
</arguments>
<msg timestamp="20200124 18:00:15.826" level="INFO">Typing text 'rodrigo2@gmail.com' into text field 'xpath=//input[contains(@formcontrolname,'correoElectronicoAl')]'.</msg>
<status status="PASS" starttime="20200124 18:00:15.826" endtime="20200124 18:00:16.313"></status>
</kw>
<status status="PASS" starttime="20200124 18:00:15.826" endtime="20200124 18:00:16.313"></status>
</kw>
<kw name="Resultado" library="recursos">
<arguments>
<arg>1</arg>
<arg>${dir}/Personales.png</arg>
<arg>Datos Personales Ok</arg>
</arguments>
<kw name="Sleep" library="BuiltIn">
<doc>Pauses the test executed for the given time.</doc>
<arguments>
<arg>${tiempo}</arg>
</arguments>
<msg timestamp="20200124 18:00:17.314" level="INFO">Slept 1 second</msg>
<status status="PASS" starttime="20200124 18:00:16.313" endtime="20200124 18:00:17.314"></status>
</kw>
<kw name="Capture Page Screenshot" library="SeleniumLibrary">
<doc>Takes a screenshot of the current page and embeds it into a log file.</doc>
<arguments>
<arg>${dir}</arg>
</arguments>
<msg timestamp="20200124 18:00:17.746" level="INFO" html="yes">&lt;/td&gt;&lt;/tr&gt;&lt;tr&gt;&lt;td colspan="3"&gt;&lt;a href="Tramites/Personales.png"&gt;&lt;img src="Tramites/Personales.png" width="800px"&gt;&lt;/a&gt;</msg>
<status status="PASS" starttime="20200124 18:00:17.314" endtime="20200124 18:00:17.746"></status>
</kw>
<kw name="Log To Console" library="BuiltIn">
<doc>Logs the given message to the console.</doc>
<arguments>
<arg>${print}</arg>
</arguments>
<status status="PASS" starttime="20200124 18:00:17.746" endtime="20200124 18:00:17.747"></status>
</kw>
<status status="PASS" starttime="20200124 18:00:16.313" endtime="20200124 18:00:17.747"></status>
</kw>
<kw name="Scroll" library="recursos">
<arguments>
<arg>0</arg>
<arg>1000</arg>
</arguments>
<kw name="Execute Javascript" library="SeleniumLibrary">
<doc>Executes the given JavaScript code with possible arguments.</doc>
<arguments>
<arg>window.scrollTo(${arg1},${arg2})</arg>
</arguments>
<msg timestamp="20200124 18:00:17.748" level="INFO">Executing JavaScript:
window.scrollTo(0,1000)
Without any arguments.</msg>
<status status="PASS" starttime="20200124 18:00:17.748" endtime="20200124 18:00:17.855"></status>
</kw>
<status status="PASS" starttime="20200124 18:00:17.747" endtime="20200124 18:00:17.855"></status>
</kw>
<kw name="Click" library="recursos">
<arguments>
<arg>//select[@formcontrolname='actividadServicio']</arg>
</arguments>
<kw name="Click Element" library="SeleniumLibrary">
<doc>Click the element identified by ``locator``.</doc>
<arguments>
<arg>xpath=${arg1}</arg>
</arguments>
<msg timestamp="20200124 18:00:17.856" level="INFO">Clicking element 'xpath=//select[@formcontrolname='actividadServicio']'.</msg>
<status status="PASS" starttime="20200124 18:00:17.856" endtime="20200124 18:00:18.185"></status>
</kw>
<status status="PASS" starttime="20200124 18:00:17.856" endtime="20200124 18:00:18.186"></status>
</kw>
<kw name="Click" library="recursos">
<arguments>
<arg>//option[contains(text(),'ELABORADOR POR MAQUILA')]</arg>
</arguments>
<kw name="Click Element" library="SeleniumLibrary">
<doc>Click the element identified by ``locator``.</doc>
<arguments>
<arg>xpath=${arg1}</arg>
</arguments>
<msg timestamp="20200124 18:00:18.188" level="INFO">Clicking element 'xpath=//option[contains(text(),'ELABORADOR POR MAQUILA')]'.</msg>
<status status="PASS" starttime="20200124 18:00:18.187" endtime="20200124 18:00:18.496"></status>
</kw>
<status status="PASS" starttime="20200124 18:00:18.186" endtime="20200124 18:00:18.496"></status>
</kw>
<kw name="Click" library="recursos">
<arguments>
<arg>//select[contains(@formcontrolname,'materiaProducto')]</arg>
</arguments>
<kw name="Click Element" library="SeleniumLibrary">
<doc>Click the element identified by ``locator``.</doc>
<arguments>
<arg>xpath=${arg1}</arg>
</arguments>
<msg timestamp="20200124 18:00:18.496" level="INFO">Clicking element 'xpath=//select[contains(@formcontrolname,'materiaProducto')]'.</msg>
<status status="PASS" starttime="20200124 18:00:18.496" endtime="20200124 18:00:18.813"></status>
</kw>
<status status="PASS" starttime="20200124 18:00:18.496" endtime="20200124 18:00:18.813"></status>
</kw>
<kw name="Click" library="recursos">
<arguments>
<arg>//option[contains(text(),'SALES PURAS ANTIMICROBIANAS')]</arg>
</arguments>
<kw name="Click Element" library="SeleniumLibrary">
<doc>Click the element identified by ``locator``.</doc>
<arguments>
<arg>xpath=${arg1}</arg>
</arguments>
<msg timestamp="20200124 18:00:18.814" level="INFO">Clicking element 'xpath=//option[contains(text(),'SALES PURAS ANTIMICROBIANAS')]'.</msg>
<status status="PASS" starttime="20200124 18:00:18.814" endtime="20200124 18:00:19.064"></status>
</kw>
<status status="PASS" starttime="20200124 18:00:18.813" endtime="20200124 18:00:19.064"></status>
</kw>
<kw name="Click" library="recursos">
<arguments>
<arg>//select[contains(@ng-reflect-name,'funcion')]</arg>
</arguments>
<kw name="Click Element" library="SeleniumLibrary">
<doc>Click the element identified by ``locator``.</doc>
<arguments>
<arg>xpath=${arg1}</arg>
</arguments>
<msg timestamp="20200124 18:00:19.064" level="INFO">Clicking element 'xpath=//select[contains(@ng-reflect-name,'funcion')]'.</msg>
<status status="PASS" starttime="20200124 18:00:19.064" endtime="20200124 18:00:19.425"></status>
</kw>
<status status="PASS" starttime="20200124 18:00:19.064" endtime="20200124 18:00:19.425"></status>
</kw>
<kw name="Click" library="recursos">
<arguments>
<arg>//option[contains(text(),'ALMACENAR')]</arg>
</arguments>
<kw name="Click Element" library="SeleniumLibrary">
<doc>Click the element identified by ``locator``.</doc>
<arguments>
<arg>xpath=${arg1}</arg>
</arguments>
<msg timestamp="20200124 18:00:19.427" level="INFO">Clicking element 'xpath=//option[contains(text(),'ALMACENAR')]'.</msg>
<status status="PASS" starttime="20200124 18:00:19.426" endtime="20200124 18:00:19.712"></status>
</kw>
<status status="PASS" starttime="20200124 18:00:19.426" endtime="20200124 18:00:19.712"></status>
</kw>
<kw name="Dormir" library="recursos">
<arguments>
<arg>1</arg>
</arguments>
<kw name="Sleep" library="BuiltIn">
<doc>Pauses the test executed for the given time.</doc>
<arguments>
<arg>${arg1}</arg>
</arguments>
<msg timestamp="20200124 18:00:20.712" level="INFO">Slept 1 second</msg>
<status status="PASS" starttime="20200124 18:00:19.712" endtime="20200124 18:00:20.712"></status>
</kw>
<status status="PASS" starttime="20200124 18:00:19.712" endtime="20200124 18:00:20.712"></status>
</kw>
<kw name="Click" library="recursos">
<arguments>
<arg>//option[contains(text(),'ALMACENAR')]</arg>
</arguments>
<kw name="Click Element" library="SeleniumLibrary">
<doc>Click the element identified by ``locator``.</doc>
<arguments>
<arg>xpath=${arg1}</arg>
</arguments>
<msg timestamp="20200124 18:00:20.712" level="INFO">Clicking element 'xpath=//option[contains(text(),'ALMACENAR')]'.</msg>
<status status="PASS" starttime="20200124 18:00:20.712" endtime="20200124 18:00:20.935"></status>
</kw>
<status status="PASS" starttime="20200124 18:00:20.712" endtime="20200124 18:00:20.935"></status>
</kw>
<kw name="Click" library="recursos">
<arguments>
<arg>(//button[@class='btn btn-primary'][contains(.,'Agregar')])[1]</arg>
</arguments>
<kw name="Click Element" library="SeleniumLibrary">
<doc>Click the element identified by ``locator``.</doc>
<arguments>
<arg>xpath=${arg1}</arg>
</arguments>
<msg timestamp="20200124 18:00:20.937" level="INFO">Clicking element 'xpath=(//button[@class='btn btn-primary'][contains(.,'Agregar')])[1]'.</msg>
<status status="PASS" starttime="20200124 18:00:20.937" endtime="20200124 18:00:21.218"></status>
</kw>
<status status="PASS" starttime="20200124 18:00:20.936" endtime="20200124 18:00:21.218"></status>
</kw>
<kw name="Scroll" library="recursos">
<arguments>
<arg>0</arg>
<arg>1200</arg>
</arguments>
<kw name="Execute Javascript" library="SeleniumLibrary">
<doc>Executes the given JavaScript code with possible arguments.</doc>
<arguments>
<arg>window.scrollTo(${arg1},${arg2})</arg>
</arguments>
<msg timestamp="20200124 18:00:21.220" level="INFO">Executing JavaScript:
window.scrollTo(0,1200)
Without any arguments.</msg>
<status status="PASS" starttime="20200124 18:00:21.219" endtime="20200124 18:00:21.327"></status>
</kw>
<status status="PASS" starttime="20200124 18:00:21.219" endtime="20200124 18:00:21.327"></status>
</kw>
<kw name="Resultado" library="recursos">
<arguments>
<arg>.3</arg>
<arg>${dir}/Actividad_económica.png</arg>
<arg>Actividad OK</arg>
</arguments>
<kw name="Sleep" library="BuiltIn">
<doc>Pauses the test executed for the given time.</doc>
<arguments>
<arg>${tiempo}</arg>
</arguments>
<msg timestamp="20200124 18:00:21.642" level="INFO">Slept 300 milliseconds</msg>
<status status="PASS" starttime="20200124 18:00:21.328" endtime="20200124 18:00:21.642"></status>
</kw>
<kw name="Capture Page Screenshot" library="SeleniumLibrary">
<doc>Takes a screenshot of the current page and embeds it into a log file.</doc>
<arguments>
<arg>${dir}</arg>
</arguments>
<msg timestamp="20200124 18:00:22.100" level="INFO" html="yes">&lt;/td&gt;&lt;/tr&gt;&lt;tr&gt;&lt;td colspan="3"&gt;&lt;a href="Tramites/Actividad_econ%C3%B3mica.png"&gt;&lt;img src="Tramites/Actividad_econ%C3%B3mica.png" width="800px"&gt;&lt;/a&gt;</msg>
<status status="PASS" starttime="20200124 18:00:21.642" endtime="20200124 18:00:22.100"></status>
</kw>
<kw name="Log To Console" library="BuiltIn">
<doc>Logs the given message to the console.</doc>
<arguments>
<arg>${print}</arg>
</arguments>
<status status="PASS" starttime="20200124 18:00:22.100" endtime="20200124 18:00:22.100"></status>
</kw>
<status status="PASS" starttime="20200124 18:00:21.328" endtime="20200124 18:00:22.100"></status>
</kw>
<kw name="Dormir" library="recursos">
<arguments>
<arg>2</arg>
</arguments>
<kw name="Sleep" library="BuiltIn">
<doc>Pauses the test executed for the given time.</doc>
<arguments>
<arg>${arg1}</arg>
</arguments>
<msg timestamp="20200124 18:00:24.114" level="INFO">Slept 2 seconds</msg>
<status status="PASS" starttime="20200124 18:00:22.100" endtime="20200124 18:00:24.114"></status>
</kw>
<status status="PASS" starttime="20200124 18:00:22.100" endtime="20200124 18:00:24.114"></status>
</kw>
<kw name="Resultado" library="recursos">
<arguments>
<arg>1</arg>
<arg>${dir}/Curp.png</arg>
<arg>CURP y RFC OK</arg>
</arguments>
<kw name="Sleep" library="BuiltIn">
<doc>Pauses the test executed for the given time.</doc>
<arguments>
<arg>${tiempo}</arg>
</arguments>
<msg timestamp="20200124 18:00:25.121" level="INFO">Slept 1 second</msg>
<status status="PASS" starttime="20200124 18:00:24.114" endtime="20200124 18:00:25.121"></status>
</kw>
<kw name="Capture Page Screenshot" library="SeleniumLibrary">
<doc>Takes a screenshot of the current page and embeds it into a log file.</doc>
<arguments>
<arg>${dir}</arg>
</arguments>
<msg timestamp="20200124 18:00:25.600" level="INFO" html="yes">&lt;/td&gt;&lt;/tr&gt;&lt;tr&gt;&lt;td colspan="3"&gt;&lt;a href="Tramites/Curp.png"&gt;&lt;img src="Tramites/Curp.png" width="800px"&gt;&lt;/a&gt;</msg>
<status status="PASS" starttime="20200124 18:00:25.121" endtime="20200124 18:00:25.600"></status>
</kw>
<kw name="Log To Console" library="BuiltIn">
<doc>Logs the given message to the console.</doc>
<arguments>
<arg>${print}</arg>
</arguments>
<status status="PASS" starttime="20200124 18:00:25.600" endtime="20200124 18:00:25.600"></status>
</kw>
<status status="PASS" starttime="20200124 18:00:24.114" endtime="20200124 18:00:25.600"></status>
</kw>
<kw name="Dormir" library="recursos">
<arguments>
<arg>5</arg>
</arguments>
<kw name="Sleep" library="BuiltIn">
<doc>Pauses the test executed for the given time.</doc>
<arguments>
<arg>${arg1}</arg>
</arguments>
<msg timestamp="20200124 18:00:30.601" level="INFO">Slept 5 seconds</msg>
<status status="PASS" starttime="20200124 18:00:25.600" endtime="20200124 18:00:30.601"></status>
</kw>
<status status="PASS" starttime="20200124 18:00:25.600" endtime="20200124 18:00:30.601"></status>
</kw>
<kw name="Cerrar" library="recursos">
<kw name="Close Browser" library="SeleniumLibrary">
<doc>Closes the current browser.</doc>
<status status="PASS" starttime="20200124 18:00:30.602" endtime="20200124 18:00:32.723"></status>
</kw>
<status status="PASS" starttime="20200124 18:00:30.602" endtime="20200124 18:00:32.723"></status>
</kw>
<doc>PRUEBA TRAMITE 018 A</doc>
<status status="PASS" starttime="20200124 17:59:54.538" endtime="20200124 18:00:32.723" critical="yes"></status>
</test>
<doc>Casos de Prueba CC-04-2019-AMTIF-OT04</doc>
<status status="PASS" starttime="20200124 17:59:54.210" endtime="20200124 18:00:32.723"></status>
</suite>
<statistics>
<total>
<stat pass="1" fail="0">Critical Tests</stat>
<stat pass="1" fail="0">All Tests</stat>
</total>
<tag>
</tag>
<suite>
<stat pass="1" fail="0" id="s1" name="Test">Test</stat>
</suite>
</statistics>
<errors>
</errors>
</robot>
