<?xml version="1.0" encoding="UTF-8"?>
<robot generator="Rebot 3.1.2 (Python 3.7.6 on win32)" generated="20200128 16:44:48.872" rpa="false">
<suite id="s1" name="Suites">
<suite id="s1-s1" name="Test1" source="C:\Test_detram\TEST\test1.robot">
<test id="s1-s1-t1" name="CC001 TRAMITES-0T4 (TRAMITES 018 A)">
<kw name="Aleatorio rfc">
<assign>
<var>${rfc} =</var>
</assign>
<msg timestamp="20200128 16:44:32.552" level="FAIL">No keyword with name 'Aleatorio rfc' found.</msg>
<status status="FAIL" starttime="20200128 16:44:32.552" endtime="20200128 16:44:32.552"></status>
</kw>
<doc>PRUEBA TRAMITE 018 A</doc>
<tags>
<tag>tg01</tag>
</tags>
<status status="FAIL" starttime="20200128 16:44:32.550" endtime="20200128 16:44:32.552" critical="yes">No keyword with name 'Aleatorio rfc' found.</status>
</test>
<status status="FAIL" starttime="20200128 16:44:32.549" endtime="20200128 16:44:32.553"></status>
</suite>
<suite id="s1-s2" name="Test" source="C:\Test_detram\TEST\test.robot">
<test id="s1-s2-t1" name="CC001 TRAMITES-0T4 (TRAMITES 018 A)">
<kw name="Aleatorio rfc" library="casos">
<assign>
<var>${rfc}</var>
</assign>
<kw name="Get Current Date" library="DateTime">
<doc>Returns current local or UTC time with an optional increment.</doc>
<arguments>
<arg>result_format=%Y-%m-%d %H:%M:%S.%f</arg>
</arguments>
<assign>
<var>${CurrentDate}</var>
</assign>
<msg timestamp="20200128 16:44:33.087" level="INFO">${CurrentDate} = 2020-01-28 16:44:33.085774</msg>
<status status="PASS" starttime="20200128 16:44:33.086" endtime="20200128 16:44:33.087"></status>
</kw>
<kw name="Convert Date" library="DateTime">
<doc>Converts between supported `date formats`.</doc>
<arguments>
<arg>${CurrentDate}</arg>
<arg>datetime</arg>
</arguments>
<assign>
<var>${datetime}</var>
</assign>
<msg timestamp="20200128 16:44:33.089" level="INFO">${datetime} = 2020-01-28 16:44:33.085774</msg>
<status status="PASS" starttime="20200128 16:44:33.087" endtime="20200128 16:44:33.089"></status>
</kw>
<kw name="Generate Random String" library="String">
<doc>Generates a string with a desired ``length`` from the given ``chars``.</doc>
<arguments>
<arg>2</arg>
<arg>[UPPER]</arg>
</arguments>
<assign>
<var>${text}</var>
</assign>
<msg timestamp="20200128 16:44:33.089" level="INFO">${text} = QA</msg>
<status status="PASS" starttime="20200128 16:44:33.089" endtime="20200128 16:44:33.089"></status>
</kw>
<kw name="Generate Random String" library="String">
<doc>Generates a string with a desired ``length`` from the given ``chars``.</doc>
<arguments>
<arg>1</arg>
<arg>[NUMBERS]</arg>
</arguments>
<assign>
<var>${num}</var>
</assign>
<msg timestamp="20200128 16:44:33.090" level="INFO">${num} = 6</msg>
<status status="PASS" starttime="20200128 16:44:33.090" endtime="20200128 16:44:33.090"></status>
</kw>
<msg timestamp="20200128 16:44:33.090" level="INFO">${rfc} = VINR800718QA6</msg>
<status status="PASS" starttime="20200128 16:44:33.086" endtime="20200128 16:44:33.090"></status>
</kw>
<kw name="Log" library="BuiltIn">
<doc>Logs the given message with the given level.</doc>
<arguments>
<arg>${rfc}</arg>
</arguments>
<msg timestamp="20200128 16:44:33.090" level="INFO">VINR800718QA6</msg>
<status status="PASS" starttime="20200128 16:44:33.090" endtime="20200128 16:44:33.090"></status>
</kw>
<kw name="Login" library="casos">
<kw name="Esperar Iniciar ok" library="recursos">
<arguments>
<arg>5</arg>
</arguments>
<kw name="Set Selenium Timeout" library="SeleniumLibrary">
<doc>Sets the timeout that is used by various keywords.</doc>
<arguments>
<arg>${arg1} seconds</arg>
</arguments>
<status status="PASS" starttime="20200128 16:44:33.091" endtime="20200128 16:44:33.091"></status>
</kw>
<status status="PASS" starttime="20200128 16:44:33.091" endtime="20200128 16:44:33.091"></status>
</kw>
<kw name="Dormir Todos" library="recursos">
<arguments>
<arg>${tiempo}</arg>
</arguments>
<kw name="Set Selenium Speed" library="SeleniumLibrary">
<doc>Sets the delay that is waited after each Selenium command.</doc>
<arguments>
<arg>${arg1} seconds</arg>
</arguments>
<status status="PASS" starttime="20200128 16:44:33.091" endtime="20200128 16:44:33.092"></status>
</kw>
<status status="PASS" starttime="20200128 16:44:33.091" endtime="20200128 16:44:33.092"></status>
</kw>
<kw name="Abrir navegador" library="recursos">
<kw name="Open Browser" library="SeleniumLibrary">
<doc>Opens a new browser instance to the optional ``url``.</doc>
<arguments>
<arg>${url}</arg>
<arg>${navegador}</arg>
</arguments>
<msg timestamp="20200128 16:44:33.093" level="INFO">Opening browser 'chrome' to base url 'http://10.16.3.29/login/init'.</msg>
<status status="PASS" starttime="20200128 16:44:33.092" endtime="20200128 16:44:37.181"></status>
</kw>
<status status="PASS" starttime="20200128 16:44:33.092" endtime="20200128 16:44:37.181"></status>
</kw>
<kw name="Maximizar" library="recursos">
<kw name="Maximize Browser Window" library="SeleniumLibrary">
<doc>Maximizes current browser window.</doc>
<status status="PASS" starttime="20200128 16:44:37.181" endtime="20200128 16:44:38.397"></status>
</kw>
<status status="PASS" starttime="20200128 16:44:37.181" endtime="20200128 16:44:38.397"></status>
</kw>
<kw name="Scroll" library="recursos">
<arguments>
<arg>0</arg>
<arg>200</arg>
</arguments>
<kw name="Execute Javascript" library="SeleniumLibrary">
<doc>Executes the given JavaScript code with possible arguments.</doc>
<arguments>
<arg>window.scrollTo(${arg1},${arg2})</arg>
</arguments>
<msg timestamp="20200128 16:44:38.398" level="INFO">Executing JavaScript:
window.scrollTo(0,200)
Without any arguments.</msg>
<status status="PASS" starttime="20200128 16:44:38.397" endtime="20200128 16:44:38.503"></status>
</kw>
<status status="PASS" starttime="20200128 16:44:38.397" endtime="20200128 16:44:38.503"></status>
</kw>
<kw name="Resultado" library="recursos">
<arguments>
<arg>.5</arg>
<arg>${dir}/Login.png</arg>
<arg>Pantalla Login Ok</arg>
</arguments>
<kw name="Sleep" library="BuiltIn">
<doc>Pauses the test executed for the given time.</doc>
<arguments>
<arg>${tiempo}</arg>
</arguments>
<msg timestamp="20200128 16:44:39.004" level="INFO">Slept 500 milliseconds</msg>
<status status="PASS" starttime="20200128 16:44:38.504" endtime="20200128 16:44:39.004"></status>
</kw>
<kw name="Capture Page Screenshot" library="SeleniumLibrary">
<doc>Takes a screenshot of the current page and embeds it into a log file.</doc>
<arguments>
<arg>${dir}</arg>
</arguments>
<msg timestamp="20200128 16:44:39.428" level="INFO" html="yes">&lt;/td&gt;&lt;/tr&gt;&lt;tr&gt;&lt;td colspan="3"&gt;&lt;a href="Suites.Test-Tramites/Login.png"&gt;&lt;img src="Suites.Test-Tramites/Login.png" width="800px"&gt;&lt;/a&gt;</msg>
<status status="PASS" starttime="20200128 16:44:39.004" endtime="20200128 16:44:39.428"></status>
</kw>
<kw name="Log To Console" library="BuiltIn">
<doc>Logs the given message to the console.</doc>
<arguments>
<arg>${print}</arg>
</arguments>
<status status="PASS" starttime="20200128 16:44:39.428" endtime="20200128 16:44:39.428"></status>
</kw>
<status status="PASS" starttime="20200128 16:44:38.503" endtime="20200128 16:44:39.428"></status>
</kw>
<kw name="Texto" library="recursos">
<arguments>
<arg>//input[contains(@id,'username')]</arg>
<arg>daniel.badillo</arg>
</arguments>
<kw name="Input Text" library="SeleniumLibrary">
<doc>Types the given ``text`` into the text field identified by ``locator``.</doc>
<arguments>
<arg>xpath=${arg1}</arg>
<arg>${arg2}</arg>
</arguments>
<msg timestamp="20200128 16:44:39.429" level="INFO">Typing text 'daniel.badillo' into text field 'xpath=//input[contains(@id,'username')]'.</msg>
<status status="PASS" starttime="20200128 16:44:39.429" endtime="20200128 16:44:39.843"></status>
</kw>
<status status="PASS" starttime="20200128 16:44:39.429" endtime="20200128 16:44:39.843"></status>
</kw>
<kw name="Texto" library="recursos">
<arguments>
<arg>//input[contains(@id,'password')]</arg>
<arg>test123$</arg>
</arguments>
<kw name="Input Text" library="SeleniumLibrary">
<doc>Types the given ``text`` into the text field identified by ``locator``.</doc>
<arguments>
<arg>xpath=${arg1}</arg>
<arg>${arg2}</arg>
</arguments>
<msg timestamp="20200128 16:44:39.843" level="INFO">Typing text 'test123$' into text field 'xpath=//input[contains(@id,'password')]'.</msg>
<status status="PASS" starttime="20200128 16:44:39.843" endtime="20200128 16:44:40.229"></status>
</kw>
<status status="PASS" starttime="20200128 16:44:39.843" endtime="20200128 16:44:40.229"></status>
</kw>
<kw name="Resultado" library="recursos">
<arguments>
<arg>.5</arg>
<arg>${dir}/Login_password.png</arg>
<arg>Se introducen los datos para el Login</arg>
</arguments>
<kw name="Sleep" library="BuiltIn">
<doc>Pauses the test executed for the given time.</doc>
<arguments>
<arg>${tiempo}</arg>
</arguments>
<msg timestamp="20200128 16:44:40.731" level="INFO">Slept 500 milliseconds</msg>
<status status="PASS" starttime="20200128 16:44:40.229" endtime="20200128 16:44:40.731"></status>
</kw>
<kw name="Capture Page Screenshot" library="SeleniumLibrary">
<doc>Takes a screenshot of the current page and embeds it into a log file.</doc>
<arguments>
<arg>${dir}</arg>
</arguments>
<msg timestamp="20200128 16:44:41.149" level="INFO" html="yes">&lt;/td&gt;&lt;/tr&gt;&lt;tr&gt;&lt;td colspan="3"&gt;&lt;a href="Suites.Test-Tramites/Login_password.png"&gt;&lt;img src="Suites.Test-Tramites/Login_password.png" width="800px"&gt;&lt;/a&gt;</msg>
<status status="PASS" starttime="20200128 16:44:40.731" endtime="20200128 16:44:41.150"></status>
</kw>
<kw name="Log To Console" library="BuiltIn">
<doc>Logs the given message to the console.</doc>
<arguments>
<arg>${print}</arg>
</arguments>
<status status="PASS" starttime="20200128 16:44:41.150" endtime="20200128 16:44:41.150"></status>
</kw>
<status status="PASS" starttime="20200128 16:44:40.229" endtime="20200128 16:44:41.150"></status>
</kw>
<kw name="Click" library="recursos">
<arguments>
<arg>(//button[@type='button'])[3]</arg>
</arguments>
<kw name="Click Element" library="SeleniumLibrary">
<doc>Click the element identified by ``locator``.</doc>
<arguments>
<arg>xpath=${arg1}</arg>
</arguments>
<msg timestamp="20200128 16:44:41.151" level="INFO">Clicking element 'xpath=(//button[@type='button'])[3]'.</msg>
<status status="PASS" starttime="20200128 16:44:41.151" endtime="20200128 16:44:41.407"></status>
</kw>
<status status="PASS" starttime="20200128 16:44:41.150" endtime="20200128 16:44:41.407"></status>
</kw>
<kw name="Dormir" library="recursos">
<arguments>
<arg>1</arg>
</arguments>
<kw name="Sleep" library="BuiltIn">
<doc>Pauses the test executed for the given time.</doc>
<arguments>
<arg>${arg1}</arg>
</arguments>
<msg timestamp="20200128 16:44:42.408" level="INFO">Slept 1 second</msg>
<status status="PASS" starttime="20200128 16:44:41.407" endtime="20200128 16:44:42.408"></status>
</kw>
<status status="PASS" starttime="20200128 16:44:41.407" endtime="20200128 16:44:42.408"></status>
</kw>
<kw name="Scroll" library="recursos">
<arguments>
<arg>0</arg>
<arg>500</arg>
</arguments>
<kw name="Execute Javascript" library="SeleniumLibrary">
<doc>Executes the given JavaScript code with possible arguments.</doc>
<arguments>
<arg>window.scrollTo(${arg1},${arg2})</arg>
</arguments>
<msg timestamp="20200128 16:44:42.409" level="INFO">Executing JavaScript:
window.scrollTo(0,500)
Without any arguments.</msg>
<status status="PASS" starttime="20200128 16:44:42.409" endtime="20200128 16:44:42.516"></status>
</kw>
<status status="PASS" starttime="20200128 16:44:42.408" endtime="20200128 16:44:42.516"></status>
</kw>
<status status="PASS" starttime="20200128 16:44:33.090" endtime="20200128 16:44:42.516"></status>
</kw>
<kw name="Tramite" library="casos">
<kw name="Resultado" library="recursos">
<arguments>
<arg>.3</arg>
<arg>${dir}/Carga_resultados.png</arg>
<arg>Carga los resultados</arg>
</arguments>
<kw name="Sleep" library="BuiltIn">
<doc>Pauses the test executed for the given time.</doc>
<arguments>
<arg>${tiempo}</arg>
</arguments>
<msg timestamp="20200128 16:44:42.818" level="INFO">Slept 300 milliseconds</msg>
<status status="PASS" starttime="20200128 16:44:42.517" endtime="20200128 16:44:42.818"></status>
</kw>
<kw name="Capture Page Screenshot" library="SeleniumLibrary">
<doc>Takes a screenshot of the current page and embeds it into a log file.</doc>
<arguments>
<arg>${dir}</arg>
</arguments>
<msg timestamp="20200128 16:44:43.248" level="INFO" html="yes">&lt;/td&gt;&lt;/tr&gt;&lt;tr&gt;&lt;td colspan="3"&gt;&lt;a href="Suites.Test-Tramites/Carga_resultados.png"&gt;&lt;img src="Suites.Test-Tramites/Carga_resultados.png" width="800px"&gt;&lt;/a&gt;</msg>
<status status="PASS" starttime="20200128 16:44:42.818" endtime="20200128 16:44:43.248"></status>
</kw>
<kw name="Log To Console" library="BuiltIn">
<doc>Logs the given message to the console.</doc>
<arguments>
<arg>${print}</arg>
</arguments>
<status status="PASS" starttime="20200128 16:44:43.248" endtime="20200128 16:44:43.249"></status>
</kw>
<status status="PASS" starttime="20200128 16:44:42.517" endtime="20200128 16:44:43.249"></status>
</kw>
<kw name="Click" library="recursos">
<arguments>
<arg>(//a[@href='#'])[1]</arg>
</arguments>
<kw name="Click Element" library="SeleniumLibrary">
<doc>Click the element identified by ``locator``.</doc>
<arguments>
<arg>xpath=${arg1}</arg>
</arguments>
<msg timestamp="20200128 16:44:43.249" level="INFO">Clicking element 'xpath=(//a[@href='#'])[1]'.</msg>
<status status="PASS" starttime="20200128 16:44:43.249" endtime="20200128 16:44:43.499"></status>
</kw>
<status status="PASS" starttime="20200128 16:44:43.249" endtime="20200128 16:44:43.499"></status>
</kw>
<kw name="Click" library="recursos">
<arguments>
<arg>//a[@routerlink='/registraSolicitudTramite/18A/1/init'][contains(.,'Trámite 18A')]</arg>
</arguments>
<kw name="Click Element" library="SeleniumLibrary">
<doc>Click the element identified by ``locator``.</doc>
<arguments>
<arg>xpath=${arg1}</arg>
</arguments>
<msg timestamp="20200128 16:44:43.499" level="INFO">Clicking element 'xpath=//a[@routerlink='/registraSolicitudTramite/18A/1/init'][contains(.,'Trámite 18A')]'.</msg>
<status status="PASS" starttime="20200128 16:44:43.499" endtime="20200128 16:44:43.900"></status>
</kw>
<status status="PASS" starttime="20200128 16:44:43.499" endtime="20200128 16:44:43.900"></status>
</kw>
<kw name="Scroll" library="recursos">
<arguments>
<arg>0</arg>
<arg>500</arg>
</arguments>
<kw name="Execute Javascript" library="SeleniumLibrary">
<doc>Executes the given JavaScript code with possible arguments.</doc>
<arguments>
<arg>window.scrollTo(${arg1},${arg2})</arg>
</arguments>
<msg timestamp="20200128 16:44:43.901" level="INFO">Executing JavaScript:
window.scrollTo(0,500)
Without any arguments.</msg>
<status status="PASS" starttime="20200128 16:44:43.901" endtime="20200128 16:44:44.076"></status>
</kw>
<status status="PASS" starttime="20200128 16:44:43.900" endtime="20200128 16:44:44.076"></status>
</kw>
<kw name="Resultado" library="recursos">
<arguments>
<arg>.2</arg>
<arg>${dir}/Datos_personales.png</arg>
<arg>Datos Personales Ok</arg>
</arguments>
<kw name="Sleep" library="BuiltIn">
<doc>Pauses the test executed for the given time.</doc>
<arguments>
<arg>${tiempo}</arg>
</arguments>
<msg timestamp="20200128 16:44:44.278" level="INFO">Slept 200 milliseconds</msg>
<status status="PASS" starttime="20200128 16:44:44.077" endtime="20200128 16:44:44.278"></status>
</kw>
<kw name="Capture Page Screenshot" library="SeleniumLibrary">
<doc>Takes a screenshot of the current page and embeds it into a log file.</doc>
<arguments>
<arg>${dir}</arg>
</arguments>
<msg timestamp="20200128 16:44:44.736" level="INFO" html="yes">&lt;/td&gt;&lt;/tr&gt;&lt;tr&gt;&lt;td colspan="3"&gt;&lt;a href="Suites.Test-Tramites/Datos_personales.png"&gt;&lt;img src="Suites.Test-Tramites/Datos_personales.png" width="800px"&gt;&lt;/a&gt;</msg>
<status status="PASS" starttime="20200128 16:44:44.278" endtime="20200128 16:44:44.736"></status>
</kw>
<kw name="Log To Console" library="BuiltIn">
<doc>Logs the given message to the console.</doc>
<arguments>
<arg>${print}</arg>
</arguments>
<status status="PASS" starttime="20200128 16:44:44.737" endtime="20200128 16:44:44.738"></status>
</kw>
<status status="PASS" starttime="20200128 16:44:44.077" endtime="20200128 16:44:44.738"></status>
</kw>
<kw name="Click" library="recursos">
<arguments>
<arg>//select[@formcontrolname='tipoPersona']</arg>
</arguments>
<kw name="Click Element" library="SeleniumLibrary">
<doc>Click the element identified by ``locator``.</doc>
<arguments>
<arg>xpath=${arg1}</arg>
</arguments>
<msg timestamp="20200128 16:44:44.740" level="INFO">Clicking element 'xpath=//select[@formcontrolname='tipoPersona']'.</msg>
<status status="PASS" starttime="20200128 16:44:44.739" endtime="20200128 16:44:45.076"></status>
</kw>
<status status="PASS" starttime="20200128 16:44:44.738" endtime="20200128 16:44:45.077"></status>
</kw>
<status status="PASS" starttime="20200128 16:44:42.517" endtime="20200128 16:44:45.077"></status>
</kw>
<kw name="Datos Personales" library="casos">
<arguments>
<arg>${rfc}</arg>
</arguments>
<kw name="Aleatorio Curp" library="casos">
<assign>
<var>${curp}</var>
</assign>
<kw name="Get Current Date" library="DateTime">
<doc>Returns current local or UTC time with an optional increment.</doc>
<arguments>
<arg>result_format=%Y-%m-%d %H:%M:%S.%f</arg>
</arguments>
<assign>
<var>${CurrentDate}</var>
</assign>
<msg timestamp="20200128 16:44:45.078" level="INFO">${CurrentDate} = 2020-01-28 16:44:45.077152</msg>
<status status="PASS" starttime="20200128 16:44:45.077" endtime="20200128 16:44:45.078"></status>
</kw>
<kw name="Convert Date" library="DateTime">
<doc>Converts between supported `date formats`.</doc>
<arguments>
<arg>${CurrentDate}</arg>
<arg>datetime</arg>
</arguments>
<assign>
<var>${datetime}</var>
</assign>
<msg timestamp="20200128 16:44:45.078" level="INFO">${datetime} = 2020-01-28 16:44:45.077152</msg>
<status status="PASS" starttime="20200128 16:44:45.078" endtime="20200128 16:44:45.078"></status>
</kw>
<kw name="Generate Random String" library="String">
<doc>Generates a string with a desired ``length`` from the given ``chars``.</doc>
<arguments>
<arg>2</arg>
<arg>[UPPER]</arg>
</arguments>
<assign>
<var>${tex}</var>
</assign>
<msg timestamp="20200128 16:44:45.078" level="INFO">${tex} = MJ</msg>
<status status="PASS" starttime="20200128 16:44:45.078" endtime="20200128 16:44:45.078"></status>
</kw>
<kw name="Generate Random String" library="String">
<doc>Generates a string with a desired ``length`` from the given ``chars``.</doc>
<arguments>
<arg>2</arg>
<arg>[NUMBERS]</arg>
</arguments>
<assign>
<var>${num}</var>
</assign>
<msg timestamp="20200128 16:44:45.079" level="INFO">${num} = 16</msg>
<status status="PASS" starttime="20200128 16:44:45.079" endtime="20200128 16:44:45.079"></status>
</kw>
<msg timestamp="20200128 16:44:45.079" level="INFO">${curp} = VINR770919HDflTD16</msg>
<status status="PASS" starttime="20200128 16:44:45.077" endtime="20200128 16:44:45.079"></status>
</kw>
<kw name="Click" library="recursos">
<arguments>
<arg>//*[@id="Formulario"]/form/div[3]/div[1]/select/option[2]</arg>
</arguments>
<kw name="Click Element" library="SeleniumLibrary">
<doc>Click the element identified by ``locator``.</doc>
<arguments>
<arg>xpath=${arg1}</arg>
</arguments>
<msg timestamp="20200128 16:44:45.080" level="INFO">Clicking element 'xpath=//*[@id="Formulario"]/form/div[3]/div[1]/select/option[2]'.</msg>
<status status="PASS" starttime="20200128 16:44:45.080" endtime="20200128 16:44:45.379"></status>
</kw>
<status status="PASS" starttime="20200128 16:44:45.079" endtime="20200128 16:44:45.379"></status>
</kw>
<kw name="Texto" library="recursos">
<arguments>
<arg>(//input[contains(@formcontrolname,'curp')])[1]</arg>
<arg>${curp}</arg>
</arguments>
<kw name="Input Text" library="SeleniumLibrary">
<doc>Types the given ``text`` into the text field identified by ``locator``.</doc>
<arguments>
<arg>xpath=${arg1}</arg>
<arg>${arg2}</arg>
</arguments>
<msg timestamp="20200128 16:44:45.381" level="INFO">Typing text 'VINR770919HDflTD16' into text field 'xpath=(//input[contains(@formcontrolname,'curp')])[1]'.</msg>
<status status="PASS" starttime="20200128 16:44:45.381" endtime="20200128 16:44:45.989"></status>
</kw>
<status status="PASS" starttime="20200128 16:44:45.380" endtime="20200128 16:44:45.990"></status>
</kw>
<kw name="Scroll" library="recursos">
<arguments>
<arg>0</arg>
<arg>400</arg>
</arguments>
<kw name="Execute Javascript" library="SeleniumLibrary">
<doc>Executes the given JavaScript code with possible arguments.</doc>
<arguments>
<arg>window.scrollTo(${arg1},${arg2})</arg>
</arguments>
<msg timestamp="20200128 16:44:45.992" level="INFO">Executing JavaScript:
window.scrollTo(0,400)
Without any arguments.</msg>
<status status="PASS" starttime="20200128 16:44:45.991" endtime="20200128 16:44:46.111"></status>
</kw>
<status status="PASS" starttime="20200128 16:44:45.990" endtime="20200128 16:44:46.111"></status>
</kw>
<kw name="Dormir" library="recursos">
<arguments>
<arg>.2</arg>
</arguments>
<kw name="Sleep" library="BuiltIn">
<doc>Pauses the test executed for the given time.</doc>
<arguments>
<arg>${arg1}</arg>
</arguments>
<msg timestamp="20200128 16:44:46.315" level="INFO">Slept 200 milliseconds</msg>
<status status="PASS" starttime="20200128 16:44:46.113" endtime="20200128 16:44:46.315"></status>
</kw>
<status status="PASS" starttime="20200128 16:44:46.112" endtime="20200128 16:44:46.315"></status>
</kw>
<kw name="Texto" library="recursos">
<arguments>
<arg>//input[@formcontrolname='rfc']</arg>
<arg>${arg1}</arg>
</arguments>
<kw name="Input Text" library="SeleniumLibrary">
<doc>Types the given ``text`` into the text field identified by ``locator``.</doc>
<arguments>
<arg>xpath=${arg1}</arg>
<arg>${arg2}</arg>
</arguments>
<msg timestamp="20200128 16:44:46.318" level="INFO">Typing text 'VINR800718QA6' into text field 'xpath=//input[@formcontrolname='rfc']'.</msg>
<status status="PASS" starttime="20200128 16:44:46.317" endtime="20200128 16:44:46.880"></status>
</kw>
<status status="PASS" starttime="20200128 16:44:46.316" endtime="20200128 16:44:46.880"></status>
</kw>
<kw name="Dormir" library="recursos">
<arguments>
<arg>1</arg>
</arguments>
<kw name="Sleep" library="BuiltIn">
<doc>Pauses the test executed for the given time.</doc>
<arguments>
<arg>${arg1}</arg>
</arguments>
<msg timestamp="20200128 16:44:47.883" level="INFO">Slept 1 second</msg>
<status status="PASS" starttime="20200128 16:44:46.881" endtime="20200128 16:44:47.883"></status>
</kw>
<status status="PASS" starttime="20200128 16:44:46.880" endtime="20200128 16:44:47.884"></status>
</kw>
<kw name="Texto" library="recursos">
<arguments>
<arg>//input[@formcontrolname='rfc']</arg>
<arg>${arg1}</arg>
</arguments>
<kw name="Input Text" library="SeleniumLibrary">
<doc>Types the given ``text`` into the text field identified by ``locator``.</doc>
<arguments>
<arg>xpath=${arg1}</arg>
<arg>${arg2}</arg>
</arguments>
<msg timestamp="20200128 16:44:47.886" level="INFO">Typing text 'VINR800718QA6' into text field 'xpath=//input[@formcontrolname='rfc']'.</msg>
<kw name="Capture Page Screenshot" library="SeleniumLibrary">
<doc>Takes a screenshot of the current page and embeds it into a log file.</doc>
<msg timestamp="20200128 16:44:48.508" level="INFO" html="yes">&lt;/td&gt;&lt;/tr&gt;&lt;tr&gt;&lt;td colspan="3"&gt;&lt;a href="Suites.Test-selenium-screenshot-1.png"&gt;&lt;img src="Suites.Test-selenium-screenshot-1.png" width="800px"&gt;&lt;/a&gt;</msg>
<status status="PASS" starttime="20200128 16:44:48.066" endtime="20200128 16:44:48.508"></status>
</kw>
<msg timestamp="20200128 16:44:48.516" level="FAIL">InvalidElementStateException: Message: invalid element state: Element is not currently interactable and may not be manipulated
  (Session info: chrome=79.0.3945.130)
</msg>
<status status="FAIL" starttime="20200128 16:44:47.885" endtime="20200128 16:44:48.516"></status>
</kw>
<status status="FAIL" starttime="20200128 16:44:47.884" endtime="20200128 16:44:48.516"></status>
</kw>
<status status="FAIL" starttime="20200128 16:44:45.077" endtime="20200128 16:44:48.517"></status>
</kw>
<doc>PRUEBA TRAMITE 018 A</doc>
<tags>
<tag>tg01</tag>
</tags>
<status status="FAIL" starttime="20200128 16:44:33.085" endtime="20200128 16:44:48.517" critical="yes">InvalidElementStateException: Message: invalid element state: Element is not currently interactable and may not be manipulated
  (Session info: chrome=79.0.3945.130)
</status>
</test>
<doc>Casos de Prueba CC-04-2019-AMTIF-OT04</doc>
<status status="FAIL" starttime="20200128 16:44:32.549" endtime="20200128 16:44:48.521"></status>
</suite>
<doc>[https://pabot.org/?ref=log|Pabot] result from 2 executions.</doc>
<status status="FAIL" starttime="20200128 16:44:32.526" endtime="20200128 16:44:48.525"></status>
</suite>
<statistics>
<total>
<stat pass="0" fail="2">Critical Tests</stat>
<stat pass="0" fail="2">All Tests</stat>
</total>
<tag>
<stat pass="0" fail="2">tg01</stat>
</tag>
<suite>
<stat pass="0" fail="2" id="s1" name="Suites">Suites</stat>
<stat pass="0" fail="1" id="s1-s1" name="Test1">Suites.Test1</stat>
<stat pass="0" fail="1" id="s1-s2" name="Test">Suites.Test</stat>
</suite>
</statistics>
<errors>
</errors>
</robot>
